#
# A fatal error has been detected by the Java Runtime Environment:
#
#  SIGSEGV (0xb) at pc=0x0000000000000af1, pid=12457, tid=140502639933184
#
# JRE version: 6.0_45-b06
# Java VM: Java HotSpot(TM) 64-Bit Server VM (20.45-b01 mixed mode linux-amd64 compressed oops)
# Problematic frame:
# C  0x0000000000000af1
#
# If you would like to submit a bug report, please visit:
#   http://java.sun.com/webapps/bugreport/crash.jsp
# The crash happened outside the Java Virtual Machine in native code.
# See problematic frame for where to report the bug.
#

---------------  T H R E A D  ---------------

Current thread (0x00007fc94c00b800):  JavaThread "main" [_thread_in_native, id=12458, stack(0x00007fc951e17000,0x00007fc951f18000)]

siginfo:si_signo=SIGSEGV: si_errno=0, si_code=1 (SEGV_MAPERR), si_addr=0x0000000000000af1

Registers:
RAX=0x0000000000000af1, RBX=0x000000077e8d7fc8, RCX=0x0000000000000021, RDX=0x00007fc94c088670
RSP=0x00007fc951f158f8, RBP=0x00007fc951f15960, RSI=0x00007fc951f15990, RDI=0x00007fc94c088670
R8 =0x0000000000000000, R9 =0x00007fc952cad3d8, R10=0x00007fc949016ca8, R11=0x00007fc95299ad10
R12=0x0000000000000000, R13=0x000000077e8d7fc8, R14=0x00007fc951f15990, R15=0x00007fc94c00b800
RIP=0x0000000000000af1, EFLAGS=0x0000000000010202, CSGSFS=0x0000000000000033, ERR=0x0000000000000014
  TRAPNO=0x000000000000000e

Top of Stack: (sp=0x00007fc951f158f8)
0x00007fc951f158f8:   00007fc949016cd5 00007fc94c00c118
0x00007fc951f15908:   00007fc94c00c138 00007fc94c00c140
0x00007fc951f15918:   00007fc94c00c160 00007fc951f15920
0x00007fc951f15928:   0000000000000000 00007fc951f15990
0x00007fc951f15938:   000000077e8dd318 0000000000000000
0x00007fc951f15948:   000000077e8d7fc8 0000000000000000
0x00007fc951f15958:   00007fc951f15980 00007fc951f159d8
0x00007fc951f15968:   00007fc949005b02 0000000000000000
0x00007fc951f15978:   00007fc949012298 00007fc94c088670
0x00007fc951f15988:   000000077e7a89a7 00000007d6eb7db8
0x00007fc951f15998:   00007fc951f15998 000000077e8d7edd
0x00007fc951f159a8:   00007fc951f159e8 000000077e8dd318
0x00007fc951f159b8:   0000000000000000 000000077e8d7ef8
0x00007fc951f159c8:   00007fc951f15980 00007fc951f159e8
0x00007fc951f159d8:   00007fc951f15a30 00007fc949005b02
0x00007fc951f159e8:   00000007d6eb7db8 00007fc951f159f0
0x00007fc951f159f8:   000000077e529402 00007fc951f15a98
0x00007fc951f15a08:   000000077e57a250 0000000000000000
0x00007fc951f15a18:   000000077e529778 00007fc951f159e8
0x00007fc951f15a28:   00007fc951f15a98 00007fc951f15b00
0x00007fc951f15a38:   00007fc949000438 0000000000000000
0x00007fc951f15a48:   0000000000000000 0000000000000000
0x00007fc951f15a58:   0000000000000000 0000000000000000
0x00007fc951f15a68:   00000007d6eb7ea0 00000007d6eb7db8
0x00007fc951f15a78:   00000007d6eaef88 00000007d6eaeec0
0x00007fc951f15a88:   00000007d6e9f128 00000007d6e9dc10
0x00007fc951f15a98:   00000007d6e9d7c0 00007fc900001fa0
0x00007fc951f15aa8:   00007fc951f15b40 00007fc952cb28b8
0x00007fc951f15ab8:   00007fc951f15d79 00007fc94c00b800
0x00007fc951f15ac8:   00007fc9490003af 00007fc951f15b70
0x00007fc951f15ad8:   00007fc951f15db8 00007fc90000000a
0x00007fc951f15ae8:   000000077e529778 00007fc949014700 

Instructions: (pc=0x0000000000000af1)
0x0000000000000ad1:   
[error occurred during error reporting (printing registers, top of stack, instructions near pc), id 0xb]

Register to memory mapping:

RAX=0x0000000000000af1 is an unknown value
RBX=0x000000077e8d7fc8 is an oop
{method} 
 - klass: {other class}
RCX=0x0000000000000021 is an unknown value
RDX=0x00007fc94c088670 is an unknown value
RSP=0x00007fc951f158f8 is pointing into the stack for thread: 0x00007fc94c00b800
RBP=0x00007fc951f15960 is pointing into the stack for thread: 0x00007fc94c00b800
RSI=0x00007fc951f15990 is pointing into the stack for thread: 0x00007fc94c00b800
RDI=0x00007fc94c088670 is an unknown value
R8 =0x0000000000000000 is an unknown value
R9 =0x00007fc952cad3d8: <offset 0xa9e3d8> in /opt/sun-jdk-1.6.0.45/jre/lib/amd64/server/libjvm.so at 0x00007fc95220f000
R10=0x00007fc949016ca8 is an Interpreter codelet
method entry point (kind = native)  [0x00007fc949016800, 0x00007fc949017600]  3584 bytes
R11=0x00007fc95299ad10: <offset 0x78bd10> in /opt/sun-jdk-1.6.0.45/jre/lib/amd64/server/libjvm.so at 0x00007fc95220f000
R12=0x0000000000000000 is an unknown value
R13=0x000000077e8d7fc8 is an oop
{method} 
 - klass: {other class}
R14=0x00007fc951f15990 is pointing into the stack for thread: 0x00007fc94c00b800
R15=0x00007fc94c00b800 is a thread


Stack: [0x00007fc951e17000,0x00007fc951f18000],  sp=0x00007fc951f158f8,  free space=1018k
Native frames: (J=compiled Java code, j=interpreted, Vv=VM code, C=native code)
C  0x0000000000000af1
j  com.badlogic.gdx.physics.box2d.Shape.dispose()V+5
j  com.esotericsoftware.kryo.KryoPrototypeTest.testBox2dShape()V+290
v  ~StubRoutines::call_stub
V  [libjvm.so+0x4e14a0]  JavaCalls::call_helper(JavaValue*, methodHandle*, JavaCallArguments*, Thread*)+0x1e0
V  [libjvm.so+0x711a39]  os::os_exception_wrapper(void (*)(JavaValue*, methodHandle*, JavaCallArguments*, Thread*), JavaValue*, methodHandle*, JavaCallArguments*, Thread*)+0x19
V  [libjvm.so+0x4e12b5]  JavaCalls::call(JavaValue*, methodHandle, JavaCallArguments*, Thread*)+0x25
V  [libjvm.so+0x76ff59]  Reflection::invoke(instanceKlassHandle, methodHandle, Handle, bool, objArrayHandle, BasicType, objArrayHandle, bool, Thread*)+0x519
V  [libjvm.so+0x77416f]  Reflection::invoke_method(oopDesc*, Handle, objArrayHandle, Thread*)+0x11f
V  [libjvm.so+0x56f7ae]  JVM_InvokeMethod+0x21e
C  [libjava.so+0x196d5]  Java_sun_reflect_NativeMethodAccessorImpl_invoke0+0x15
j  sun.reflect.NativeMethodAccessorImpl.invoke(Ljava/lang/Object;[Ljava/lang/Object;)Ljava/lang/Object;+87
j  sun.reflect.DelegatingMethodAccessorImpl.invoke(Ljava/lang/Object;[Ljava/lang/Object;)Ljava/lang/Object;+6
j  java.lang.reflect.Method.invoke(Ljava/lang/Object;[Ljava/lang/Object;)Ljava/lang/Object;+161
j  org.junit.runners.model.FrameworkMethod$1.runReflectiveCall()Ljava/lang/Object;+15
j  org.junit.internal.runners.model.ReflectiveCallable.run()Ljava/lang/Object;+1
j  org.junit.runners.model.FrameworkMethod.invokeExplosively(Ljava/lang/Object;[Ljava/lang/Object;)Ljava/lang/Object;+10
j  org.junit.internal.runners.statements.InvokeMethod.evaluate()V+12
j  org.junit.runners.ParentRunner.runLeaf(Lorg/junit/runners/model/Statement;Lorg/junit/runner/Description;Lorg/junit/runner/notification/RunNotifier;)V+17
j  org.junit.runners.BlockJUnit4ClassRunner.runChild(Lorg/junit/runners/model/FrameworkMethod;Lorg/junit/runner/notification/RunNotifier;)V+32
j  org.junit.runners.BlockJUnit4ClassRunner.runChild(Ljava/lang/Object;Lorg/junit/runner/notification/RunNotifier;)V+6
j  org.junit.runners.ParentRunner$3.run()V+12
j  org.junit.runners.ParentRunner$1.schedule(Ljava/lang/Runnable;)V+1
j  org.junit.runners.ParentRunner.runChildren(Lorg/junit/runner/notification/RunNotifier;)V+40
j  org.junit.runners.ParentRunner.access$000(Lorg/junit/runners/ParentRunner;Lorg/junit/runner/notification/RunNotifier;)V+2
j  org.junit.runners.ParentRunner$2.evaluate()V+8
j  org.junit.internal.runners.statements.RunBefores.evaluate()V+49
j  org.junit.runners.ParentRunner.run(Lorg/junit/runner/notification/RunNotifier;)V+20
j  org.eclipse.jdt.internal.junit4.runner.JUnit4TestReference.run(Lorg/eclipse/jdt/internal/junit/runner/TestExecution;)V+72
j  org.eclipse.jdt.internal.junit.runner.TestExecution.run([Lorg/eclipse/jdt/internal/junit/runner/ITestReference;)V+17
j  org.eclipse.jdt.internal.junit.runner.RemoteTestRunner.runTests([Ljava/lang/String;Ljava/lang/String;Lorg/eclipse/jdt/internal/junit/runner/TestExecution;)V+61
j  org.eclipse.jdt.internal.junit.runner.RemoteTestRunner.runTests(Lorg/eclipse/jdt/internal/junit/runner/TestExecution;)V+10
j  org.eclipse.jdt.internal.junit.runner.RemoteTestRunner.run()V+70
j  org.eclipse.jdt.internal.junit.runner.RemoteTestRunner.main([Ljava/lang/String;)V+14
v  ~StubRoutines::call_stub
V  [libjvm.so+0x4e14a0]  JavaCalls::call_helper(JavaValue*, methodHandle*, JavaCallArguments*, Thread*)+0x1e0
V  [libjvm.so+0x711a39]  os::os_exception_wrapper(void (*)(JavaValue*, methodHandle*, JavaCallArguments*, Thread*), JavaValue*, methodHandle*, JavaCallArguments*, Thread*)+0x19
V  [libjvm.so+0x4e12b5]  JavaCalls::call(JavaValue*, methodHandle, JavaCallArguments*, Thread*)+0x25
V  [libjvm.so+0x51ce77]  jni_invoke_static(JNIEnv_*, JavaValue*, _jobject*, JNICallType, _jmethodID*, JNI_ArgumentPusher*, Thread*)+0x147
V  [libjvm.so+0x50a60f]  unsigned+0x20f

Java frames: (J=compiled Java code, j=interpreted, Vv=VM code)
j  com.badlogic.gdx.physics.box2d.Shape.jniDispose(J)V+0
j  com.badlogic.gdx.physics.box2d.Shape.dispose()V+5
j  com.esotericsoftware.kryo.KryoPrototypeTest.testBox2dShape()V+290
v  ~StubRoutines::call_stub
j  sun.reflect.NativeMethodAccessorImpl.invoke0(Ljava/lang/reflect/Method;Ljava/lang/Object;[Ljava/lang/Object;)Ljava/lang/Object;+0
j  sun.reflect.NativeMethodAccessorImpl.invoke(Ljava/lang/Object;[Ljava/lang/Object;)Ljava/lang/Object;+87
j  sun.reflect.DelegatingMethodAccessorImpl.invoke(Ljava/lang/Object;[Ljava/lang/Object;)Ljava/lang/Object;+6
j  java.lang.reflect.Method.invoke(Ljava/lang/Object;[Ljava/lang/Object;)Ljava/lang/Object;+161
j  org.junit.runners.model.FrameworkMethod$1.runReflectiveCall()Ljava/lang/Object;+15
j  org.junit.internal.runners.model.ReflectiveCallable.run()Ljava/lang/Object;+1
j  org.junit.runners.model.FrameworkMethod.invokeExplosively(Ljava/lang/Object;[Ljava/lang/Object;)Ljava/lang/Object;+10
j  org.junit.internal.runners.statements.InvokeMethod.evaluate()V+12
j  org.junit.runners.ParentRunner.runLeaf(Lorg/junit/runners/model/Statement;Lorg/junit/runner/Description;Lorg/junit/runner/notification/RunNotifier;)V+17
j  org.junit.runners.BlockJUnit4ClassRunner.runChild(Lorg/junit/runners/model/FrameworkMethod;Lorg/junit/runner/notification/RunNotifier;)V+32
j  org.junit.runners.BlockJUnit4ClassRunner.runChild(Ljava/lang/Object;Lorg/junit/runner/notification/RunNotifier;)V+6
j  org.junit.runners.ParentRunner$3.run()V+12
j  org.junit.runners.ParentRunner$1.schedule(Ljava/lang/Runnable;)V+1
j  org.junit.runners.ParentRunner.runChildren(Lorg/junit/runner/notification/RunNotifier;)V+40
j  org.junit.runners.ParentRunner.access$000(Lorg/junit/runners/ParentRunner;Lorg/junit/runner/notification/RunNotifier;)V+2
j  org.junit.runners.ParentRunner$2.evaluate()V+8
j  org.junit.internal.runners.statements.RunBefores.evaluate()V+49
j  org.junit.runners.ParentRunner.run(Lorg/junit/runner/notification/RunNotifier;)V+20
j  org.eclipse.jdt.internal.junit4.runner.JUnit4TestReference.run(Lorg/eclipse/jdt/internal/junit/runner/TestExecution;)V+72
j  org.eclipse.jdt.internal.junit.runner.TestExecution.run([Lorg/eclipse/jdt/internal/junit/runner/ITestReference;)V+17
j  org.eclipse.jdt.internal.junit.runner.RemoteTestRunner.runTests([Ljava/lang/String;Ljava/lang/String;Lorg/eclipse/jdt/internal/junit/runner/TestExecution;)V+61
j  org.eclipse.jdt.internal.junit.runner.RemoteTestRunner.runTests(Lorg/eclipse/jdt/internal/junit/runner/TestExecution;)V+10
j  org.eclipse.jdt.internal.junit.runner.RemoteTestRunner.run()V+70
j  org.eclipse.jdt.internal.junit.runner.RemoteTestRunner.main([Ljava/lang/String;)V+14
v  ~StubRoutines::call_stub

---------------  P R O C E S S  ---------------

Java Threads: ( => current thread )
  0x00007fc94c11d800 JavaThread "ReaderThread" [_thread_in_native, id=12486, stack(0x00007fc93afd1000,0x00007fc93b0d2000)]
  0x00007fc94c0a4800 JavaThread "Low Memory Detector" daemon [_thread_blocked, id=12484, stack(0x00007fc93b2ea000,0x00007fc93b3eb000)]
  0x00007fc94c0a2800 JavaThread "C2 CompilerThread1" daemon [_thread_blocked, id=12483, stack(0x00007fc93b3eb000,0x00007fc93b4ec000)]
  0x00007fc94c09f800 JavaThread "C2 CompilerThread0" daemon [_thread_blocked, id=12482, stack(0x00007fc93b4ec000,0x00007fc93b5ed000)]
  0x00007fc924001000 JavaThread "JDWP Command Reader" daemon [_thread_in_native, id=12477, stack(0x00007fc93b5ed000,0x00007fc93b6ee000)]
  0x00007fc94c09d800 JavaThread "JDWP Event Helper Thread" daemon [_thread_blocked, id=12476, stack(0x00007fc93b6ee000,0x00007fc93b7ef000)]
  0x00007fc94c099800 JavaThread "JDWP Transport Listener: dt_socket" daemon [_thread_blocked, id=12475, stack(0x00007fc93b7ef000,0x00007fc93b8f0000)]
  0x00007fc94c08d000 JavaThread "Signal Dispatcher" daemon [_thread_blocked, id=12473, stack(0x00007fc93bbfc000,0x00007fc93bcfd000)]
  0x00007fc94c071800 JavaThread "Finalizer" daemon [_thread_blocked, id=12469, stack(0x00007fc93bcfd000,0x00007fc93bdfe000)]
  0x00007fc94c070000 JavaThread "Reference Handler" daemon [_thread_blocked, id=12468, stack(0x00007fc93bdfe000,0x00007fc93beff000)]
=>0x00007fc94c00b800 JavaThread "main" [_thread_in_native, id=12458, stack(0x00007fc951e17000,0x00007fc951f18000)]

Other Threads:
  0x00007fc94c069000 VMThread [stack: 0x00007fc93beff000,0x00007fc93c000000] [id=12467]
  0x00007fc94c0a7800 WatcherThread [stack: 0x00007fc93b1e9000,0x00007fc93b2ea000] [id=12485]

VM state:not at safepoint (normal execution)

VM Mutex/Monitor currently owned by a thread: None

Heap
 PSYoungGen      total 37248K, used 8306K [0x00000007d66b0000, 0x00000007d9040000, 0x0000000800000000)
  eden space 31936K, 26% used [0x00000007d66b0000,0x00000007d6ecc8d0,0x00000007d85e0000)
  from space 5312K, 0% used [0x00000007d8b10000,0x00000007d8b10000,0x00000007d9040000)
  to   space 5312K, 0% used [0x00000007d85e0000,0x00000007d85e0000,0x00000007d8b10000)
 PSOldGen        total 85120K, used 0K [0x0000000783400000, 0x0000000788720000, 0x00000007d66b0000)
  object space 85120K, 0% used [0x0000000783400000,0x0000000783400000,0x0000000788720000)
 PSPermGen       total 21248K, used 7230K [0x000000077e200000, 0x000000077f6c0000, 0x0000000783400000)
  object space 21248K, 34% used [0x000000077e200000,0x000000077e90fba0,0x000000077f6c0000)

Code Cache  [0x00007fc949000000, 0x00007fc949270000, 0x00007fc94c000000)
 total_blobs=251 nmethods=23 adapters=191 free_code_cache=49854464 largest_free_block=8896

Dynamic libraries:
3ff00000-40009000 r-xp 00000000 08:22 4496445                            /opt/sun-jdk-1.6.0.45/bin/java
40108000-4010a000 rwxp 00108000 08:22 4496445                            /opt/sun-jdk-1.6.0.45/bin/java
4010a000-4012b000 rwxp 00000000 00:00 0                                  [heap]
77e200000-77f6c0000 rwxp 00000000 00:00 0 
77f6c0000-783400000 rwxp 00000000 00:00 0 
783400000-788720000 rwxp 00000000 00:00 0 
788720000-7d66b0000 rwxp 00000000 00:00 0 
7d66b0000-7d9040000 rwxp 00000000 00:00 0 
7d9040000-800000000 rwxp 00000000 00:00 0 
7fc900000000-7fc900021000 rwxp 00000000 00:00 0 
7fc900021000-7fc904000000 ---p 00000000 00:00 0 
7fc908000000-7fc908021000 rwxp 00000000 00:00 0 
7fc908021000-7fc90c000000 ---p 00000000 00:00 0 
7fc90c000000-7fc90c021000 rwxp 00000000 00:00 0 
7fc90c021000-7fc910000000 ---p 00000000 00:00 0 
7fc910000000-7fc910264000 rwxp 00000000 00:00 0 
7fc910264000-7fc914000000 ---p 00000000 00:00 0 
7fc914000000-7fc91422c000 rwxp 00000000 00:00 0 
7fc91422c000-7fc918000000 ---p 00000000 00:00 0 
7fc918000000-7fc918021000 rwxp 00000000 00:00 0 
7fc918021000-7fc91c000000 ---p 00000000 00:00 0 
7fc91c000000-7fc91c021000 rwxp 00000000 00:00 0 
7fc91c021000-7fc920000000 ---p 00000000 00:00 0 
7fc920000000-7fc920021000 rwxp 00000000 00:00 0 
7fc920021000-7fc924000000 ---p 00000000 00:00 0 
7fc924000000-7fc924021000 rwxp 00000000 00:00 0 
7fc924021000-7fc928000000 ---p 00000000 00:00 0 
7fc928000000-7fc928021000 rwxp 00000000 00:00 0 
7fc928021000-7fc92c000000 ---p 00000000 00:00 0 
7fc92c000000-7fc92c021000 rwxp 00000000 00:00 0 
7fc92c021000-7fc930000000 ---p 00000000 00:00 0 
7fc930000000-7fc930021000 rwxp 00000000 00:00 0 
7fc930021000-7fc934000000 ---p 00000000 00:00 0 
7fc934000000-7fc934021000 rwxp 00000000 00:00 0 
7fc934021000-7fc938000000 ---p 00000000 00:00 0 
7fc93a848000-7fc93a85d000 r-xp 00000000 08:22 4424466                    /usr/lib64/gcc/x86_64-pc-linux-gnu/4.6.3/libgcc_s.so.1
7fc93a85d000-7fc93aa5c000 ---p 00015000 08:22 4424466                    /usr/lib64/gcc/x86_64-pc-linux-gnu/4.6.3/libgcc_s.so.1
7fc93aa5c000-7fc93aa5d000 r-xp 00014000 08:22 4424466                    /usr/lib64/gcc/x86_64-pc-linux-gnu/4.6.3/libgcc_s.so.1
7fc93aa5d000-7fc93aa5e000 rwxp 00015000 08:22 4424466                    /usr/lib64/gcc/x86_64-pc-linux-gnu/4.6.3/libgcc_s.so.1
7fc93aa5e000-7fc93ab43000 r-xp 00000000 08:22 4424330                    /usr/lib64/gcc/x86_64-pc-linux-gnu/4.6.3/libstdc++.so.6.0.16
7fc93ab43000-7fc93ad42000 ---p 000e5000 08:22 4424330                    /usr/lib64/gcc/x86_64-pc-linux-gnu/4.6.3/libstdc++.so.6.0.16
7fc93ad42000-7fc93ad4a000 r-xp 000e4000 08:22 4424330                    /usr/lib64/gcc/x86_64-pc-linux-gnu/4.6.3/libstdc++.so.6.0.16
7fc93ad4a000-7fc93ad4c000 rwxp 000ec000 08:22 4424330                    /usr/lib64/gcc/x86_64-pc-linux-gnu/4.6.3/libstdc++.so.6.0.16
7fc93ad4c000-7fc93ad61000 rwxp 00000000 00:00 0 
7fc93ad61000-7fc93adcd000 r-xp 00000000 08:22 3408383                    /tmp/libgdxsenth/8f21cf0/libgdx64.so
7fc93adcd000-7fc93afcd000 ---p 0006c000 08:22 3408383                    /tmp/libgdxsenth/8f21cf0/libgdx64.so
7fc93afcd000-7fc93afcf000 r-xp 0006c000 08:22 3408383                    /tmp/libgdxsenth/8f21cf0/libgdx64.so
7fc93afcf000-7fc93afd0000 rwxp 0006e000 08:22 3408383                    /tmp/libgdxsenth/8f21cf0/libgdx64.so
7fc93afd0000-7fc93afd1000 rwxp 00000000 00:00 0 
7fc93afd1000-7fc93afd4000 ---p 00000000 00:00 0 
7fc93afd4000-7fc93b0d2000 rwxp 00000000 00:00 0                          [stack:12486]
7fc93b0d2000-7fc93b0e5000 r-xp 00000000 08:22 4496630                    /opt/sun-jdk-1.6.0.45/jre/lib/amd64/libnet.so
7fc93b0e5000-7fc93b1e6000 ---p 00013000 08:22 4496630                    /opt/sun-jdk-1.6.0.45/jre/lib/amd64/libnet.so
7fc93b1e6000-7fc93b1e9000 rwxp 00014000 08:22 4496630                    /opt/sun-jdk-1.6.0.45/jre/lib/amd64/libnet.so
7fc93b1e9000-7fc93b1ea000 ---p 00000000 00:00 0 
7fc93b1ea000-7fc93b2ea000 rwxp 00000000 00:00 0                          [stack:12485]
7fc93b2ea000-7fc93b2ed000 ---p 00000000 00:00 0 
7fc93b2ed000-7fc93b3eb000 rwxp 00000000 00:00 0                          [stack:12484]
7fc93b3eb000-7fc93b3ee000 ---p 00000000 00:00 0 
7fc93b3ee000-7fc93b4ec000 rwxp 00000000 00:00 0                          [stack:12483]
7fc93b4ec000-7fc93b4ef000 ---p 00000000 00:00 0 
7fc93b4ef000-7fc93b5ed000 rwxp 00000000 00:00 0                          [stack:12482]
7fc93b5ed000-7fc93b5f0000 ---p 00000000 00:00 0 
7fc93b5f0000-7fc93b6ee000 rwxp 00000000 00:00 0                          [stack:12477]
7fc93b6ee000-7fc93b6f1000 ---p 00000000 00:00 0 
7fc93b6f1000-7fc93b7ef000 rwxp 00000000 00:00 0                          [stack:12476]
7fc93b7ef000-7fc93b7f2000 ---p 00000000 00:00 0 
7fc93b7f2000-7fc93b8f0000 rwxp 00000000 00:00 0                          [stack:12475]
7fc93b8f0000-7fc93b8f7000 r-xp 00000000 08:22 792419                     /lib64/libnss_db-2.15.so
7fc93b8f7000-7fc93baf6000 ---p 00007000 08:22 792419                     /lib64/libnss_db-2.15.so
7fc93baf6000-7fc93baf7000 r-xp 00006000 08:22 792419                     /lib64/libnss_db-2.15.so
7fc93baf7000-7fc93baf8000 rwxp 00007000 08:22 792419                     /lib64/libnss_db-2.15.so
7fc93baf8000-7fc93bafb000 r-xp 00000000 08:22 4496529                    /opt/sun-jdk-1.6.0.45/jre/lib/amd64/libdt_socket.so
7fc93bafb000-7fc93bbfa000 ---p 00003000 08:22 4496529                    /opt/sun-jdk-1.6.0.45/jre/lib/amd64/libdt_socket.so
7fc93bbfa000-7fc93bbfc000 rwxp 00002000 08:22 4496529                    /opt/sun-jdk-1.6.0.45/jre/lib/amd64/libdt_socket.so
7fc93bbfc000-7fc93bbff000 ---p 00000000 00:00 0 
7fc93bbff000-7fc93bcfd000 rwxp 00000000 00:00 0                          [stack:12473]
7fc93bcfd000-7fc93bd00000 ---p 00000000 00:00 0 
7fc93bd00000-7fc93bdfe000 rwxp 00000000 00:00 0                          [stack:12469]
7fc93bdfe000-7fc93be01000 ---p 00000000 00:00 0 
7fc93be01000-7fc93beff000 rwxp 00000000 00:00 0                          [stack:12468]
7fc93beff000-7fc93bf00000 ---p 00000000 00:00 0 
7fc93bf00000-7fc93c000000 rwxp 00000000 00:00 0                          [stack:12467]
7fc93c000000-7fc93c021000 rwxp 00000000 00:00 0 
7fc93c021000-7fc940000000 ---p 00000000 00:00 0 
7fc940000000-7fc940021000 rwxp 00000000 00:00 0 
7fc940021000-7fc944000000 ---p 00000000 00:00 0 
7fc944000000-7fc944021000 rwxp 00000000 00:00 0 
7fc944021000-7fc948000000 ---p 00000000 00:00 0 
7fc9480b6000-7fc9485bb000 rwxp 00000000 00:00 0 
7fc9485bb000-7fc948754000 r-xs 03087000 08:22 4496975                    /opt/sun-jdk-1.6.0.45/jre/lib/rt.jar
7fc948754000-7fc948755000 ---p 00000000 00:00 0 
7fc948755000-7fc948855000 rwxp 00000000 00:00 0                          [stack:12462]
7fc948855000-7fc948856000 ---p 00000000 00:00 0 
7fc948856000-7fc948980000 rwxp 00000000 00:00 0                          [stack:12461]
7fc948980000-7fc948bf0000 rwxp 00000000 00:00 0 
7fc948bf0000-7fc948bfb000 rwxp 00000000 00:00 0 
7fc948bfb000-7fc948c19000 rwxp 00000000 00:00 0 
7fc948c19000-7fc948c43000 rwxp 00000000 00:00 0 
7fc948c43000-7fc948eb2000 rwxp 00000000 00:00 0 
7fc948eb2000-7fc948ec8000 rwxp 00000000 00:00 0 
7fc948ec8000-7fc948fff000 rwxp 00000000 00:00 0 
7fc948fff000-7fc949270000 rwxp 00000000 00:00 0 
7fc949270000-7fc94c2a6000 rwxp 00000000 00:00 0 
7fc94c2a6000-7fc950000000 ---p 00000000 00:00 0 
7fc950012000-7fc950043000 rwxp 00000000 00:00 0 
7fc95006a000-7fc95006b000 ---p 00000000 00:00 0 
7fc95006b000-7fc95016b000 rwxp 00000000 00:00 0                          [stack:12460]
7fc95016b000-7fc95016c000 ---p 00000000 00:00 0 
7fc95016c000-7fc950276000 rwxp 00000000 00:00 0                          [stack:12459]
7fc950276000-7fc95032c000 rwxp 00000000 00:00 0 
7fc95032c000-7fc95033a000 r-xp 00000000 08:22 4496502                    /opt/sun-jdk-1.6.0.45/jre/lib/amd64/libzip.so
7fc95033a000-7fc95043c000 ---p 0000e000 08:22 4496502                    /opt/sun-jdk-1.6.0.45/jre/lib/amd64/libzip.so
7fc95043c000-7fc95043f000 rwxp 00010000 08:22 4496502                    /opt/sun-jdk-1.6.0.45/jre/lib/amd64/libzip.so
7fc95043f000-7fc950440000 rwxp 00000000 00:00 0 
7fc950440000-7fc95044c000 r-xp 00000000 08:22 792418                     /lib64/libnss_files-2.15.so
7fc95044c000-7fc95064c000 ---p 0000c000 08:22 792418                     /lib64/libnss_files-2.15.so
7fc95064c000-7fc95064d000 r-xp 0000c000 08:22 792418                     /lib64/libnss_files-2.15.so
7fc95064d000-7fc95064e000 rwxp 0000d000 08:22 792418                     /lib64/libnss_files-2.15.so
7fc95064e000-7fc950658000 r-xp 00000000 08:22 792457                     /lib64/libnss_nis-2.15.so
7fc950658000-7fc950858000 ---p 0000a000 08:22 792457                     /lib64/libnss_nis-2.15.so
7fc950858000-7fc950859000 r-xp 0000a000 08:22 792457                     /lib64/libnss_nis-2.15.so
7fc950859000-7fc95085a000 rwxp 0000b000 08:22 792457                     /lib64/libnss_nis-2.15.so
7fc95085a000-7fc950861000 r-xp 00000000 08:22 792459                     /lib64/libnss_compat-2.15.so
7fc950861000-7fc950a61000 ---p 00007000 08:22 792459                     /lib64/libnss_compat-2.15.so
7fc950a61000-7fc950a62000 r-xp 00007000 08:22 792459                     /lib64/libnss_compat-2.15.so
7fc950a62000-7fc950a63000 rwxp 00008000 08:22 792459                     /lib64/libnss_compat-2.15.so
7fc950a63000-7fc951576000 r-xp 00000000 08:22 5251173                    /usr/lib64/locale/locale-archive
7fc951576000-7fc951579000 r-xp 00000000 08:22 4496587                    /opt/sun-jdk-1.6.0.45/jre/lib/amd64/libnpt.so
7fc951579000-7fc951678000 ---p 00003000 08:22 4496587                    /opt/sun-jdk-1.6.0.45/jre/lib/amd64/libnpt.so
7fc951678000-7fc951679000 rwxp 00002000 08:22 4496587                    /opt/sun-jdk-1.6.0.45/jre/lib/amd64/libnpt.so
7fc951679000-7fc9516af000 r-xp 00000000 08:22 4496627                    /opt/sun-jdk-1.6.0.45/jre/lib/amd64/libjdwp.so
7fc9516af000-7fc9517ae000 ---p 00036000 08:22 4496627                    /opt/sun-jdk-1.6.0.45/jre/lib/amd64/libjdwp.so
7fc9517ae000-7fc9517b8000 rwxp 00035000 08:22 4496627                    /opt/sun-jdk-1.6.0.45/jre/lib/amd64/libjdwp.so
7fc9517b8000-7fc9517cd000 r-xp 00000000 08:22 792456                     /lib64/libnsl-2.15.so
7fc9517cd000-7fc9519cc000 ---p 00015000 08:22 792456                     /lib64/libnsl-2.15.so
7fc9519cc000-7fc9519cd000 r-xp 00014000 08:22 792456                     /lib64/libnsl-2.15.so
7fc9519cd000-7fc9519ce000 rwxp 00015000 08:22 792456                     /lib64/libnsl-2.15.so
7fc9519ce000-7fc9519d0000 rwxp 00000000 00:00 0 
7fc9519d0000-7fc9519f9000 r-xp 00000000 08:22 4496533                    /opt/sun-jdk-1.6.0.45/jre/lib/amd64/libjava.so
7fc9519f9000-7fc951af8000 ---p 00029000 08:22 4496533                    /opt/sun-jdk-1.6.0.45/jre/lib/amd64/libjava.so
7fc951af8000-7fc951aff000 rwxp 00028000 08:22 4496533                    /opt/sun-jdk-1.6.0.45/jre/lib/amd64/libjava.so
7fc951aff000-7fc951b0c000 r-xp 00000000 08:22 4496511                    /opt/sun-jdk-1.6.0.45/jre/lib/amd64/libverify.so
7fc951b0c000-7fc951c0b000 ---p 0000d000 08:22 4496511                    /opt/sun-jdk-1.6.0.45/jre/lib/amd64/libverify.so
7fc951c0b000-7fc951c0e000 rwxp 0000c000 08:22 4496511                    /opt/sun-jdk-1.6.0.45/jre/lib/amd64/libverify.so
7fc951c0e000-7fc951c16000 r-xp 00000000 08:22 792422                     /lib64/librt-2.15.so
7fc951c16000-7fc951e15000 ---p 00008000 08:22 792422                     /lib64/librt-2.15.so
7fc951e15000-7fc951e16000 r-xp 00007000 08:22 792422                     /lib64/librt-2.15.so
7fc951e16000-7fc951e17000 rwxp 00008000 08:22 792422                     /lib64/librt-2.15.so
7fc951e17000-7fc951e1a000 ---p 00000000 00:00 0 
7fc951e1a000-7fc951f18000 rwxp 00000000 00:00 0                          [stack:12458]
7fc951f18000-7fc95200e000 r-xp 00000000 08:22 792389                     /lib64/libm-2.15.so
7fc95200e000-7fc95220d000 ---p 000f6000 08:22 792389                     /lib64/libm-2.15.so
7fc95220d000-7fc95220e000 r-xp 000f5000 08:22 792389                     /lib64/libm-2.15.so
7fc95220e000-7fc95220f000 rwxp 000f6000 08:22 792389                     /lib64/libm-2.15.so
7fc95220f000-7fc952b2d000 r-xp 00000000 08:22 4496543                    /opt/sun-jdk-1.6.0.45/jre/lib/amd64/server/libjvm.so
7fc952b2d000-7fc952c2f000 ---p 0091e000 08:22 4496543                    /opt/sun-jdk-1.6.0.45/jre/lib/amd64/server/libjvm.so
7fc952c2f000-7fc952de5000 rwxp 00920000 08:22 4496543                    /opt/sun-jdk-1.6.0.45/jre/lib/amd64/server/libjvm.so
7fc952de5000-7fc952e1f000 rwxp 00000000 00:00 0 
7fc952e1f000-7fc952fc0000 r-xp 00000000 08:22 792470                     /lib64/libc-2.15.so
7fc952fc0000-7fc9531c0000 ---p 001a1000 08:22 792470                     /lib64/libc-2.15.so
7fc9531c0000-7fc9531c4000 r-xp 001a1000 08:22 792470                     /lib64/libc-2.15.so
7fc9531c4000-7fc9531c6000 rwxp 001a5000 08:22 792470                     /lib64/libc-2.15.so
7fc9531c6000-7fc9531ca000 rwxp 00000000 00:00 0 
7fc9531ca000-7fc9531cc000 r-xp 00000000 08:22 792393                     /lib64/libdl-2.15.so
7fc9531cc000-7fc9533cc000 ---p 00002000 08:22 792393                     /lib64/libdl-2.15.so
7fc9533cc000-7fc9533cd000 r-xp 00002000 08:22 792393                     /lib64/libdl-2.15.so
7fc9533cd000-7fc9533ce000 rwxp 00003000 08:22 792393                     /lib64/libdl-2.15.so
7fc9533ce000-7fc9533e6000 r-xp 00000000 08:22 792098                     /lib64/libpthread-2.15.so
7fc9533e6000-7fc9535e5000 ---p 00018000 08:22 792098                     /lib64/libpthread-2.15.so
7fc9535e5000-7fc9535e6000 r-xp 00017000 08:22 792098                     /lib64/libpthread-2.15.so
7fc9535e6000-7fc9535e7000 rwxp 00018000 08:22 792098                     /lib64/libpthread-2.15.so
7fc9535e7000-7fc9535eb000 rwxp 00000000 00:00 0 
7fc9535eb000-7fc95360d000 r-xp 00000000 08:22 792469                     /lib64/ld-2.15.so
7fc95362a000-7fc95362b000 r-xs 0018b000 08:22 2230225                    /home/senth/repositories/voider-eclipse/voider/game/src/Voider-desktop/libs/gdx-natives.jar
7fc95362b000-7fc95363d000 r-xs 00126000 08:22 2230253                    /home/senth/repositories/voider-eclipse/voider/game/src/Voider-desktop/libs/gdx-backend-lwjgl.jar
7fc95363d000-7fc95363f000 r-xs 0000b000 08:22 2230242                    /home/senth/repositories/voider-eclipse/voider/game/src/Voider-desktop/libs/gdx-backend-lwjgl-sources.jar
7fc95363f000-7fc953641000 r-xs 0019e000 08:22 2230252                    /home/senth/repositories/voider-eclipse/voider/game/src/Voider-desktop/libs/gdx-backend-lwjgl-natives.jar
7fc953641000-7fc95364e000 r-xs 000d9000 08:22 2230277                    /home/senth/repositories/voider-eclipse/voider/game/src/Voider/libs/gdx-sources.jar
7fc95364e000-7fc953662000 r-xs 00136000 08:22 2230258                    /home/senth/repositories/voider-eclipse/voider/game/src/Voider/libs/gdx.jar
7fc953662000-7fc9536c1000 rwxp 00000000 00:00 0 
7fc9536c1000-7fc9536c8000 r-xp 00000000 08:22 4496523                    /opt/sun-jdk-1.6.0.45/jre/lib/amd64/jli/libjli.so
7fc9536c8000-7fc9537c9000 ---p 00007000 08:22 4496523                    /opt/sun-jdk-1.6.0.45/jre/lib/amd64/jli/libjli.so
7fc9537c9000-7fc9537cb000 rwxp 00008000 08:22 4496523                    /opt/sun-jdk-1.6.0.45/jre/lib/amd64/jli/libjli.so
7fc9537cb000-7fc9537cc000 rwxp 00000000 00:00 0 
7fc9537cc000-7fc9537d1000 r-xs 00037000 08:22 2234291                    /home/senth/repositories/voider-eclipse/voider/game/src/Voider/libs/kryo-debug-2.21-all.jar
7fc9537d1000-7fc9537d2000 r-xs 00006000 08:22 2236701                    /usr/share/eclipse/plugins/org.hamcrest.core_1.1.0.v20090501071000.jar
7fc9537d2000-7fc9537d8000 r-xs 00034000 08:22 2236842                    /usr/share/eclipse/plugins/org.junit_4.10.0.v4_10_0_v20120426-0900/junit.jar
7fc9537d8000-7fc9537e3000 rwxp 00000000 00:00 0 
7fc9537e3000-7fc953801000 rwxp 00000000 00:00 0 
7fc953801000-7fc953809000 rwxs 00000000 08:22 3408345                    /tmp/hsperfdata_senth/12457
7fc953809000-7fc95380a000 rwxp 00000000 00:00 0 
7fc95380a000-7fc95380b000 r-xp 00000000 00:00 0 
7fc95380b000-7fc95380c000 rwxp 00000000 00:00 0 
7fc95380c000-7fc95380d000 r-xp 00021000 08:22 792469                     /lib64/ld-2.15.so
7fc95380d000-7fc95380e000 rwxp 00022000 08:22 792469                     /lib64/ld-2.15.so
7fc95380e000-7fc95380f000 rwxp 00000000 00:00 0 
7ffff1d8d000-7ffff1daf000 rwxp 00000000 00:00 0                          [stack]
7ffff1dff000-7ffff1e00000 r-xp 00000000 00:00 0                          [vdso]
ffffffffff600000-ffffffffff601000 r-xp 00000000 00:00 0                  [vsyscall]

VM Arguments:
jvm_args: -agentlib:jdwp=transport=dt_socket,suspend=y,address=localhost:59562 -Dfile.encoding=UTF-8 
java_command: org.eclipse.jdt.internal.junit.runner.RemoteTestRunner -version 3 -port 35297 -testLoaderClass org.eclipse.jdt.internal.junit4.runner.JUnit4TestLoader -loaderpluginname org.eclipse.jdt.junit4.runtime -classNames com.esotericsoftware.kryo.KryoPrototypeTest
Launcher Type: SUN_STANDARD

Environment Variables:
JAVA_HOME=/home/senth/.gentoo/java-config-2/current-user-vm
PATH=/usr/local/bin:/usr/bin:/bin:/opt/bin:/usr/x86_64-pc-linux-gnu/gcc-bin/4.6.3:/opt/nvidia-cg-toolkit/bin:/usr/lib64/subversion/bin:/usr/games/bin
LD_LIBRARY_PATH=/opt/sun-jdk-1.6.0.45/jre/lib/amd64/server:/opt/sun-jdk-1.6.0.45/jre/lib/amd64:/opt/sun-jdk-1.6.0.45/jre/../lib/amd64
SHELL=/bin/zsh
DISPLAY=:0

Signal Handlers:
SIGSEGV: [libjvm.so+0x862a30], sa_mask[0]=0x7ffbfeff, sa_flags=0x10000004
SIGBUS: [libjvm.so+0x862a30], sa_mask[0]=0x7ffbfeff, sa_flags=0x10000004
SIGFPE: [libjvm.so+0x7106f0], sa_mask[0]=0x7ffbfeff, sa_flags=0x10000004
SIGPIPE: [libjvm.so+0x7106f0], sa_mask[0]=0x7ffbfeff, sa_flags=0x10000004
SIGXFSZ: [libjvm.so+0x7106f0], sa_mask[0]=0x7ffbfeff, sa_flags=0x10000004
SIGILL: [libjvm.so+0x7106f0], sa_mask[0]=0x7ffbfeff, sa_flags=0x10000004
SIGUSR1: SIG_DFL, sa_mask[0]=0x00000000, sa_flags=0x00000000
SIGUSR2: [libjvm.so+0x713520], sa_mask[0]=0x00000004, sa_flags=0x10000004
SIGHUP: [libjvm.so+0x713120], sa_mask[0]=0x7ffbfeff, sa_flags=0x10000004
SIGINT: [libjvm.so+0x713120], sa_mask[0]=0x7ffbfeff, sa_flags=0x10000004
SIGTERM: [libjvm.so+0x713120], sa_mask[0]=0x7ffbfeff, sa_flags=0x10000004
SIGQUIT: [libjvm.so+0x713120], sa_mask[0]=0x7ffbfeff, sa_flags=0x10000004


---------------  S Y S T E M  ---------------

OS:Gentoo Base System release 2.2

uname:Linux 3.8.13-gentoo #3 SMP Fri Aug 9 10:10:06 CEST 2013 x86_64
libc:glibc 2.15 NPTL 2.15 
rlimit: STACK 8192k, CORE 0k, NPROC 63815, NOFILE 4096, AS infinity
load average:1.01 0.65 0.55

/proc/meminfo:
MemTotal:        8168844 kB
MemFree:          650348 kB
Buffers:          604472 kB
Cached:          1133796 kB
SwapCached:            0 kB
Active:          6262072 kB
Inactive:         786000 kB
Active(anon):    5369564 kB
Inactive(anon):    42768 kB
Active(file):     892508 kB
Inactive(file):   743232 kB
Unevictable:           4 kB
Mlocked:               4 kB
SwapTotal:             0 kB
SwapFree:              0 kB
Dirty:               504 kB
Writeback:             0 kB
AnonPages:       5309776 kB
Mapped:           238856 kB
Shmem:            102520 kB
Slab:             320880 kB
SReclaimable:     243640 kB
SUnreclaim:        77240 kB
KernelStack:        5752 kB
PageTables:        80700 kB
NFS_Unstable:          0 kB
Bounce:                0 kB
WritebackTmp:          0 kB
CommitLimit:     4084420 kB
Committed_AS:   16433452 kB
VmallocTotal:   34359738367 kB
VmallocUsed:       67452 kB
VmallocChunk:   34359627771 kB
DirectMap4k:      390656 kB
DirectMap2M:     7997440 kB


CPU:total 4 (4 cores per cpu, 1 threads per core) family 6 model 23 stepping 6, cmov, cx8, fxsr, mmx, sse, sse2, sse3, ssse3, sse4.1

/proc/cpuinfo:
processor	: 0
vendor_id	: GenuineIntel
cpu family	: 6
model		: 23
model name	: Intel(R) Core(TM)2 Extreme CPU X9650  @ 3.00GHz
stepping	: 6
microcode	: 0x60b
cpu MHz		: 1998.000
cache size	: 6144 KB
physical id	: 0
siblings	: 4
core id		: 0
cpu cores	: 4
apicid		: 0
initial apicid	: 0
fpu		: yes
fpu_exception	: yes
cpuid level	: 10
wp		: yes
flags		: fpu vme de pse tsc msr pae mce cx8 apic sep mtrr pge mca cmov pat pse36 clflush dts acpi mmx fxsr sse sse2 ss ht tm pbe syscall nx lm constant_tsc arch_perfmon pebs bts rep_good nopl aperfmperf pni dtes64 monitor ds_cpl vmx est tm2 ssse3 cx16 xtpr pdcm sse4_1 lahf_lm dtherm tpr_shadow vnmi flexpriority
bogomips	: 6010.75
clflush size	: 64
cache_alignment	: 64
address sizes	: 36 bits physical, 48 bits virtual
power management:

processor	: 1
vendor_id	: GenuineIntel
cpu family	: 6
model		: 23
model name	: Intel(R) Core(TM)2 Extreme CPU X9650  @ 3.00GHz
stepping	: 6
microcode	: 0x60b
cpu MHz		: 1998.000
cache size	: 6144 KB
physical id	: 0
siblings	: 4
core id		: 1
cpu cores	: 4
apicid		: 1
initial apicid	: 1
fpu		: yes
fpu_exception	: yes
cpuid level	: 10
wp		: yes
flags		: fpu vme de pse tsc msr pae mce cx8 apic sep mtrr pge mca cmov pat pse36 clflush dts acpi mmx fxsr sse sse2 ss ht tm pbe syscall nx lm constant_tsc arch_perfmon pebs bts rep_good nopl aperfmperf pni dtes64 monitor ds_cpl vmx est tm2 ssse3 cx16 xtpr pdcm sse4_1 lahf_lm dtherm tpr_shadow vnmi flexpriority
bogomips	: 6010.75
clflush size	: 64
cache_alignment	: 64
address sizes	: 36 bits physical, 48 bits virtual
power management:

processor	: 2
vendor_id	: GenuineIntel
cpu family	: 6
model		: 23
model name	: Intel(R) Core(TM)2 Extreme CPU X9650  @ 3.00GHz
stepping	: 6
microcode	: 0x60b
cpu MHz		: 1998.000
cache size	: 6144 KB
physical id	: 0
siblings	: 4
core id		: 2
cpu cores	: 4
apicid		: 2
initial apicid	: 2
fpu		: yes
fpu_exception	: yes
cpuid level	: 10
wp		: yes
flags		: fpu vme de pse tsc msr pae mce cx8 apic sep mtrr pge mca cmov pat pse36 clflush dts acpi mmx fxsr sse sse2 ss ht tm pbe syscall nx lm constant_tsc arch_perfmon pebs bts rep_good nopl aperfmperf pni dtes64 monitor ds_cpl vmx est tm2 ssse3 cx16 xtpr pdcm sse4_1 lahf_lm dtherm tpr_shadow vnmi flexpriority
bogomips	: 6010.75
clflush size	: 64
cache_alignment	: 64
address sizes	: 36 bits physical, 48 bits virtual
power management:

processor	: 3
vendor_id	: GenuineIntel
cpu family	: 6
model		: 23
model name	: Intel(R) Core(TM)2 Extreme CPU X9650  @ 3.00GHz
stepping	: 6
microcode	: 0x60b
cpu MHz		: 1998.000
cache size	: 6144 KB
physical id	: 0
siblings	: 4
core id		: 3
cpu cores	: 4
apicid		: 3
initial apicid	: 3
fpu		: yes
fpu_exception	: yes
cpuid level	: 10
wp		: yes
flags		: fpu vme de pse tsc msr pae mce cx8 apic sep mtrr pge mca cmov pat pse36 clflush dts acpi mmx fxsr sse sse2 ss ht tm pbe syscall nx lm constant_tsc arch_perfmon pebs bts rep_good nopl aperfmperf pni dtes64 monitor ds_cpl vmx est tm2 ssse3 cx16 xtpr pdcm sse4_1 lahf_lm dtherm tpr_shadow vnmi flexpriority
bogomips	: 6010.75
clflush size	: 64
cache_alignment	: 64
address sizes	: 36 bits physical, 48 bits virtual
power management:



Memory: 4k page, physical 8168844k(650348k free), swap 0k(0k free)

vm_info: Java HotSpot(TM) 64-Bit Server VM (20.45-b01) for linux-amd64 JRE (1.6.0_45-b06), built on Mar 26 2013 14:07:02 by "java_re" with gcc 3.2.2 (SuSE Linux)

time: Sat Sep 14 15:03:06 2013
elapsed time: 7 seconds

