#
# A fatal error has been detected by the Java Runtime Environment:
#
#  SIGSEGV (0xb) at pc=0x00007f9f875b37db, pid=9672, tid=140323803326208
#
# JRE version: 6.0_45-b06
# Java VM: Java HotSpot(TM) 64-Bit Server VM (20.45-b01 mixed mode linux-amd64 compressed oops)
# Problematic frame:
# C  [libgdx64.so+0x417db]  Java_com_badlogic_gdx_physics_box2d_Shape_jniDispose+0xb
#
# If you would like to submit a bug report, please visit:
#   http://java.sun.com/webapps/bugreport/crash.jsp
# The crash happened outside the Java Virtual Machine in native code.
# See problematic frame for where to report the bug.
#

---------------  T H R E A D  ---------------

Current thread (0x00007f9fa800b800):  JavaThread "main" [_thread_in_native, id=9678, stack(0x00007f9fae636000,0x00007f9fae737000)]

siginfo:si_signo=SIGSEGV: si_errno=0, si_code=1 (SEGV_MAPERR), si_addr=0x0000000000000008

Registers:
RAX=0x0000000000000000, RBX=0x000000077e8d7fe0, RCX=0x0000000000000011, RDX=0x00007f9fa81f0ab0
RSP=0x00007f9fae7348f8, RBP=0x00007f9fae734960, RSI=0x00007f9fae734990, RDI=0x00007f9fa81f0ab0
R8 =0x00007f9fa800c080, R9 =0x00007f9faf4b77d0, R10=0x00007f9fa5016ca8, R11=0x00007f9faf1b9d10
R12=0x0000000000000000, R13=0x000000077e8d7fe0, R14=0x00007f9fae734990, R15=0x00007f9fa800b800
RIP=0x00007f9f875b37db, EFLAGS=0x0000000000010202, CSGSFS=0x0000000000000033, ERR=0x0000000000000004
  TRAPNO=0x000000000000000e

Top of Stack: (sp=0x00007f9fae7348f8)
0x00007f9fae7348f8:   00007f9fa5016cd5 00007f9fa800c118
0x00007f9fae734908:   00007f9fa800c138 00007f9fa800b800
0x00007f9fae734918:   00007f9fa800c160 00007f9fae734920
0x00007f9fae734928:   0000000000000000 00007f9fae734990
0x00007f9fae734938:   000000077e8dc728 0000000000000000
0x00007f9fae734948:   000000077e8d7fe0 0000000000000000
0x00007f9fae734958:   00007f9fae734980 00007f9fae7349d8
0x00007f9fae734968:   00007f9fa5005b02 0000000000000000
0x00007f9fae734978:   00007f9fa5012298 00007f9fa81f0ab0
0x00007f9fae734988:   00000007d6e9dfc8 00000007d6ea6f90
0x00007f9fae734998:   00007f9fae734998 000000077e8d7ef5
0x00007f9fae7349a8:   00007f9fae7349e8 000000077e8dc728
0x00007f9fae7349b8:   0000000000000000 000000077e8d7f10
0x00007f9fae7349c8:   00007f9fae734980 00007f9fae7349e8
0x00007f9fae7349d8:   00007f9fae734a30 00007f9fa5005b02
0x00007f9fae7349e8:   00000007d6ea6f90 00007f9fae7349f0
0x00007f9fae7349f8:   000000077e5293d6 00007f9fae734a98
0x00007f9fae734a08:   000000077e57a2e0 0000000000000000
0x00007f9fae734a18:   000000077e529810 00007f9fae7349e8
0x00007f9fae734a28:   00007f9fae734a98 00007f9fae734b00
0x00007f9fae734a38:   00007f9fa5000438 0000000000000000
0x00007f9fae734a48:   0000000000000000 0000000000000000
0x00007f9fae734a58:   0000000000000000 0000000000000000
0x00007f9fae734a68:   0000000000000000 0000000000000000
0x00007f9fae734a78:   0000000000000000 0000000000000000
0x00007f9fae734a88:   00000007d6ea6f90 00000007d6e9dfc8
0x00007f9fae734a98:   00000007d6e9db78 00007f9f00001fa0
0x00007f9fae734aa8:   00007f9fae734b40 00007f9faf4d18b8
0x00007f9fae734ab8:   00007f9fae734d79 00007f9fa800b800
0x00007f9fae734ac8:   00007f9fa50003af 00007f9fae734b70
0x00007f9fae734ad8:   00007f9fae734db8 00007f9f0000000a
0x00007f9fae734ae8:   000000077e529810 00007f9fa5014700 

Instructions: (pc=0x00007f9f875b37db)
0x00007f9f875b37bb:   00 00 00 00 00 f3 0f 11 42 0c c3 66 2e 0f 1f 84
0x00007f9f875b37cb:   00 00 00 00 00 48 85 d2 74 13 48 8b 02 48 89 d7
0x00007f9f875b37db:   48 8b 40 08 ff e0 0f 1f 80 00 00 00 00 f3 c3 66
0x00007f9f875b37eb:   0f 1f 44 00 00 8b 52 08 b8 ff ff ff ff 83 fa 03 

Register to memory mapping:

RAX=0x0000000000000000 is an unknown value
RBX=0x000000077e8d7fe0 is an oop
{method} 
 - klass: {other class}
RCX=0x0000000000000011 is an unknown value
RDX=0x00007f9fa81f0ab0 is an unknown value
RSP=0x00007f9fae7348f8 is pointing into the stack for thread: 0x00007f9fa800b800
RBP=0x00007f9fae734960 is pointing into the stack for thread: 0x00007f9fa800b800
RSI=0x00007f9fae734990 is pointing into the stack for thread: 0x00007f9fa800b800
RDI=0x00007f9fa81f0ab0 is an unknown value
R8 =0x00007f9fa800c080 is an unknown value
R9 =0x00007f9faf4b77d0: <offset 0xa897d0> in /opt/sun-jdk-1.6.0.45/jre/lib/amd64/server/libjvm.so at 0x00007f9faea2e000
R10=0x00007f9fa5016ca8 is an Interpreter codelet
method entry point (kind = native)  [0x00007f9fa5016800, 0x00007f9fa5017600]  3584 bytes
R11=0x00007f9faf1b9d10: <offset 0x78bd10> in /opt/sun-jdk-1.6.0.45/jre/lib/amd64/server/libjvm.so at 0x00007f9faea2e000
R12=0x0000000000000000 is an unknown value
R13=0x000000077e8d7fe0 is an oop
{method} 
 - klass: {other class}
R14=0x00007f9fae734990 is pointing into the stack for thread: 0x00007f9fa800b800
R15=0x00007f9fa800b800 is a thread


Stack: [0x00007f9fae636000,0x00007f9fae737000],  sp=0x00007f9fae7348f8,  free space=1018k
Native frames: (J=compiled Java code, j=interpreted, Vv=VM code, C=native code)
C  [libgdx64.so+0x417db]  Java_com_badlogic_gdx_physics_box2d_Shape_jniDispose+0xb
j  com.badlogic.gdx.physics.box2d.Shape.dispose()V+5
j  com.esotericsoftware.kryo.KryoPrototypeTest.testBox2dShape()V+94
v  ~StubRoutines::call_stub
V  [libjvm.so+0x4e14a0]  JavaCalls::call_helper(JavaValue*, methodHandle*, JavaCallArguments*, Thread*)+0x1e0
V  [libjvm.so+0x711a39]  os::os_exception_wrapper(void (*)(JavaValue*, methodHandle*, JavaCallArguments*, Thread*), JavaValue*, methodHandle*, JavaCallArguments*, Thread*)+0x19
V  [libjvm.so+0x4e12b5]  JavaCalls::call(JavaValue*, methodHandle, JavaCallArguments*, Thread*)+0x25
V  [libjvm.so+0x76ff59]  Reflection::invoke(instanceKlassHandle, methodHandle, Handle, bool, objArrayHandle, BasicType, objArrayHandle, bool, Thread*)+0x519
V  [libjvm.so+0x77416f]  Reflection::invoke_method(oopDesc*, Handle, objArrayHandle, Thread*)+0x11f
V  [libjvm.so+0x56f7ae]  JVM_InvokeMethod+0x21e
C  [libjava.so+0x196d5]  Java_sun_reflect_NativeMethodAccessorImpl_invoke0+0x15
j  sun.reflect.NativeMethodAccessorImpl.invoke(Ljava/lang/Object;[Ljava/lang/Object;)Ljava/lang/Object;+87
j  sun.reflect.DelegatingMethodAccessorImpl.invoke(Ljava/lang/Object;[Ljava/lang/Object;)Ljava/lang/Object;+6
j  java.lang.reflect.Method.invoke(Ljava/lang/Object;[Ljava/lang/Object;)Ljava/lang/Object;+161
j  org.junit.runners.model.FrameworkMethod$1.runReflectiveCall()Ljava/lang/Object;+15
j  org.junit.internal.runners.model.ReflectiveCallable.run()Ljava/lang/Object;+1
j  org.junit.runners.model.FrameworkMethod.invokeExplosively(Ljava/lang/Object;[Ljava/lang/Object;)Ljava/lang/Object;+10
j  org.junit.internal.runners.statements.InvokeMethod.evaluate()V+12
j  org.junit.runners.ParentRunner.runLeaf(Lorg/junit/runners/model/Statement;Lorg/junit/runner/Description;Lorg/junit/runner/notification/RunNotifier;)V+17
j  org.junit.runners.BlockJUnit4ClassRunner.runChild(Lorg/junit/runners/model/FrameworkMethod;Lorg/junit/runner/notification/RunNotifier;)V+32
j  org.junit.runners.BlockJUnit4ClassRunner.runChild(Ljava/lang/Object;Lorg/junit/runner/notification/RunNotifier;)V+6
j  org.junit.runners.ParentRunner$3.run()V+12
j  org.junit.runners.ParentRunner$1.schedule(Ljava/lang/Runnable;)V+1
j  org.junit.runners.ParentRunner.runChildren(Lorg/junit/runner/notification/RunNotifier;)V+40
j  org.junit.runners.ParentRunner.access$000(Lorg/junit/runners/ParentRunner;Lorg/junit/runner/notification/RunNotifier;)V+2
j  org.junit.runners.ParentRunner$2.evaluate()V+8
j  org.junit.internal.runners.statements.RunBefores.evaluate()V+49
j  org.junit.runners.ParentRunner.run(Lorg/junit/runner/notification/RunNotifier;)V+20
j  org.eclipse.jdt.internal.junit4.runner.JUnit4TestReference.run(Lorg/eclipse/jdt/internal/junit/runner/TestExecution;)V+72
j  org.eclipse.jdt.internal.junit.runner.TestExecution.run([Lorg/eclipse/jdt/internal/junit/runner/ITestReference;)V+17
j  org.eclipse.jdt.internal.junit.runner.RemoteTestRunner.runTests([Ljava/lang/String;Ljava/lang/String;Lorg/eclipse/jdt/internal/junit/runner/TestExecution;)V+61
j  org.eclipse.jdt.internal.junit.runner.RemoteTestRunner.runTests(Lorg/eclipse/jdt/internal/junit/runner/TestExecution;)V+10
j  org.eclipse.jdt.internal.junit.runner.RemoteTestRunner.run()V+70
j  org.eclipse.jdt.internal.junit.runner.RemoteTestRunner.main([Ljava/lang/String;)V+14
v  ~StubRoutines::call_stub
V  [libjvm.so+0x4e14a0]  JavaCalls::call_helper(JavaValue*, methodHandle*, JavaCallArguments*, Thread*)+0x1e0
V  [libjvm.so+0x711a39]  os::os_exception_wrapper(void (*)(JavaValue*, methodHandle*, JavaCallArguments*, Thread*), JavaValue*, methodHandle*, JavaCallArguments*, Thread*)+0x19
V  [libjvm.so+0x4e12b5]  JavaCalls::call(JavaValue*, methodHandle, JavaCallArguments*, Thread*)+0x25
V  [libjvm.so+0x51ce77]  jni_invoke_static(JNIEnv_*, JavaValue*, _jobject*, JNICallType, _jmethodID*, JNI_ArgumentPusher*, Thread*)+0x147
V  [libjvm.so+0x50a60f]  unsigned+0x20f

Java frames: (J=compiled Java code, j=interpreted, Vv=VM code)
j  com.badlogic.gdx.physics.box2d.Shape.jniDispose(J)V+0
j  com.badlogic.gdx.physics.box2d.Shape.dispose()V+5
j  com.esotericsoftware.kryo.KryoPrototypeTest.testBox2dShape()V+94
v  ~StubRoutines::call_stub
j  sun.reflect.NativeMethodAccessorImpl.invoke0(Ljava/lang/reflect/Method;Ljava/lang/Object;[Ljava/lang/Object;)Ljava/lang/Object;+0
j  sun.reflect.NativeMethodAccessorImpl.invoke(Ljava/lang/Object;[Ljava/lang/Object;)Ljava/lang/Object;+87
j  sun.reflect.DelegatingMethodAccessorImpl.invoke(Ljava/lang/Object;[Ljava/lang/Object;)Ljava/lang/Object;+6
j  java.lang.reflect.Method.invoke(Ljava/lang/Object;[Ljava/lang/Object;)Ljava/lang/Object;+161
j  org.junit.runners.model.FrameworkMethod$1.runReflectiveCall()Ljava/lang/Object;+15
j  org.junit.internal.runners.model.ReflectiveCallable.run()Ljava/lang/Object;+1
j  org.junit.runners.model.FrameworkMethod.invokeExplosively(Ljava/lang/Object;[Ljava/lang/Object;)Ljava/lang/Object;+10
j  org.junit.internal.runners.statements.InvokeMethod.evaluate()V+12
j  org.junit.runners.ParentRunner.runLeaf(Lorg/junit/runners/model/Statement;Lorg/junit/runner/Description;Lorg/junit/runner/notification/RunNotifier;)V+17
j  org.junit.runners.BlockJUnit4ClassRunner.runChild(Lorg/junit/runners/model/FrameworkMethod;Lorg/junit/runner/notification/RunNotifier;)V+32
j  org.junit.runners.BlockJUnit4ClassRunner.runChild(Ljava/lang/Object;Lorg/junit/runner/notification/RunNotifier;)V+6
j  org.junit.runners.ParentRunner$3.run()V+12
j  org.junit.runners.ParentRunner$1.schedule(Ljava/lang/Runnable;)V+1
j  org.junit.runners.ParentRunner.runChildren(Lorg/junit/runner/notification/RunNotifier;)V+40
j  org.junit.runners.ParentRunner.access$000(Lorg/junit/runners/ParentRunner;Lorg/junit/runner/notification/RunNotifier;)V+2
j  org.junit.runners.ParentRunner$2.evaluate()V+8
j  org.junit.internal.runners.statements.RunBefores.evaluate()V+49
j  org.junit.runners.ParentRunner.run(Lorg/junit/runner/notification/RunNotifier;)V+20
j  org.eclipse.jdt.internal.junit4.runner.JUnit4TestReference.run(Lorg/eclipse/jdt/internal/junit/runner/TestExecution;)V+72
j  org.eclipse.jdt.internal.junit.runner.TestExecution.run([Lorg/eclipse/jdt/internal/junit/runner/ITestReference;)V+17
j  org.eclipse.jdt.internal.junit.runner.RemoteTestRunner.runTests([Ljava/lang/String;Ljava/lang/String;Lorg/eclipse/jdt/internal/junit/runner/TestExecution;)V+61
j  org.eclipse.jdt.internal.junit.runner.RemoteTestRunner.runTests(Lorg/eclipse/jdt/internal/junit/runner/TestExecution;)V+10
j  org.eclipse.jdt.internal.junit.runner.RemoteTestRunner.run()V+70
j  org.eclipse.jdt.internal.junit.runner.RemoteTestRunner.main([Ljava/lang/String;)V+14
v  ~StubRoutines::call_stub

---------------  P R O C E S S  ---------------

Java Threads: ( => current thread )
  0x00007f9fa8125800 JavaThread "ReaderThread" [_thread_in_native, id=9701, stack(0x00007f9f877e2000,0x00007f9f878e3000)]
  0x00007f9fa80a4800 JavaThread "Low Memory Detector" daemon [_thread_blocked, id=9697, stack(0x00007f9f87afb000,0x00007f9f87bfc000)]
  0x00007f9fa80a2800 JavaThread "C2 CompilerThread1" daemon [_thread_blocked, id=9696, stack(0x00007f9f87bfc000,0x00007f9f87cfd000)]
  0x00007f9fa809f800 JavaThread "C2 CompilerThread0" daemon [_thread_blocked, id=9695, stack(0x00007f9f87cfd000,0x00007f9f87dfe000)]
  0x00007f9f7c001000 JavaThread "JDWP Command Reader" daemon [_thread_in_native, id=9693, stack(0x00007f9f87dfe000,0x00007f9f87eff000)]
  0x00007f9fa809d800 JavaThread "JDWP Event Helper Thread" daemon [_thread_blocked, id=9691, stack(0x00007f9f87eff000,0x00007f9f88000000)]
  0x00007f9fa8099800 JavaThread "JDWP Transport Listener: dt_socket" daemon [_thread_blocked, id=9689, stack(0x00007f9fa4050000,0x00007f9fa4151000)]
  0x00007f9fa808d000 JavaThread "Signal Dispatcher" daemon [_thread_blocked, id=9687, stack(0x00007f9fa445d000,0x00007f9fa455e000)]
  0x00007f9fa8071800 JavaThread "Finalizer" daemon [_thread_blocked, id=9686, stack(0x00007f9fa455e000,0x00007f9fa465f000)]
  0x00007f9fa8070000 JavaThread "Reference Handler" daemon [_thread_blocked, id=9685, stack(0x00007f9fa465f000,0x00007f9fa4760000)]
=>0x00007f9fa800b800 JavaThread "main" [_thread_in_native, id=9678, stack(0x00007f9fae636000,0x00007f9fae737000)]

Other Threads:
  0x00007f9fa8069000 VMThread [stack: 0x00007f9fa4760000,0x00007f9fa4861000] [id=9684]
  0x00007f9fa80b7800 WatcherThread [stack: 0x00007f9f879fa000,0x00007f9f87afb000] [id=9698]

VM state:not at safepoint (normal execution)

VM Mutex/Monitor currently owned by a thread: None

Heap
 PSYoungGen      total 37248K, used 8306K [0x00000007d66b0000, 0x00000007d9040000, 0x0000000800000000)
  eden space 31936K, 26% used [0x00000007d66b0000,0x00000007d6eccab8,0x00000007d85e0000)
  from space 5312K, 0% used [0x00000007d8b10000,0x00000007d8b10000,0x00000007d9040000)
  to   space 5312K, 0% used [0x00000007d85e0000,0x00000007d85e0000,0x00000007d8b10000)
 PSOldGen        total 85120K, used 0K [0x0000000783400000, 0x0000000788720000, 0x00000007d66b0000)
  object space 85120K, 0% used [0x0000000783400000,0x0000000783400000,0x0000000788720000)
 PSPermGen       total 21248K, used 7229K [0x000000077e200000, 0x000000077f6c0000, 0x0000000783400000)
  object space 21248K, 34% used [0x000000077e200000,0x000000077e90f530,0x000000077f6c0000)

Code Cache  [0x00007f9fa5000000, 0x00007f9fa5270000, 0x00007f9fa8000000)
 total_blobs=251 nmethods=23 adapters=191 free_code_cache=49854272 largest_free_block=6848

Dynamic libraries:
3ff00000-40009000 r-xp 00000000 08:22 4496445                            /opt/sun-jdk-1.6.0.45/bin/java
40108000-4010a000 rwxp 00108000 08:22 4496445                            /opt/sun-jdk-1.6.0.45/bin/java
4010a000-4012b000 rwxp 00000000 00:00 0                                  [heap]
77e200000-77f6c0000 rwxp 00000000 00:00 0 
77f6c0000-783400000 rwxp 00000000 00:00 0 
783400000-788720000 rwxp 00000000 00:00 0 
788720000-7d66b0000 rwxp 00000000 00:00 0 
7d66b0000-7d9040000 rwxp 00000000 00:00 0 
7d9040000-800000000 rwxp 00000000 00:00 0 
7f9f5c000000-7f9f5c021000 rwxp 00000000 00:00 0 
7f9f5c021000-7f9f60000000 ---p 00000000 00:00 0 
7f9f64000000-7f9f64021000 rwxp 00000000 00:00 0 
7f9f64021000-7f9f68000000 ---p 00000000 00:00 0 
7f9f68000000-7f9f68021000 rwxp 00000000 00:00 0 
7f9f68021000-7f9f6c000000 ---p 00000000 00:00 0 
7f9f6c000000-7f9f6c2b4000 rwxp 00000000 00:00 0 
7f9f6c2b4000-7f9f70000000 ---p 00000000 00:00 0 
7f9f70000000-7f9f70232000 rwxp 00000000 00:00 0 
7f9f70232000-7f9f74000000 ---p 00000000 00:00 0 
7f9f74000000-7f9f74021000 rwxp 00000000 00:00 0 
7f9f74021000-7f9f78000000 ---p 00000000 00:00 0 
7f9f78000000-7f9f78021000 rwxp 00000000 00:00 0 
7f9f78021000-7f9f7c000000 ---p 00000000 00:00 0 
7f9f7c000000-7f9f7c048000 rwxp 00000000 00:00 0 
7f9f7c048000-7f9f80000000 ---p 00000000 00:00 0 
7f9f80000000-7f9f80021000 rwxp 00000000 00:00 0 
7f9f80021000-7f9f84000000 ---p 00000000 00:00 0 
7f9f87059000-7f9f8706e000 r-xp 00000000 08:22 4424466                    /usr/lib64/gcc/x86_64-pc-linux-gnu/4.6.3/libgcc_s.so.1
7f9f8706e000-7f9f8726d000 ---p 00015000 08:22 4424466                    /usr/lib64/gcc/x86_64-pc-linux-gnu/4.6.3/libgcc_s.so.1
7f9f8726d000-7f9f8726e000 r-xp 00014000 08:22 4424466                    /usr/lib64/gcc/x86_64-pc-linux-gnu/4.6.3/libgcc_s.so.1
7f9f8726e000-7f9f8726f000 rwxp 00015000 08:22 4424466                    /usr/lib64/gcc/x86_64-pc-linux-gnu/4.6.3/libgcc_s.so.1
7f9f8726f000-7f9f87354000 r-xp 00000000 08:22 4424330                    /usr/lib64/gcc/x86_64-pc-linux-gnu/4.6.3/libstdc++.so.6.0.16
7f9f87354000-7f9f87553000 ---p 000e5000 08:22 4424330                    /usr/lib64/gcc/x86_64-pc-linux-gnu/4.6.3/libstdc++.so.6.0.16
7f9f87553000-7f9f8755b000 r-xp 000e4000 08:22 4424330                    /usr/lib64/gcc/x86_64-pc-linux-gnu/4.6.3/libstdc++.so.6.0.16
7f9f8755b000-7f9f8755d000 rwxp 000ec000 08:22 4424330                    /usr/lib64/gcc/x86_64-pc-linux-gnu/4.6.3/libstdc++.so.6.0.16
7f9f8755d000-7f9f87572000 rwxp 00000000 00:00 0 
7f9f87572000-7f9f875de000 r-xp 00000000 08:22 3408383                    /tmp/libgdxsenth/8f21cf0/libgdx64.so
7f9f875de000-7f9f877de000 ---p 0006c000 08:22 3408383                    /tmp/libgdxsenth/8f21cf0/libgdx64.so
7f9f877de000-7f9f877e0000 r-xp 0006c000 08:22 3408383                    /tmp/libgdxsenth/8f21cf0/libgdx64.so
7f9f877e0000-7f9f877e1000 rwxp 0006e000 08:22 3408383                    /tmp/libgdxsenth/8f21cf0/libgdx64.so
7f9f877e1000-7f9f877e2000 rwxp 00000000 00:00 0 
7f9f877e2000-7f9f877e5000 ---p 00000000 00:00 0 
7f9f877e5000-7f9f878e3000 rwxp 00000000 00:00 0                          [stack:9701]
7f9f878e3000-7f9f878f6000 r-xp 00000000 08:22 4496630                    /opt/sun-jdk-1.6.0.45/jre/lib/amd64/libnet.so
7f9f878f6000-7f9f879f7000 ---p 00013000 08:22 4496630                    /opt/sun-jdk-1.6.0.45/jre/lib/amd64/libnet.so
7f9f879f7000-7f9f879fa000 rwxp 00014000 08:22 4496630                    /opt/sun-jdk-1.6.0.45/jre/lib/amd64/libnet.so
7f9f879fa000-7f9f879fb000 ---p 00000000 00:00 0 
7f9f879fb000-7f9f87afb000 rwxp 00000000 00:00 0                          [stack:9698]
7f9f87afb000-7f9f87afe000 ---p 00000000 00:00 0 
7f9f87afe000-7f9f87bfc000 rwxp 00000000 00:00 0                          [stack:9697]
7f9f87bfc000-7f9f87bff000 ---p 00000000 00:00 0 
7f9f87bff000-7f9f87cfd000 rwxp 00000000 00:00 0                          [stack:9696]
7f9f87cfd000-7f9f87d00000 ---p 00000000 00:00 0 
7f9f87d00000-7f9f87dfe000 rwxp 00000000 00:00 0                          [stack:9695]
7f9f87dfe000-7f9f87e01000 ---p 00000000 00:00 0 
7f9f87e01000-7f9f87eff000 rwxp 00000000 00:00 0                          [stack:9693]
7f9f87eff000-7f9f87f02000 ---p 00000000 00:00 0 
7f9f87f02000-7f9f88000000 rwxp 00000000 00:00 0                          [stack:9691]
7f9f88000000-7f9f88021000 rwxp 00000000 00:00 0 
7f9f88021000-7f9f8c000000 ---p 00000000 00:00 0 
7f9f8c000000-7f9f8c021000 rwxp 00000000 00:00 0 
7f9f8c021000-7f9f90000000 ---p 00000000 00:00 0 
7f9f90000000-7f9f90021000 rwxp 00000000 00:00 0 
7f9f90021000-7f9f94000000 ---p 00000000 00:00 0 
7f9f94000000-7f9f94021000 rwxp 00000000 00:00 0 
7f9f94021000-7f9f98000000 ---p 00000000 00:00 0 
7f9f98000000-7f9f98021000 rwxp 00000000 00:00 0 
7f9f98021000-7f9f9c000000 ---p 00000000 00:00 0 
7f9f9c000000-7f9f9c021000 rwxp 00000000 00:00 0 
7f9f9c021000-7f9fa0000000 ---p 00000000 00:00 0 
7f9fa0000000-7f9fa0021000 rwxp 00000000 00:00 0 
7f9fa0021000-7f9fa4000000 ---p 00000000 00:00 0 
7f9fa4050000-7f9fa4053000 ---p 00000000 00:00 0 
7f9fa4053000-7f9fa4151000 rwxp 00000000 00:00 0                          [stack:9689]
7f9fa4151000-7f9fa4158000 r-xp 00000000 08:22 792419                     /lib64/libnss_db-2.15.so
7f9fa4158000-7f9fa4357000 ---p 00007000 08:22 792419                     /lib64/libnss_db-2.15.so
7f9fa4357000-7f9fa4358000 r-xp 00006000 08:22 792419                     /lib64/libnss_db-2.15.so
7f9fa4358000-7f9fa4359000 rwxp 00007000 08:22 792419                     /lib64/libnss_db-2.15.so
7f9fa4359000-7f9fa435c000 r-xp 00000000 08:22 4496529                    /opt/sun-jdk-1.6.0.45/jre/lib/amd64/libdt_socket.so
7f9fa435c000-7f9fa445b000 ---p 00003000 08:22 4496529                    /opt/sun-jdk-1.6.0.45/jre/lib/amd64/libdt_socket.so
7f9fa445b000-7f9fa445d000 rwxp 00002000 08:22 4496529                    /opt/sun-jdk-1.6.0.45/jre/lib/amd64/libdt_socket.so
7f9fa445d000-7f9fa4460000 ---p 00000000 00:00 0 
7f9fa4460000-7f9fa455e000 rwxp 00000000 00:00 0                          [stack:9687]
7f9fa455e000-7f9fa4561000 ---p 00000000 00:00 0 
7f9fa4561000-7f9fa465f000 rwxp 00000000 00:00 0                          [stack:9686]
7f9fa465f000-7f9fa4662000 ---p 00000000 00:00 0 
7f9fa4662000-7f9fa4760000 rwxp 00000000 00:00 0                          [stack:9685]
7f9fa4760000-7f9fa4761000 ---p 00000000 00:00 0 
7f9fa4761000-7f9fa4d66000 rwxp 00000000 00:00 0                          [stack:9684]
7f9fa4d66000-7f9fa4eff000 r-xs 03087000 08:22 4496975                    /opt/sun-jdk-1.6.0.45/jre/lib/rt.jar
7f9fa4eff000-7f9fa4f00000 ---p 00000000 00:00 0 
7f9fa4f00000-7f9fa5270000 rwxp 00000000 00:00 0                          [stack:9683]
7f9fa5270000-7f9fa8265000 rwxp 00000000 00:00 0 
7f9fa8265000-7f9fac000000 ---p 00000000 00:00 0 
7f9fac0ad000-7f9fac0de000 rwxp 00000000 00:00 0 
7f9fac0de000-7f9fac0df000 ---p 00000000 00:00 0 
7f9fac0df000-7f9fac1df000 rwxp 00000000 00:00 0                          [stack:9682]
7f9fac1df000-7f9fac1e0000 ---p 00000000 00:00 0 
7f9fac1e0000-7f9fac2e0000 rwxp 00000000 00:00 0                          [stack:9681]
7f9fac2e0000-7f9fac2e1000 ---p 00000000 00:00 0 
7f9fac2e1000-7f9fac40b000 rwxp 00000000 00:00 0                          [stack:9680]
7f9fac40b000-7f9fac67b000 rwxp 00000000 00:00 0 
7f9fac67b000-7f9fac686000 rwxp 00000000 00:00 0 
7f9fac686000-7f9fac6a4000 rwxp 00000000 00:00 0 
7f9fac6a4000-7f9fac6ce000 rwxp 00000000 00:00 0 
7f9fac6ce000-7f9fac93d000 rwxp 00000000 00:00 0 
7f9fac93d000-7f9fac953000 rwxp 00000000 00:00 0 
7f9fac953000-7f9faca8a000 rwxp 00000000 00:00 0 
7f9faca8a000-7f9faca95000 rwxp 00000000 00:00 0 
7f9faca95000-7f9facb4b000 rwxp 00000000 00:00 0 
7f9facb4b000-7f9facb59000 r-xp 00000000 08:22 4496502                    /opt/sun-jdk-1.6.0.45/jre/lib/amd64/libzip.so
7f9facb59000-7f9facc5b000 ---p 0000e000 08:22 4496502                    /opt/sun-jdk-1.6.0.45/jre/lib/amd64/libzip.so
7f9facc5b000-7f9facc5e000 rwxp 00010000 08:22 4496502                    /opt/sun-jdk-1.6.0.45/jre/lib/amd64/libzip.so
7f9facc5e000-7f9facc5f000 rwxp 00000000 00:00 0 
7f9facc5f000-7f9facc6b000 r-xp 00000000 08:22 792418                     /lib64/libnss_files-2.15.so
7f9facc6b000-7f9face6b000 ---p 0000c000 08:22 792418                     /lib64/libnss_files-2.15.so
7f9face6b000-7f9face6c000 r-xp 0000c000 08:22 792418                     /lib64/libnss_files-2.15.so
7f9face6c000-7f9face6d000 rwxp 0000d000 08:22 792418                     /lib64/libnss_files-2.15.so
7f9face6d000-7f9face77000 r-xp 00000000 08:22 792457                     /lib64/libnss_nis-2.15.so
7f9face77000-7f9fad077000 ---p 0000a000 08:22 792457                     /lib64/libnss_nis-2.15.so
7f9fad077000-7f9fad078000 r-xp 0000a000 08:22 792457                     /lib64/libnss_nis-2.15.so
7f9fad078000-7f9fad079000 rwxp 0000b000 08:22 792457                     /lib64/libnss_nis-2.15.so
7f9fad079000-7f9fad080000 r-xp 00000000 08:22 792459                     /lib64/libnss_compat-2.15.so
7f9fad080000-7f9fad280000 ---p 00007000 08:22 792459                     /lib64/libnss_compat-2.15.so
7f9fad280000-7f9fad281000 r-xp 00007000 08:22 792459                     /lib64/libnss_compat-2.15.so
7f9fad281000-7f9fad282000 rwxp 00008000 08:22 792459                     /lib64/libnss_compat-2.15.so
7f9fad282000-7f9fadd95000 r-xp 00000000 08:22 5251173                    /usr/lib64/locale/locale-archive
7f9fadd95000-7f9fadd98000 r-xp 00000000 08:22 4496587                    /opt/sun-jdk-1.6.0.45/jre/lib/amd64/libnpt.so
7f9fadd98000-7f9fade97000 ---p 00003000 08:22 4496587                    /opt/sun-jdk-1.6.0.45/jre/lib/amd64/libnpt.so
7f9fade97000-7f9fade98000 rwxp 00002000 08:22 4496587                    /opt/sun-jdk-1.6.0.45/jre/lib/amd64/libnpt.so
7f9fade98000-7f9fadece000 r-xp 00000000 08:22 4496627                    /opt/sun-jdk-1.6.0.45/jre/lib/amd64/libjdwp.so
7f9fadece000-7f9fadfcd000 ---p 00036000 08:22 4496627                    /opt/sun-jdk-1.6.0.45/jre/lib/amd64/libjdwp.so
7f9fadfcd000-7f9fadfd7000 rwxp 00035000 08:22 4496627                    /opt/sun-jdk-1.6.0.45/jre/lib/amd64/libjdwp.so
7f9fadfd7000-7f9fadfec000 r-xp 00000000 08:22 792456                     /lib64/libnsl-2.15.so
7f9fadfec000-7f9fae1eb000 ---p 00015000 08:22 792456                     /lib64/libnsl-2.15.so
7f9fae1eb000-7f9fae1ec000 r-xp 00014000 08:22 792456                     /lib64/libnsl-2.15.so
7f9fae1ec000-7f9fae1ed000 rwxp 00015000 08:22 792456                     /lib64/libnsl-2.15.so
7f9fae1ed000-7f9fae1ef000 rwxp 00000000 00:00 0 
7f9fae1ef000-7f9fae218000 r-xp 00000000 08:22 4496533                    /opt/sun-jdk-1.6.0.45/jre/lib/amd64/libjava.so
7f9fae218000-7f9fae317000 ---p 00029000 08:22 4496533                    /opt/sun-jdk-1.6.0.45/jre/lib/amd64/libjava.so
7f9fae317000-7f9fae31e000 rwxp 00028000 08:22 4496533                    /opt/sun-jdk-1.6.0.45/jre/lib/amd64/libjava.so
7f9fae31e000-7f9fae32b000 r-xp 00000000 08:22 4496511                    /opt/sun-jdk-1.6.0.45/jre/lib/amd64/libverify.so
7f9fae32b000-7f9fae42a000 ---p 0000d000 08:22 4496511                    /opt/sun-jdk-1.6.0.45/jre/lib/amd64/libverify.so
7f9fae42a000-7f9fae42d000 rwxp 0000c000 08:22 4496511                    /opt/sun-jdk-1.6.0.45/jre/lib/amd64/libverify.so
7f9fae42d000-7f9fae435000 r-xp 00000000 08:22 792422                     /lib64/librt-2.15.so
7f9fae435000-7f9fae634000 ---p 00008000 08:22 792422                     /lib64/librt-2.15.so
7f9fae634000-7f9fae635000 r-xp 00007000 08:22 792422                     /lib64/librt-2.15.so
7f9fae635000-7f9fae636000 rwxp 00008000 08:22 792422                     /lib64/librt-2.15.so
7f9fae636000-7f9fae639000 ---p 00000000 00:00 0 
7f9fae639000-7f9fae737000 rwxp 00000000 00:00 0                          [stack:9678]
7f9fae737000-7f9fae82d000 r-xp 00000000 08:22 792389                     /lib64/libm-2.15.so
7f9fae82d000-7f9faea2c000 ---p 000f6000 08:22 792389                     /lib64/libm-2.15.so
7f9faea2c000-7f9faea2d000 r-xp 000f5000 08:22 792389                     /lib64/libm-2.15.so
7f9faea2d000-7f9faea2e000 rwxp 000f6000 08:22 792389                     /lib64/libm-2.15.so
7f9faea2e000-7f9faf34c000 r-xp 00000000 08:22 4496543                    /opt/sun-jdk-1.6.0.45/jre/lib/amd64/server/libjvm.so
7f9faf34c000-7f9faf44e000 ---p 0091e000 08:22 4496543                    /opt/sun-jdk-1.6.0.45/jre/lib/amd64/server/libjvm.so
7f9faf44e000-7f9faf604000 rwxp 00920000 08:22 4496543                    /opt/sun-jdk-1.6.0.45/jre/lib/amd64/server/libjvm.so
7f9faf604000-7f9faf63e000 rwxp 00000000 00:00 0 
7f9faf63e000-7f9faf7df000 r-xp 00000000 08:22 792470                     /lib64/libc-2.15.so
7f9faf7df000-7f9faf9df000 ---p 001a1000 08:22 792470                     /lib64/libc-2.15.so
7f9faf9df000-7f9faf9e3000 r-xp 001a1000 08:22 792470                     /lib64/libc-2.15.so
7f9faf9e3000-7f9faf9e5000 rwxp 001a5000 08:22 792470                     /lib64/libc-2.15.so
7f9faf9e5000-7f9faf9e9000 rwxp 00000000 00:00 0 
7f9faf9e9000-7f9faf9eb000 r-xp 00000000 08:22 792393                     /lib64/libdl-2.15.so
7f9faf9eb000-7f9fafbeb000 ---p 00002000 08:22 792393                     /lib64/libdl-2.15.so
7f9fafbeb000-7f9fafbec000 r-xp 00002000 08:22 792393                     /lib64/libdl-2.15.so
7f9fafbec000-7f9fafbed000 rwxp 00003000 08:22 792393                     /lib64/libdl-2.15.so
7f9fafbed000-7f9fafc05000 r-xp 00000000 08:22 792098                     /lib64/libpthread-2.15.so
7f9fafc05000-7f9fafe04000 ---p 00018000 08:22 792098                     /lib64/libpthread-2.15.so
7f9fafe04000-7f9fafe05000 r-xp 00017000 08:22 792098                     /lib64/libpthread-2.15.so
7f9fafe05000-7f9fafe06000 rwxp 00018000 08:22 792098                     /lib64/libpthread-2.15.so
7f9fafe06000-7f9fafe0a000 rwxp 00000000 00:00 0 
7f9fafe0a000-7f9fafe2c000 r-xp 00000000 08:22 792469                     /lib64/ld-2.15.so
7f9fafe49000-7f9fafe4a000 r-xs 0018b000 08:22 2230225                    /home/senth/repositories/voider-eclipse/voider/game/src/Voider-desktop/libs/gdx-natives.jar
7f9fafe4a000-7f9fafe5c000 r-xs 00126000 08:22 2230253                    /home/senth/repositories/voider-eclipse/voider/game/src/Voider-desktop/libs/gdx-backend-lwjgl.jar
7f9fafe5c000-7f9fafe5e000 r-xs 0000b000 08:22 2230242                    /home/senth/repositories/voider-eclipse/voider/game/src/Voider-desktop/libs/gdx-backend-lwjgl-sources.jar
7f9fafe5e000-7f9fafe60000 r-xs 0019e000 08:22 2230252                    /home/senth/repositories/voider-eclipse/voider/game/src/Voider-desktop/libs/gdx-backend-lwjgl-natives.jar
7f9fafe60000-7f9fafe6d000 r-xs 000d9000 08:22 2230277                    /home/senth/repositories/voider-eclipse/voider/game/src/Voider/libs/gdx-sources.jar
7f9fafe6d000-7f9fafe81000 r-xs 00136000 08:22 2230258                    /home/senth/repositories/voider-eclipse/voider/game/src/Voider/libs/gdx.jar
7f9fafe81000-7f9fafee0000 rwxp 00000000 00:00 0 
7f9fafee0000-7f9fafee7000 r-xp 00000000 08:22 4496523                    /opt/sun-jdk-1.6.0.45/jre/lib/amd64/jli/libjli.so
7f9fafee7000-7f9faffe8000 ---p 00007000 08:22 4496523                    /opt/sun-jdk-1.6.0.45/jre/lib/amd64/jli/libjli.so
7f9faffe8000-7f9faffea000 rwxp 00008000 08:22 4496523                    /opt/sun-jdk-1.6.0.45/jre/lib/amd64/jli/libjli.so
7f9faffea000-7f9faffeb000 rwxp 00000000 00:00 0 
7f9faffeb000-7f9fafff0000 r-xs 00037000 08:22 2234291                    /home/senth/repositories/voider-eclipse/voider/game/src/Voider/libs/kryo-debug-2.21-all.jar
7f9fafff0000-7f9fafff1000 r-xs 00006000 08:22 2236701                    /usr/share/eclipse/plugins/org.hamcrest.core_1.1.0.v20090501071000.jar
7f9fafff1000-7f9fafff7000 r-xs 00034000 08:22 2236842                    /usr/share/eclipse/plugins/org.junit_4.10.0.v4_10_0_v20120426-0900/junit.jar
7f9fafff7000-7f9fb0002000 rwxp 00000000 00:00 0 
7f9fb0002000-7f9fb0020000 rwxp 00000000 00:00 0 
7f9fb0020000-7f9fb0028000 rwxs 00000000 08:22 3407941                    /tmp/hsperfdata_senth/9672
7f9fb0028000-7f9fb0029000 rwxp 00000000 00:00 0 
7f9fb0029000-7f9fb002a000 r-xp 00000000 00:00 0 
7f9fb002a000-7f9fb002b000 rwxp 00000000 00:00 0 
7f9fb002b000-7f9fb002c000 r-xp 00021000 08:22 792469                     /lib64/ld-2.15.so
7f9fb002c000-7f9fb002d000 rwxp 00022000 08:22 792469                     /lib64/ld-2.15.so
7f9fb002d000-7f9fb002e000 rwxp 00000000 00:00 0 
7fff826fe000-7fff82720000 rwxp 00000000 00:00 0                          [stack]
7fff827ff000-7fff82800000 r-xp 00000000 00:00 0                          [vdso]
ffffffffff600000-ffffffffff601000 r-xp 00000000 00:00 0                  [vsyscall]

VM Arguments:
jvm_args: -agentlib:jdwp=transport=dt_socket,suspend=y,address=localhost:53561 -Dfile.encoding=UTF-8 
java_command: org.eclipse.jdt.internal.junit.runner.RemoteTestRunner -version 3 -port 51134 -testLoaderClass org.eclipse.jdt.internal.junit4.runner.JUnit4TestLoader -loaderpluginname org.eclipse.jdt.junit4.runtime -classNames com.esotericsoftware.kryo.KryoPrototypeTest
Launcher Type: SUN_STANDARD

Environment Variables:
JAVA_HOME=/home/senth/.gentoo/java-config-2/current-user-vm
PATH=/usr/local/bin:/usr/bin:/bin:/opt/bin:/usr/x86_64-pc-linux-gnu/gcc-bin/4.6.3:/opt/nvidia-cg-toolkit/bin:/usr/lib64/subversion/bin:/usr/games/bin
LD_LIBRARY_PATH=/opt/sun-jdk-1.6.0.45/jre/lib/amd64/server:/opt/sun-jdk-1.6.0.45/jre/lib/amd64:/opt/sun-jdk-1.6.0.45/jre/../lib/amd64
SHELL=/bin/zsh
DISPLAY=:0

Signal Handlers:
SIGSEGV: [libjvm.so+0x862a30], sa_mask[0]=0x7ffbfeff, sa_flags=0x10000004
SIGBUS: [libjvm.so+0x862a30], sa_mask[0]=0x7ffbfeff, sa_flags=0x10000004
SIGFPE: [libjvm.so+0x7106f0], sa_mask[0]=0x7ffbfeff, sa_flags=0x10000004
SIGPIPE: [libjvm.so+0x7106f0], sa_mask[0]=0x7ffbfeff, sa_flags=0x10000004
SIGXFSZ: [libjvm.so+0x7106f0], sa_mask[0]=0x7ffbfeff, sa_flags=0x10000004
SIGILL: [libjvm.so+0x7106f0], sa_mask[0]=0x7ffbfeff, sa_flags=0x10000004
SIGUSR1: SIG_DFL, sa_mask[0]=0x00000000, sa_flags=0x00000000
SIGUSR2: [libjvm.so+0x713520], sa_mask[0]=0x00000004, sa_flags=0x10000004
SIGHUP: [libjvm.so+0x713120], sa_mask[0]=0x7ffbfeff, sa_flags=0x10000004
SIGINT: [libjvm.so+0x713120], sa_mask[0]=0x7ffbfeff, sa_flags=0x10000004
SIGTERM: [libjvm.so+0x713120], sa_mask[0]=0x7ffbfeff, sa_flags=0x10000004
SIGQUIT: [libjvm.so+0x713120], sa_mask[0]=0x7ffbfeff, sa_flags=0x10000004


---------------  S Y S T E M  ---------------

OS:Gentoo Base System release 2.2

uname:Linux 3.8.13-gentoo #3 SMP Fri Aug 9 10:10:06 CEST 2013 x86_64
libc:glibc 2.15 NPTL 2.15 
rlimit: STACK 8192k, CORE 0k, NPROC 63815, NOFILE 4096, AS infinity
load average:0.46 0.47 0.41

/proc/meminfo:
MemTotal:        8168844 kB
MemFree:           72400 kB
Buffers:          343412 kB
Cached:          1505092 kB
SwapCached:            0 kB
Active:          6742964 kB
Inactive:         917276 kB
Active(anon):    5871492 kB
Inactive(anon):    43540 kB
Active(file):     871472 kB
Inactive(file):   873736 kB
Unevictable:           4 kB
Mlocked:               4 kB
SwapTotal:             0 kB
SwapFree:              0 kB
Dirty:               328 kB
Writeback:             0 kB
AnonPages:       5811836 kB
Mapped:           263464 kB
Shmem:            103292 kB
Slab:             280136 kB
SReclaimable:     222908 kB
SUnreclaim:        57228 kB
KernelStack:        6152 kB
PageTables:        85300 kB
NFS_Unstable:          0 kB
Bounce:                0 kB
WritebackTmp:          0 kB
CommitLimit:     4084420 kB
Committed_AS:   17248772 kB
VmallocTotal:   34359738367 kB
VmallocUsed:       67452 kB
VmallocChunk:   34359627771 kB
DirectMap4k:      390656 kB
DirectMap2M:     7997440 kB


CPU:total 4 (4 cores per cpu, 1 threads per core) family 6 model 23 stepping 6, cmov, cx8, fxsr, mmx, sse, sse2, sse3, ssse3, sse4.1

/proc/cpuinfo:
processor	: 0
vendor_id	: GenuineIntel
cpu family	: 6
model		: 23
model name	: Intel(R) Core(TM)2 Extreme CPU X9650  @ 3.00GHz
stepping	: 6
microcode	: 0x60b
cpu MHz		: 1998.000
cache size	: 6144 KB
physical id	: 0
siblings	: 4
core id		: 0
cpu cores	: 4
apicid		: 0
initial apicid	: 0
fpu		: yes
fpu_exception	: yes
cpuid level	: 10
wp		: yes
flags		: fpu vme de pse tsc msr pae mce cx8 apic sep mtrr pge mca cmov pat pse36 clflush dts acpi mmx fxsr sse sse2 ss ht tm pbe syscall nx lm constant_tsc arch_perfmon pebs bts rep_good nopl aperfmperf pni dtes64 monitor ds_cpl vmx est tm2 ssse3 cx16 xtpr pdcm sse4_1 lahf_lm dtherm tpr_shadow vnmi flexpriority
bogomips	: 6010.75
clflush size	: 64
cache_alignment	: 64
address sizes	: 36 bits physical, 48 bits virtual
power management:

processor	: 1
vendor_id	: GenuineIntel
cpu family	: 6
model		: 23
model name	: Intel(R) Core(TM)2 Extreme CPU X9650  @ 3.00GHz
stepping	: 6
microcode	: 0x60b
cpu MHz		: 1998.000
cache size	: 6144 KB
physical id	: 0
siblings	: 4
core id		: 1
cpu cores	: 4
apicid		: 1
initial apicid	: 1
fpu		: yes
fpu_exception	: yes
cpuid level	: 10
wp		: yes
flags		: fpu vme de pse tsc msr pae mce cx8 apic sep mtrr pge mca cmov pat pse36 clflush dts acpi mmx fxsr sse sse2 ss ht tm pbe syscall nx lm constant_tsc arch_perfmon pebs bts rep_good nopl aperfmperf pni dtes64 monitor ds_cpl vmx est tm2 ssse3 cx16 xtpr pdcm sse4_1 lahf_lm dtherm tpr_shadow vnmi flexpriority
bogomips	: 6010.75
clflush size	: 64
cache_alignment	: 64
address sizes	: 36 bits physical, 48 bits virtual
power management:

processor	: 2
vendor_id	: GenuineIntel
cpu family	: 6
model		: 23
model name	: Intel(R) Core(TM)2 Extreme CPU X9650  @ 3.00GHz
stepping	: 6
microcode	: 0x60b
cpu MHz		: 1998.000
cache size	: 6144 KB
physical id	: 0
siblings	: 4
core id		: 2
cpu cores	: 4
apicid		: 2
initial apicid	: 2
fpu		: yes
fpu_exception	: yes
cpuid level	: 10
wp		: yes
flags		: fpu vme de pse tsc msr pae mce cx8 apic sep mtrr pge mca cmov pat pse36 clflush dts acpi mmx fxsr sse sse2 ss ht tm pbe syscall nx lm constant_tsc arch_perfmon pebs bts rep_good nopl aperfmperf pni dtes64 monitor ds_cpl vmx est tm2 ssse3 cx16 xtpr pdcm sse4_1 lahf_lm dtherm tpr_shadow vnmi flexpriority
bogomips	: 6010.75
clflush size	: 64
cache_alignment	: 64
address sizes	: 36 bits physical, 48 bits virtual
power management:

processor	: 3
vendor_id	: GenuineIntel
cpu family	: 6
model		: 23
model name	: Intel(R) Core(TM)2 Extreme CPU X9650  @ 3.00GHz
stepping	: 6
microcode	: 0x60b
cpu MHz		: 1998.000
cache size	: 6144 KB
physical id	: 0
siblings	: 4
core id		: 3
cpu cores	: 4
apicid		: 3
initial apicid	: 3
fpu		: yes
fpu_exception	: yes
cpuid level	: 10
wp		: yes
flags		: fpu vme de pse tsc msr pae mce cx8 apic sep mtrr pge mca cmov pat pse36 clflush dts acpi mmx fxsr sse sse2 ss ht tm pbe syscall nx lm constant_tsc arch_perfmon pebs bts rep_good nopl aperfmperf pni dtes64 monitor ds_cpl vmx est tm2 ssse3 cx16 xtpr pdcm sse4_1 lahf_lm dtherm tpr_shadow vnmi flexpriority
bogomips	: 6010.75
clflush size	: 64
cache_alignment	: 64
address sizes	: 36 bits physical, 48 bits virtual
power management:



Memory: 4k page, physical 8168844k(72400k free), swap 0k(0k free)

vm_info: Java HotSpot(TM) 64-Bit Server VM (20.45-b01) for linux-amd64 JRE (1.6.0_45-b06), built on Mar 26 2013 14:07:02 by "java_re" with gcc 3.2.2 (SuSE Linux)

time: Sat Sep 14 14:48:32 2013
elapsed time: 34 seconds

