#
# A fatal error has been detected by the Java Runtime Environment:
#
#  SIGSEGV (0xb) at pc=0x0000000000016bd6, pid=14324, tid=140357016041216
#
# JRE version: 6.0_37-b06
# Java VM: Java HotSpot(TM) 64-Bit Server VM (20.12-b01 mixed mode linux-amd64 compressed oops)
# Problematic frame:
# C  0x0000000000016bd6
#
# If you would like to submit a bug report, please visit:
#   http://java.sun.com/webapps/bugreport/crash.jsp
# The crash happened outside the Java Virtual Machine in native code.
# See problematic frame for where to report the bug.
#

---------------  T H R E A D  ---------------

Current thread (0x00007fa79c2e2800):  JavaThread "LWJGL Application" [_thread_in_native, id=14348, stack(0x00007fa76a053000,0x00007fa76a154000)]

siginfo:si_signo=SIGSEGV: si_errno=0, si_code=1 (SEGV_MAPERR), si_addr=0x0000000000016bd6

Registers:
RAX=0x0000000000000010, RBX=0x00007fa75cafa7d0, RCX=0x0000000000000006, RDX=0x00007fa75cafa7d0
RSP=0x00007fa76a152638, RBP=0x0000000000000006, RSI=0x00007fa76a152650, RDI=0x00007fa75cafa7d0
R8 =0x0000000000000002, R9 =0x00000000000001e0, R10=0x00007fa799010ec1, R11=0x00007fa7a41c5280
R12=0x0000000000000002, R13=0x000000077e9a4b08, R14=0x00007fa76a152768, R15=0x00007fa79c2e2800
RIP=0x0000000000016bd6, EFLAGS=0x0000000000010202, CSGSFS=0x0000000000000033, ERR=0x0000000000000014
  TRAPNO=0x000000000000000e

Top of Stack: (sp=0x00007fa76a152638)
0x00007fa76a152638:   00007fa7a0158a71 000040003c888889
0x00007fa76a152648:   00007fa769857010 0000000000000010
0x00007fa76a152658:   00007fa79c2e29d0 00007fa76a152768
0x00007fa76a152668:   00000000401d0180 0000000000000010
0x00007fa76a152678:   00007fa79c2e29d0 00007fa76a152768
0x00007fa76a152688:   00007fa756f110a6 000000077e9a4b08
0x00007fa76a152698:   00007fa76a152720 0000000000000000
0x00007fa76a1526a8:   00007fa799010eee 0000000000004000
0x00007fa76a1526b8:   000000004020b2d8 000000004020b380
0x00007fa76a1526c8:   00007fa756ce2f7f 00007fa79c2e2800
0x00007fa76a1526d8:   0101000700000000 00007fa76a1526e0
0x00007fa76a1526e8:   0000000000000000 00007fa76a152768
0x00007fa76a1526f8:   000000077e9b7db0 0000000000000000
0x00007fa76a152708:   000000077e9a4b08 0000000000000000
0x00007fa76a152718:   00007fa76a152740 00007fa76a1527b0
0x00007fa76a152728:   00007fa799005a82 0000000000000000
0x00007fa76a152738:   00007fa79900df58 0000000000000002
0x00007fa76a152748:   0000000000000006 00007fa73c888889
0x00007fa76a152758:   00007fa75cafa7d0 00007fa76a1527c0
0x00007fa76a152768:   00000007d7b0ab48 00007fa76a152770
0x00007fa76a152778:   000000077e9a49f8 00007fa76a1527d8
0x00007fa76a152788:   000000077e9b7db0 000000077eacda98
0x00007fa76a152798:   000000077e9a4a38 00007fa76a152740
0x00007fa76a1527a8:   00007fa76a1527c0 00007fa76a152820
0x00007fa76a1527b8:   00007fa799005a82 0000000000000002
0x00007fa76a1527c8:   0000000000000006 00007fa73c888889
0x00007fa76a1527d8:   00000007d7b0ab48 00007fa76a1527e0
0x00007fa76a1527e8:   000000077e0ef571 00007fa76a152830
0x00007fa76a1527f8:   000000077e8fd738 000000077eacd9c0
0x00007fa76a152808:   000000077e0ef598 00007fa76a1527c0
0x00007fa76a152818:   00007fa76a152830 00007fa76a152878
0x00007fa76a152828:   00007fa799005a82 00000007d78e5a28 

Instructions: (pc=0x0000000000016bd6)
0x0000000000016bb6:   
[error occurred during error reporting (printing registers, top of stack, instructions near pc), id 0xb]

Register to memory mapping:

RAX=0x0000000000000010 is an unknown value
RBX=0x00007fa75cafa7d0 is an unknown value
RCX=0x0000000000000006 is an unknown value
RDX=0x00007fa75cafa7d0 is an unknown value
RSP=0x00007fa76a152638 is pointing into the stack for thread: 0x00007fa79c2e2800
RBP=0x0000000000000006 is an unknown value
RSI=0x00007fa76a152650 is pointing into the stack for thread: 0x00007fa79c2e2800
RDI=0x00007fa75cafa7d0 is an unknown value
R8 =0x0000000000000002 is an unknown value
R9 =0x00000000000001e0 is an unknown value
R10=0x00007fa799010ec1 is an Interpreter codelet
method entry point (kind = native)  [0x00007fa799010c60, 0x00007fa7990114a0]  2112 bytes
R11=0x00007fa7a41c5280: <offset 0x78b280> in /opt/sun-jdk-1.6.0.37/jre/lib/amd64/server/libjvm.so at 0x00007fa7a3a3a000
R12=0x0000000000000002 is an unknown value
R13=0x000000077e9a4b08 is an oop
{method} 
 - klass: {other class}
R14=0x00007fa76a152768 is pointing into the stack for thread: 0x00007fa79c2e2800
R15=0x00007fa79c2e2800 is a thread


Stack: [0x00007fa76a053000,0x00007fa76a154000],  sp=0x00007fa76a152638,  free space=1021k
Native frames: (J=compiled Java code, j=interpreted, Vv=VM code, C=native code)
C  0x0000000000016bd6

Java frames: (J=compiled Java code, j=interpreted, Vv=VM code)
j  com.badlogic.gdx.physics.box2d.World.jniStep(JFII)V+0
j  com.badlogic.gdx.physics.box2d.World.step(FII)V+8
j  com.spiddekauga.voider.editor.LevelEditor.update()V+9
j  com.spiddekauga.voider.scene.SceneSwitcher.update()V+176
j  com.spiddekauga.voider.VoiderGame.render()V+34
j  com.badlogic.gdx.backends.lwjgl.LwjglApplication.mainLoop()V+501
j  com.badlogic.gdx.backends.lwjgl.LwjglApplication$1.run()V+27
v  ~StubRoutines::call_stub

---------------  P R O C E S S  ---------------

Java Threads: ( => current thread )
  0x00007fa75cad0000 JavaThread "AssetManager-Loader-Thread" daemon [_thread_blocked, id=14353, stack(0x00007fa769f52000,0x00007fa76a053000)]
  0x00007fa79c008000 JavaThread "DestroyJavaVM" [_thread_blocked, id=14329, stack(0x00007fa7a3642000,0x00007fa7a3743000)]
=>0x00007fa79c2e2800 JavaThread "LWJGL Application" [_thread_in_native, id=14348, stack(0x00007fa76a053000,0x00007fa76a154000)]
  0x00007fa79c232800 JavaThread "AWT-XAWT" daemon [_thread_in_native, id=14346, stack(0x00007fa76af09000,0x00007fa76b00a000)]
  0x00007fa79c1db800 JavaThread "Java2D Disposer" daemon [_thread_blocked, id=14344, stack(0x00007fa7a0018000,0x00007fa7a0119000)]
  0x00007fa79c091800 JavaThread "Low Memory Detector" daemon [_thread_blocked, id=14340, stack(0x00007fa7a0485000,0x00007fa7a0586000)]
  0x00007fa79c08f800 JavaThread "C2 CompilerThread1" daemon [_thread_blocked, id=14339, stack(0x00007fa7a0586000,0x00007fa7a0687000)]
  0x00007fa79c08c800 JavaThread "C2 CompilerThread0" daemon [_thread_blocked, id=14338, stack(0x00007fa7a0687000,0x00007fa7a0788000)]
  0x00007fa79c08a800 JavaThread "Signal Dispatcher" daemon [_thread_blocked, id=14337, stack(0x00007fa7a0788000,0x00007fa7a0889000)]
  0x00007fa79c06e000 JavaThread "Finalizer" daemon [_thread_blocked, id=14336, stack(0x00007fa7a139c000,0x00007fa7a149d000)]
  0x00007fa79c06c000 JavaThread "Reference Handler" daemon [_thread_blocked, id=14335, stack(0x00007fa7a149d000,0x00007fa7a159e000)]

Other Threads:
  0x00007fa79c065800 VMThread [stack: 0x00007fa7a159e000,0x00007fa7a169f000] [id=14334]
  0x00007fa79c0a4800 WatcherThread [stack: 0x00007fa7a0384000,0x00007fa7a0485000] [id=14341]

VM state:not at safepoint (normal execution)

VM Mutex/Monitor currently owned by a thread: None

Heap
 PSYoungGen      total 37312K, used 30712K [0x00000007d6560000, 0x00000007d8f00000, 0x0000000800000000)
  eden space 32000K, 95% used [0x00000007d6560000,0x00000007d835e120,0x00000007d84a0000)
  from space 5312K, 0% used [0x00000007d89d0000,0x00000007d89d0000,0x00000007d8f00000)
  to   space 5312K, 0% used [0x00000007d84a0000,0x00000007d84a0000,0x00000007d89d0000)
 PSOldGen        total 85312K, used 0K [0x0000000783000000, 0x0000000788350000, 0x00000007d6560000)
  object space 85312K, 0% used [0x0000000783000000,0x0000000783000000,0x0000000788350000)
 PSPermGen       total 21248K, used 13126K [0x000000077de00000, 0x000000077f2c0000, 0x0000000783000000)
  object space 21248K, 61% used [0x000000077de00000,0x000000077ead18a0,0x000000077f2c0000)

Code Cache  [0x00007fa799000000, 0x00007fa799270000, 0x00007fa79c000000)
 total_blobs=773 nmethods=280 adapters=447 free_code_cache=49258688 largest_free_block=6848

Dynamic libraries:
3ff00000-40009000 r-xp 00000000 08:22 814122                             /opt/sun-jdk-1.6.0.37/bin/java
40108000-4010a000 rwxp 00108000 08:22 814122                             /opt/sun-jdk-1.6.0.37/bin/java
4010a000-4012b000 rwxp 00000000 00:00 0                                  [heap]
40194000-40212000 rwxp 00000000 00:00 0 
40821000-40823000 r-xs 00000000 08:22 3276858                            /tmp/glnqk3m4 (deleted)
77de00000-77f2c0000 rwxp 00000000 00:00 0 
77f2c0000-783000000 rwxp 00000000 00:00 0 
783000000-788350000 rwxp 00000000 00:00 0 
788350000-7d6560000 rwxp 00000000 00:00 0 
7d6560000-7d8f00000 rwxp 00000000 00:00 0 
7d8f00000-800000000 rwxp 00000000 00:00 0 
7fa750000000-7fa7500c8000 rwxp 00000000 00:00 0 
7fa7500c8000-7fa754000000 ---p 00000000 00:00 0 
7fa755c16000-7fa7575e6000 r-xp 00000000 08:22 4327807                    /usr/lib64/libnvidia-glcore.so.304.64
7fa7575e6000-7fa7577e5000 ---p 019d0000 08:22 4327807                    /usr/lib64/libnvidia-glcore.so.304.64
7fa7577e5000-7fa757fe6000 rwxp 019cf000 08:22 4327807                    /usr/lib64/libnvidia-glcore.so.304.64
7fa757fe6000-7fa758000000 rwxp 00000000 00:00 0 
7fa758000000-7fa758021000 rwxp 00000000 00:00 0 
7fa758021000-7fa75c000000 ---p 00000000 00:00 0 
7fa75c000000-7fa75cbc4000 rwxp 00000000 00:00 0 
7fa75cbc4000-7fa760000000 ---p 00000000 00:00 0 
7fa760000000-7fa760021000 rwxp 00000000 00:00 0 
7fa760021000-7fa764000000 ---p 00000000 00:00 0 
7fa764000000-7fa764021000 rwxp 00000000 00:00 0 
7fa764021000-7fa768000000 ---p 00000000 00:00 0 
7fa769440000-7fa769453000 r-xp 00000000 08:22 814228                     /opt/sun-jdk-1.6.0.37/jre/lib/amd64/libnet.so
7fa769453000-7fa769554000 ---p 00013000 08:22 814228                     /opt/sun-jdk-1.6.0.37/jre/lib/amd64/libnet.so
7fa769554000-7fa769557000 rwxp 00014000 08:22 814228                     /opt/sun-jdk-1.6.0.37/jre/lib/amd64/libnet.so
7fa769557000-7fa769757000 rwxs 19cb2000 00:0b 4207                       /dev/nvidia1
7fa769757000-7fa769857000 rwxs 19cea000 00:0b 4207                       /dev/nvidia1
7fa769857000-7fa769969000 rwxp 00000000 00:00 0 
7fa769973000-7fa76997a000 r-xs 00000000 08:22 4618705                    /usr/lib64/gconv/gconv-modules.cache
7fa76997a000-7fa76997d000 r-xs 00027000 08:22 814888                     /opt/sun-jdk-1.6.0.37/jre/lib/ext/sunjce_provider.jar
7fa76997d000-7fa769984000 r-xs 00095000 08:22 814155                     /opt/sun-jdk-1.6.0.37/jre/lib/jsse.jar
7fa769984000-7fa769987000 r-xs 00013000 08:22 814898                     /opt/sun-jdk-1.6.0.37/jre/lib/jce.jar
7fa769987000-7fa769989000 rwxp 00000000 00:00 0 
7fa769989000-7fa76998d000 rwxs 8568d000 00:0b 4207                       /dev/nvidia1
7fa76998d000-7fa76998e000 rwxs d0005000 00:0b 4207                       /dev/nvidia1
7fa76998e000-7fa76998f000 rwxs 8556a000 00:0b 4207                       /dev/nvidia1
7fa76998f000-7fa769993000 rwxs 96463000 00:0b 4207                       /dev/nvidia1
7fa769993000-7fa7699d3000 rwxs ab9d0000 00:0b 4207                       /dev/nvidia1
7fa7699f3000-7fa7699f6000 r-xp 00000000 08:22 4327810                    /usr/lib64/opengl/nvidia/lib/libnvidia-tls.so.304.64
7fa7699f6000-7fa769bf5000 ---p 00003000 08:22 4327810                    /usr/lib64/opengl/nvidia/lib/libnvidia-tls.so.304.64
7fa769bf5000-7fa769bf6000 rwxp 00002000 08:22 4327810                    /usr/lib64/opengl/nvidia/lib/libnvidia-tls.so.304.64
7fa769bf6000-7fa769cc0000 r-xp 00000000 08:22 4327804                    /usr/lib64/opengl/nvidia/lib/libGL.so.304.64
7fa769cc0000-7fa769ec0000 ---p 000ca000 08:22 4327804                    /usr/lib64/opengl/nvidia/lib/libGL.so.304.64
7fa769ec0000-7fa769efd000 rwxp 000ca000 08:22 4327804                    /usr/lib64/opengl/nvidia/lib/libGL.so.304.64
7fa769efd000-7fa769f13000 rwxp 00000000 00:00 0 
7fa769f13000-7fa769f15000 rwxs 00000000 08:22 3276858                    /tmp/glnqk3m4 (deleted)
7fa769f15000-7fa769f52000 rwxp 00000000 00:00 0 
7fa769f52000-7fa769f55000 ---p 00000000 00:00 0 
7fa769f55000-7fa76a053000 rwxp 00000000 00:00 0 
7fa76a053000-7fa76a056000 ---p 00000000 00:00 0 
7fa76a056000-7fa76a154000 rwxp 00000000 00:00 0 
7fa76a154000-7fa76a155000 ---p 00000000 00:00 0 
7fa76a155000-7fa76a255000 rwxp 00000000 00:00 0 
7fa76a255000-7fa76a32f000 r-xp 00000000 08:22 4743064                    /usr/lib64/libasound.so.2.0.0
7fa76a32f000-7fa76a52e000 ---p 000da000 08:22 4743064                    /usr/lib64/libasound.so.2.0.0
7fa76a52e000-7fa76a534000 r-xp 000d9000 08:22 4743064                    /usr/lib64/libasound.so.2.0.0
7fa76a534000-7fa76a536000 rwxp 000df000 08:22 4743064                    /usr/lib64/libasound.so.2.0.0
7fa76a536000-7fa76a587000 r-xp 00000000 08:22 3279356                    /tmp/libgdxsenth/1236974564/libopenal64.so
7fa76a587000-7fa76a787000 ---p 00051000 08:22 3279356                    /tmp/libgdxsenth/1236974564/libopenal64.so
7fa76a787000-7fa76a789000 r-xp 00051000 08:22 3279356                    /tmp/libgdxsenth/1236974564/libopenal64.so
7fa76a789000-7fa76a78a000 rwxp 00053000 08:22 3279356                    /tmp/libgdxsenth/1236974564/libopenal64.so
7fa76a78a000-7fa76a78b000 rwxp 00000000 00:00 0 
7fa76a78b000-7fa76a790000 r-xp 00000000 08:22 4375155                    /usr/lib64/libXxf86vm.so.1.0.0
7fa76a790000-7fa76a98f000 ---p 00005000 08:22 4375155                    /usr/lib64/libXxf86vm.so.1.0.0
7fa76a98f000-7fa76a990000 r-xp 00004000 08:22 4375155                    /usr/lib64/libXxf86vm.so.1.0.0
7fa76a990000-7fa76a991000 rwxp 00005000 08:22 4375155                    /usr/lib64/libXxf86vm.so.1.0.0
7fa76a991000-7fa76a99a000 r-xp 00000000 08:22 4199067                    /usr/lib64/libXrandr.so.2.2.0
7fa76a99a000-7fa76ab99000 ---p 00009000 08:22 4199067                    /usr/lib64/libXrandr.so.2.2.0
7fa76ab99000-7fa76ab9a000 r-xp 00008000 08:22 4199067                    /usr/lib64/libXrandr.so.2.2.0
7fa76ab9a000-7fa76ab9b000 rwxp 00009000 08:22 4199067                    /usr/lib64/libXrandr.so.2.2.0
7fa76ab9b000-7fa76ac05000 r-xp 00000000 08:22 3280017                    /tmp/libgdxsenth/1236974564/liblwjgl64.so
7fa76ac05000-7fa76ae05000 ---p 0006a000 08:22 3280017                    /tmp/libgdxsenth/1236974564/liblwjgl64.so
7fa76ae05000-7fa76ae07000 r-xp 0006a000 08:22 3280017                    /tmp/libgdxsenth/1236974564/liblwjgl64.so
7fa76ae07000-7fa76ae08000 rwxp 0006c000 08:22 3280017                    /tmp/libgdxsenth/1236974564/liblwjgl64.so
7fa76ae08000-7fa76ae09000 r-xp 00000000 08:22 814208                     /opt/sun-jdk-1.6.0.37/jre/lib/amd64/libjawt.so
7fa76ae09000-7fa76af08000 ---p 00001000 08:22 814208                     /opt/sun-jdk-1.6.0.37/jre/lib/amd64/libjawt.so
7fa76af08000-7fa76af09000 rwxp 00000000 08:22 814208                     /opt/sun-jdk-1.6.0.37/jre/lib/amd64/libjawt.so
7fa76af09000-7fa76af0c000 ---p 00000000 00:00 0 
7fa76af0c000-7fa76b00a000 rwxp 00000000 00:00 0 
7fa76b00a000-7fa76b00f000 r-xp 00000000 08:22 4599727                    /usr/lib64/libXfixes.so.3.1.0
7fa76b00f000-7fa76b20f000 ---p 00005000 08:22 4599727                    /usr/lib64/libXfixes.so.3.1.0
7fa76b20f000-7fa76b210000 r-xp 00005000 08:22 4599727                    /usr/lib64/libXfixes.so.3.1.0
7fa76b210000-7fa76b211000 rwxp 00006000 08:22 4599727                    /usr/lib64/libXfixes.so.3.1.0
7fa76b211000-7fa76b21a000 r-xp 00000000 08:22 4375106                    /usr/lib64/libXrender.so.1.3.0
7fa76b21a000-7fa76b419000 ---p 00009000 08:22 4375106                    /usr/lib64/libXrender.so.1.3.0
7fa76b419000-7fa76b41a000 r-xp 00008000 08:22 4375106                    /usr/lib64/libXrender.so.1.3.0
7fa76b41a000-7fa76b41b000 rwxp 00009000 08:22 4375106                    /usr/lib64/libXrender.so.1.3.0
7fa76b41b000-7fa76b425000 r-xp 00000000 08:22 4377835                    /usr/lib64/libXcursor.so.1.0.2
7fa76b425000-7fa76b624000 ---p 0000a000 08:22 4377835                    /usr/lib64/libXcursor.so.1.0.2
7fa76b624000-7fa76b625000 r-xp 00009000 08:22 4377835                    /usr/lib64/libXcursor.so.1.0.2
7fa76b625000-7fa76b626000 rwxp 0000a000 08:22 4377835                    /usr/lib64/libXcursor.so.1.0.2
7fa76b626000-7fa76b69f000 r-xp 00000000 08:22 814182                     /opt/sun-jdk-1.6.0.37/jre/lib/amd64/libfontmanager.so
7fa76b69f000-7fa76b79e000 ---p 00079000 08:22 814182                     /opt/sun-jdk-1.6.0.37/jre/lib/amd64/libfontmanager.so
7fa76b79e000-7fa76b7b4000 rwxp 00078000 08:22 814182                     /opt/sun-jdk-1.6.0.37/jre/lib/amd64/libfontmanager.so
7fa76b7b4000-7fa76b7c5000 rwxp 00000000 00:00 0 
7fa76b7c5000-7fa76b7ca000 r-xp 00000000 08:22 4473603                    /usr/lib64/libXdmcp.so.6.0.0
7fa76b7ca000-7fa76b9c9000 ---p 00005000 08:22 4473603                    /usr/lib64/libXdmcp.so.6.0.0
7fa76b9c9000-7fa76b9ca000 r-xp 00004000 08:22 4473603                    /usr/lib64/libXdmcp.so.6.0.0
7fa76b9ca000-7fa76b9cb000 rwxp 00005000 08:22 4473603                    /usr/lib64/libXdmcp.so.6.0.0
7fa76b9cb000-7fa76b9cd000 r-xp 00000000 08:22 4473139                    /usr/lib64/libXau.so.6.0.0
7fa76b9cd000-7fa76bbcd000 ---p 00002000 08:22 4473139                    /usr/lib64/libXau.so.6.0.0
7fa76bbcd000-7fa76bbce000 r-xp 00002000 08:22 4473139                    /usr/lib64/libXau.so.6.0.0
7fa76bbce000-7fa76bbcf000 rwxp 00003000 08:22 4473139                    /usr/lib64/libXau.so.6.0.0
7fa76bbcf000-7fa76bbef000 r-xp 00000000 08:22 4204381                    /usr/lib64/libxcb.so.1.1.0
7fa76bbef000-7fa76bdee000 ---p 00020000 08:22 4204381                    /usr/lib64/libxcb.so.1.1.0
7fa76bdee000-7fa76bdef000 r-xp 0001f000 08:22 4204381                    /usr/lib64/libxcb.so.1.1.0
7fa76bdef000-7fa76bdf0000 rwxp 00020000 08:22 4204381                    /usr/lib64/libxcb.so.1.1.0
7fa76bdf0000-7fa76bdff000 r-xp 00000000 08:22 4470670                    /usr/lib64/libXi.so.6.1.0
7fa76bdff000-7fa76bffe000 ---p 0000f000 08:22 4470670                    /usr/lib64/libXi.so.6.1.0
7fa76bffe000-7fa76bfff000 r-xp 0000e000 08:22 4470670                    /usr/lib64/libXi.so.6.1.0
7fa76bfff000-7fa76c000000 rwxp 0000f000 08:22 4470670                    /usr/lib64/libXi.so.6.1.0
7fa76c000000-7fa76c6f5000 rwxp 00000000 00:00 0 
7fa76c6f5000-7fa770000000 ---p 00000000 00:00 0 
7fa770000000-7fa770021000 rwxp 00000000 00:00 0 
7fa770021000-7fa774000000 ---p 00000000 00:00 0 
7fa774000000-7fa774021000 rwxp 00000000 00:00 0 
7fa774021000-7fa778000000 ---p 00000000 00:00 0 
7fa778000000-7fa7784de000 rwxp 00000000 00:00 0 
7fa7784de000-7fa77c000000 ---p 00000000 00:00 0 
7fa77c000000-7fa77c021000 rwxp 00000000 00:00 0 
7fa77c021000-7fa780000000 ---p 00000000 00:00 0 
7fa780000000-7fa780021000 rwxp 00000000 00:00 0 
7fa780021000-7fa784000000 ---p 00000000 00:00 0 
7fa784000000-7fa784021000 rwxp 00000000 00:00 0 
7fa784021000-7fa788000000 ---p 00000000 00:00 0 
7fa788000000-7fa788021000 rwxp 00000000 00:00 0 
7fa788021000-7fa78c000000 ---p 00000000 00:00 0 
7fa78c000000-7fa78c021000 rwxp 00000000 00:00 0 
7fa78c021000-7fa790000000 ---p 00000000 00:00 0 
7fa790000000-7fa790021000 rwxp 00000000 00:00 0 
7fa790021000-7fa794000000 ---p 00000000 00:00 0 
7fa794000000-7fa794021000 rwxp 00000000 00:00 0 
7fa794021000-7fa798000000 ---p 00000000 00:00 0 
7fa798000000-7fa798001000 rwxs fdc08000 00:0b 4207                       /dev/nvidia1
7fa798001000-7fa798002000 rwxs fd642000 00:0b 4207                       /dev/nvidia1
7fa798002000-7fa798003000 rwxs 22f0fb000 00:0b 4207                      /dev/nvidia1
7fa798003000-7fa798004000 rwxs fd641000 00:0b 4207                       /dev/nvidia1
7fa798004000-7fa798005000 rwxs 22f0fa000 00:0b 4207                      /dev/nvidia1
7fa798005000-7fa798006000 rwxs 856af000 00:0b 4207                       /dev/nvidia1
7fa798006000-7fa798023000 rwxs 234665000 00:0b 4207                      /dev/nvidia1
7fa798023000-7fa798033000 rwxs 00000000 00:04 32769                      /SYSV0056a4d6 (deleted)
7fa798033000-7fa798043000 rwxs 00000000 00:0b 2238                       /dev/snd/pcmC0D0p
7fa798043000-7fa79804c000 r-xs 00000000 08:22 4194760                    /var/cache/fontconfig/87f5e051180a7a75f16eb6fe7dbd3749-le64.cache-3
7fa79804c000-7fa798055000 r-xs 00000000 08:22 4194765                    /var/cache/fontconfig/acc285bc1956c3c4bc7afb41d537a85a-le64.cache-3
7fa798055000-7fa79805e000 r-xs 00000000 08:22 4194764                    /var/cache/fontconfig/4460665c0f3e88acdd4c85aa2f409b99-le64.cache-3
7fa79805e000-7fa798062000 r-xs 00000000 08:22 4194763                    /var/cache/fontconfig/88854163852d87a9a9866b7080197209-le64.cache-3
7fa798062000-7fa798074000 r-xs 00000000 08:22 4194761                    /var/cache/fontconfig/8d4af663993b81a124ee82e610bb31f9-le64.cache-3
7fa798074000-7fa798079000 r-xp 00000000 08:22 4377447                    /usr/lib64/libXtst.so.6.1.0
7fa798079000-7fa798278000 ---p 00005000 08:22 4377447                    /usr/lib64/libXtst.so.6.1.0
7fa798278000-7fa798279000 r-xp 00004000 08:22 4377447                    /usr/lib64/libXtst.so.6.1.0
7fa798279000-7fa79827a000 rwxp 00005000 08:22 4377447                    /usr/lib64/libXtst.so.6.1.0
7fa79827a000-7fa7983b3000 r-xp 00000000 08:22 4730848                    /usr/lib64/libX11.so.6.3.0
7fa7983b3000-7fa7985b3000 ---p 00139000 08:22 4730848                    /usr/lib64/libX11.so.6.3.0
7fa7985b3000-7fa7985b4000 r-xp 00139000 08:22 4730848                    /usr/lib64/libX11.so.6.3.0
7fa7985b4000-7fa7985b9000 rwxp 0013a000 08:22 4730848                    /usr/lib64/libX11.so.6.3.0
7fa7985b9000-7fa7985ca000 r-xp 00000000 08:22 4377479                    /usr/lib64/libXext.so.6.4.0
7fa7985ca000-7fa7987c9000 ---p 00011000 08:22 4377479                    /usr/lib64/libXext.so.6.4.0
7fa7987c9000-7fa7987ca000 r-xp 00010000 08:22 4377479                    /usr/lib64/libXext.so.6.4.0
7fa7987ca000-7fa7987cb000 rwxp 00011000 08:22 4377479                    /usr/lib64/libXext.so.6.4.0
7fa7987cb000-7fa79880d000 r-xp 00000000 08:22 814177                     /opt/sun-jdk-1.6.0.37/jre/lib/amd64/xawt/libmawt.so
7fa79880d000-7fa79890c000 ---p 00042000 08:22 814177                     /opt/sun-jdk-1.6.0.37/jre/lib/amd64/xawt/libmawt.so
7fa79890c000-7fa798918000 rwxp 00041000 08:22 814177                     /opt/sun-jdk-1.6.0.37/jre/lib/amd64/xawt/libmawt.so
7fa798918000-7fa798919000 rwxp 00000000 00:00 0 
7fa798919000-7fa7989ab000 r-xp 00000000 08:22 814194                     /opt/sun-jdk-1.6.0.37/jre/lib/amd64/libawt.so
7fa7989ab000-7fa798aaa000 ---p 00092000 08:22 814194                     /opt/sun-jdk-1.6.0.37/jre/lib/amd64/libawt.so
7fa798aaa000-7fa798ac4000 rwxp 00091000 08:22 814194                     /opt/sun-jdk-1.6.0.37/jre/lib/amd64/libawt.so
7fa798ac4000-7fa798ae8000 rwxp 00000000 00:00 0 
7fa798ae8000-7fa798afd000 r-xp 00000000 08:22 4449816                    /usr/lib64/gcc/x86_64-pc-linux-gnu/4.5.4/libgcc_s.so.1
7fa798afd000-7fa798cfc000 ---p 00015000 08:22 4449816                    /usr/lib64/gcc/x86_64-pc-linux-gnu/4.5.4/libgcc_s.so.1
7fa798cfc000-7fa798cfd000 r-xp 00014000 08:22 4449816                    /usr/lib64/gcc/x86_64-pc-linux-gnu/4.5.4/libgcc_s.so.1
7fa798cfd000-7fa798cfe000 rwxp 00015000 08:22 4449816                    /usr/lib64/gcc/x86_64-pc-linux-gnu/4.5.4/libgcc_s.so.1
7fa798cfe000-7fa798de2000 r-xp 00000000 08:22 4449801                    /usr/lib64/gcc/x86_64-pc-linux-gnu/4.5.4/libstdc++.so.6.0.14
7fa798de2000-7fa798fe1000 ---p 000e4000 08:22 4449801                    /usr/lib64/gcc/x86_64-pc-linux-gnu/4.5.4/libstdc++.so.6.0.14
7fa798fe1000-7fa798fe9000 r-xp 000e3000 08:22 4449801                    /usr/lib64/gcc/x86_64-pc-linux-gnu/4.5.4/libstdc++.so.6.0.14
7fa798fe9000-7fa798feb000 rwxp 000eb000 08:22 4449801                    /usr/lib64/gcc/x86_64-pc-linux-gnu/4.5.4/libstdc++.so.6.0.14
7fa798feb000-7fa799270000 rwxp 00000000 00:00 0 
7fa799270000-7fa79c2f6000 rwxp 00000000 00:00 0 
7fa79c2f6000-7fa7a0000000 ---p 00000000 00:00 0 
7fa7a0000000-7fa7a0001000 rwxs fd060000 00:0b 4207                       /dev/nvidia1
7fa7a0001000-7fa7a0002000 rwxs 81000000 00:0b 2238                       /dev/snd/pcmC0D0p
7fa7a0002000-7fa7a0003000 r-xs 80000000 00:0b 2238                       /dev/snd/pcmC0D0p
7fa7a0003000-7fa7a000e000 r-xs 00000000 08:22 4194759                    /var/cache/fontconfig/d722f191fc173fb8c13c8ea6f285de40-le64.cache-3
7fa7a000e000-7fa7a0012000 r-xs 00000000 08:22 4194757                    /var/cache/fontconfig/a595ca43be94766bbfe429f07fba82d0-le64.cache-3
7fa7a0012000-7fa7a0014000 r-xs 00000000 08:22 4194756                    /var/cache/fontconfig/452f1fac34b224105d7acfae3034bcd5-le64.cache-3
7fa7a0014000-7fa7a0018000 r-xs 00000000 08:22 4194755                    /var/cache/fontconfig/580bda594161061e6ef4cc8a4db09662-le64.cache-3
7fa7a0018000-7fa7a001b000 ---p 00000000 00:00 0 
7fa7a001b000-7fa7a0119000 rwxp 00000000 00:00 0 
7fa7a0119000-7fa7a0181000 r-xp 00000000 08:22 3276997                    /tmp/libgdxsenth/1236974564/libgdx64.so
7fa7a0181000-7fa7a0380000 ---p 00068000 08:22 3276997                    /tmp/libgdxsenth/1236974564/libgdx64.so
7fa7a0380000-7fa7a0382000 r-xp 00067000 08:22 3276997                    /tmp/libgdxsenth/1236974564/libgdx64.so
7fa7a0382000-7fa7a0383000 rwxp 00069000 08:22 3276997                    /tmp/libgdxsenth/1236974564/libgdx64.so
7fa7a0383000-7fa7a0384000 rwxp 00000000 00:00 0 
7fa7a0384000-7fa7a0385000 ---p 00000000 00:00 0 
7fa7a0385000-7fa7a0485000 rwxp 00000000 00:00 0 
7fa7a0485000-7fa7a0488000 ---p 00000000 00:00 0 
7fa7a0488000-7fa7a0586000 rwxp 00000000 00:00 0 
7fa7a0586000-7fa7a0589000 ---p 00000000 00:00 0 
7fa7a0589000-7fa7a0687000 rwxp 00000000 00:00 0 
7fa7a0687000-7fa7a068a000 ---p 00000000 00:00 0 
7fa7a068a000-7fa7a0788000 rwxp 00000000 00:00 0 
7fa7a0788000-7fa7a078b000 ---p 00000000 00:00 0 
7fa7a078b000-7fa7a0889000 rwxp 00000000 00:00 0 
7fa7a0889000-7fa7a139c000 r-xp 00000000 08:22 5251173                    /usr/lib64/locale/locale-archive
7fa7a139c000-7fa7a139f000 ---p 00000000 00:00 0 
7fa7a139f000-7fa7a149d000 rwxp 00000000 00:00 0 
7fa7a149d000-7fa7a14a0000 ---p 00000000 00:00 0 
7fa7a14a0000-7fa7a159e000 rwxp 00000000 00:00 0 
7fa7a159e000-7fa7a159f000 ---p 00000000 00:00 0 
7fa7a159f000-7fa7a1ba4000 rwxp 00000000 00:00 0 
7fa7a1ba4000-7fa7a1d3b000 r-xs 03080000 08:22 814407                     /opt/sun-jdk-1.6.0.37/jre/lib/rt.jar
7fa7a1d3b000-7fa7a1d3c000 ---p 00000000 00:00 0 
7fa7a1d3c000-7fa7a1e3c000 rwxp 00000000 00:00 0 
7fa7a1e3c000-7fa7a1e3d000 ---p 00000000 00:00 0 
7fa7a1e3d000-7fa7a1f3d000 rwxp 00000000 00:00 0 
7fa7a1f3d000-7fa7a1f3e000 ---p 00000000 00:00 0 
7fa7a1f3e000-7fa7a203e000 rwxp 00000000 00:00 0 
7fa7a203e000-7fa7a203f000 ---p 00000000 00:00 0 
7fa7a203f000-7fa7a2169000 rwxp 00000000 00:00 0 
7fa7a2169000-7fa7a23da000 rwxp 00000000 00:00 0 
7fa7a23da000-7fa7a23e5000 rwxp 00000000 00:00 0 
7fa7a23e5000-7fa7a2403000 rwxp 00000000 00:00 0 
7fa7a2403000-7fa7a242d000 rwxp 00000000 00:00 0 
7fa7a242d000-7fa7a269d000 rwxp 00000000 00:00 0 
7fa7a269d000-7fa7a26b3000 rwxp 00000000 00:00 0 
7fa7a26b3000-7fa7a27eb000 rwxp 00000000 00:00 0 
7fa7a27eb000-7fa7a27f6000 rwxp 00000000 00:00 0 
7fa7a27f6000-7fa7a28ac000 rwxp 00000000 00:00 0 
7fa7a28ac000-7fa7a28ba000 r-xp 00000000 08:22 814183                     /opt/sun-jdk-1.6.0.37/jre/lib/amd64/libzip.so
7fa7a28ba000-7fa7a29bc000 ---p 0000e000 08:22 814183                     /opt/sun-jdk-1.6.0.37/jre/lib/amd64/libzip.so
7fa7a29bc000-7fa7a29bf000 rwxp 00010000 08:22 814183                     /opt/sun-jdk-1.6.0.37/jre/lib/amd64/libzip.so
7fa7a29bf000-7fa7a29c0000 rwxp 00000000 00:00 0 
7fa7a29c0000-7fa7a29cc000 r-xp 00000000 08:22 792418                     /lib64/libnss_files-2.15.so
7fa7a29cc000-7fa7a2bcc000 ---p 0000c000 08:22 792418                     /lib64/libnss_files-2.15.so
7fa7a2bcc000-7fa7a2bcd000 r-xp 0000c000 08:22 792418                     /lib64/libnss_files-2.15.so
7fa7a2bcd000-7fa7a2bce000 rwxp 0000d000 08:22 792418                     /lib64/libnss_files-2.15.so
7fa7a2bce000-7fa7a2bd8000 r-xp 00000000 08:22 792457                     /lib64/libnss_nis-2.15.so
7fa7a2bd8000-7fa7a2dd8000 ---p 0000a000 08:22 792457                     /lib64/libnss_nis-2.15.so
7fa7a2dd8000-7fa7a2dd9000 r-xp 0000a000 08:22 792457                     /lib64/libnss_nis-2.15.so
7fa7a2dd9000-7fa7a2dda000 rwxp 0000b000 08:22 792457                     /lib64/libnss_nis-2.15.so
7fa7a2dda000-7fa7a2de1000 r-xp 00000000 08:22 792459                     /lib64/libnss_compat-2.15.so
7fa7a2de1000-7fa7a2fe1000 ---p 00007000 08:22 792459                     /lib64/libnss_compat-2.15.so
7fa7a2fe1000-7fa7a2fe2000 r-xp 00007000 08:22 792459                     /lib64/libnss_compat-2.15.so
7fa7a2fe2000-7fa7a2fe3000 rwxp 00008000 08:22 792459                     /lib64/libnss_compat-2.15.so
7fa7a2fe3000-7fa7a2ff8000 r-xp 00000000 08:22 792456                     /lib64/libnsl-2.15.so
7fa7a2ff8000-7fa7a31f7000 ---p 00015000 08:22 792456                     /lib64/libnsl-2.15.so
7fa7a31f7000-7fa7a31f8000 r-xp 00014000 08:22 792456                     /lib64/libnsl-2.15.so
7fa7a31f8000-7fa7a31f9000 rwxp 00015000 08:22 792456                     /lib64/libnsl-2.15.so
7fa7a31f9000-7fa7a31fb000 rwxp 00000000 00:00 0 
7fa7a31fb000-7fa7a3224000 r-xp 00000000 08:22 814205                     /opt/sun-jdk-1.6.0.37/jre/lib/amd64/libjava.so
7fa7a3224000-7fa7a3323000 ---p 00029000 08:22 814205                     /opt/sun-jdk-1.6.0.37/jre/lib/amd64/libjava.so
7fa7a3323000-7fa7a332a000 rwxp 00028000 08:22 814205                     /opt/sun-jdk-1.6.0.37/jre/lib/amd64/libjava.so
7fa7a332a000-7fa7a3337000 r-xp 00000000 08:22 814192                     /opt/sun-jdk-1.6.0.37/jre/lib/amd64/libverify.so
7fa7a3337000-7fa7a3436000 ---p 0000d000 08:22 814192                     /opt/sun-jdk-1.6.0.37/jre/lib/amd64/libverify.so
7fa7a3436000-7fa7a3439000 rwxp 0000c000 08:22 814192                     /opt/sun-jdk-1.6.0.37/jre/lib/amd64/libverify.so
7fa7a3439000-7fa7a3441000 r-xp 00000000 08:22 792422                     /lib64/librt-2.15.so
7fa7a3441000-7fa7a3640000 ---p 00008000 08:22 792422                     /lib64/librt-2.15.so
7fa7a3640000-7fa7a3641000 r-xp 00007000 08:22 792422                     /lib64/librt-2.15.so
7fa7a3641000-7fa7a3642000 rwxp 00008000 08:22 792422                     /lib64/librt-2.15.so
7fa7a3642000-7fa7a3645000 ---p 00000000 00:00 0 
7fa7a3645000-7fa7a3743000 rwxp 00000000 00:00 0 
7fa7a3743000-7fa7a3839000 r-xp 00000000 08:22 792389                     /lib64/libm-2.15.so
7fa7a3839000-7fa7a3a38000 ---p 000f6000 08:22 792389                     /lib64/libm-2.15.so
7fa7a3a38000-7fa7a3a39000 r-xp 000f5000 08:22 792389                     /lib64/libm-2.15.so
7fa7a3a39000-7fa7a3a3a000 rwxp 000f6000 08:22 792389                     /lib64/libm-2.15.so
7fa7a3a3a000-7fa7a4357000 r-xp 00000000 08:22 814214                     /opt/sun-jdk-1.6.0.37/jre/lib/amd64/server/libjvm.so
7fa7a4357000-7fa7a4456000 ---p 0091d000 08:22 814214                     /opt/sun-jdk-1.6.0.37/jre/lib/amd64/server/libjvm.so
7fa7a4456000-7fa7a460c000 rwxp 0091c000 08:22 814214                     /opt/sun-jdk-1.6.0.37/jre/lib/amd64/server/libjvm.so
7fa7a460c000-7fa7a4646000 rwxp 00000000 00:00 0 
7fa7a4646000-7fa7a47e7000 r-xp 00000000 08:22 792470                     /lib64/libc-2.15.so
7fa7a47e7000-7fa7a49e7000 ---p 001a1000 08:22 792470                     /lib64/libc-2.15.so
7fa7a49e7000-7fa7a49eb000 r-xp 001a1000 08:22 792470                     /lib64/libc-2.15.so
7fa7a49eb000-7fa7a49ed000 rwxp 001a5000 08:22 792470                     /lib64/libc-2.15.so
7fa7a49ed000-7fa7a49f1000 rwxp 00000000 00:00 0 
7fa7a49f1000-7fa7a49f3000 r-xp 00000000 08:22 792393                     /lib64/libdl-2.15.so
7fa7a49f3000-7fa7a4bf3000 ---p 00002000 08:22 792393                     /lib64/libdl-2.15.so
7fa7a4bf3000-7fa7a4bf4000 r-xp 00002000 08:22 792393                     /lib64/libdl-2.15.so
7fa7a4bf4000-7fa7a4bf5000 rwxp 00003000 08:22 792393                     /lib64/libdl-2.15.so
7fa7a4bf5000-7fa7a4c0d000 r-xp 00000000 08:22 792098                     /lib64/libpthread-2.15.so
7fa7a4c0d000-7fa7a4e0c000 ---p 00018000 08:22 792098                     /lib64/libpthread-2.15.so
7fa7a4e0c000-7fa7a4e0d000 r-xp 00017000 08:22 792098                     /lib64/libpthread-2.15.so
7fa7a4e0d000-7fa7a4e0e000 rwxp 00018000 08:22 792098                     /lib64/libpthread-2.15.so
7fa7a4e0e000-7fa7a4e12000 rwxp 00000000 00:00 0 
7fa7a4e12000-7fa7a4e34000 r-xp 00000000 08:22 792469                     /lib64/ld-2.15.so
7fa7a4e34000-7fa7a4e39000 r-xs 00000000 08:22 4194754                    /var/cache/fontconfig/a336a40326b5f097d6a660e43ed65741-le64.cache-3
7fa7a4e39000-7fa7a4e4b000 r-xs 00000000 08:22 4194753                    /var/cache/fontconfig/221fd1126b80b777db535aea535e87ba-le64.cache-3
7fa7a4e4b000-7fa7a4e64000 r-xs 00000000 08:22 4194770                    /var/cache/fontconfig/4b5cf4386f1cde02a336ba961b4ac82d-le64.cache-3
7fa7a4e64000-7fa7a4e78000 r-xs 0014b000 08:22 2634188                    /home/senth/repositories/voider-eclipse/voider/game/src/Voider-desktop/libs/gdx-backend-lwjgl.jar
7fa7a4e78000-7fa7a4e89000 r-xs 000f4000 08:22 2634198                    /home/senth/repositories/voider-eclipse/voider/game/src/Voider/libs/gdx.jar
7fa7a4e89000-7fa7a4ee8000 rwxp 00000000 00:00 0 
7fa7a4ee8000-7fa7a4eef000 r-xp 00000000 08:22 814199                     /opt/sun-jdk-1.6.0.37/jre/lib/amd64/jli/libjli.so
7fa7a4eef000-7fa7a4ff0000 ---p 00007000 08:22 814199                     /opt/sun-jdk-1.6.0.37/jre/lib/amd64/jli/libjli.so
7fa7a4ff0000-7fa7a4ff2000 rwxp 00008000 08:22 814199                     /opt/sun-jdk-1.6.0.37/jre/lib/amd64/jli/libjli.so
7fa7a4ff2000-7fa7a4ff3000 rwxp 00000000 00:00 0 
7fa7a4ff3000-7fa7a4ff4000 rwxs 00000000 00:04 0                          /SYSV0056a4d5 (deleted)
7fa7a4ff4000-7fa7a4ff5000 r-xs 00006000 08:22 2236701                    /usr/share/eclipse/plugins/org.hamcrest.core_1.1.0.v20090501071000.jar
7fa7a4ff5000-7fa7a4ffb000 r-xs 00034000 08:22 2236842                    /usr/share/eclipse/plugins/org.junit_4.10.0.v4_10_0_v20120426-0900/junit.jar
7fa7a4ffb000-7fa7a4ffc000 r-xs 0011a000 08:22 2634126                    /home/senth/repositories/voider-eclipse/voider/game/src/Voider-desktop/libs/gdx-natives.jar
7fa7a4ffc000-7fa7a4ffd000 r-xs 0000b000 08:22 2634153                    /home/senth/repositories/voider-eclipse/voider/game/src/Voider-desktop/libs/gdx-backend-lwjgl-sources.jar
7fa7a4ffd000-7fa7a4ffe000 r-xs 00162000 08:22 2634187                    /home/senth/repositories/voider-eclipse/voider/game/src/Voider-desktop/libs/gdx-backend-lwjgl-natives.jar
7fa7a4ffe000-7fa7a4fff000 r-xs 00001000 08:22 2634178                    /home/senth/repositories/voider-eclipse/voider/game/src/Voider/libs/bodyeditor-loader.jar
7fa7a4fff000-7fa7a500a000 rwxp 00000000 00:00 0 
7fa7a500a000-7fa7a5028000 rwxp 00000000 00:00 0 
7fa7a5028000-7fa7a5030000 rwxs 00000000 08:22 3276855                    /tmp/hsperfdata_senth/14324
7fa7a5030000-7fa7a5031000 rwxp 00000000 00:00 0 
7fa7a5031000-7fa7a5032000 r-xp 00000000 00:00 0 
7fa7a5032000-7fa7a5033000 rwxp 00000000 00:00 0 
7fa7a5033000-7fa7a5034000 r-xp 00021000 08:22 792469                     /lib64/ld-2.15.so
7fa7a5034000-7fa7a5035000 rwxp 00022000 08:22 792469                     /lib64/ld-2.15.so
7fa7a5035000-7fa7a5036000 rwxp 00000000 00:00 0 
7fffa736d000-7fffa738f000 rwxp 00000000 00:00 0                          [stack]
7fffa73ff000-7fffa7400000 r-xp 00000000 00:00 0                          [vdso]
ffffffffff600000-ffffffffff601000 r-xp 00000000 00:00 0                  [vsyscall]

VM Arguments:
jvm_args: -Dfile.encoding=UTF-8 
java_command: com.spiddekauga.voider.Main
Launcher Type: SUN_STANDARD

Environment Variables:
JAVA_HOME=/home/senth/.gentoo/java-config-2/current-user-vm
PATH=/usr/local/bin:/usr/bin:/bin:/opt/bin:/usr/x86_64-pc-linux-gnu/gcc-bin/4.5.4:/usr/lib64/subversion/bin:/usr/games/bin
LD_LIBRARY_PATH=/opt/sun-jdk-1.6.0.37/jre/lib/amd64/server:/opt/sun-jdk-1.6.0.37/jre/lib/amd64:/opt/sun-jdk-1.6.0.37/jre/../lib/amd64
SHELL=/bin/zsh
DISPLAY=:0

Signal Handlers:
SIGSEGV: [libjvm.so+0x861ea0], sa_mask[0]=0x7ffbfeff, sa_flags=0x10000004
SIGBUS: [libjvm.so+0x861ea0], sa_mask[0]=0x7ffbfeff, sa_flags=0x10000004
SIGFPE: [libjvm.so+0x70fc60], sa_mask[0]=0x7ffbfeff, sa_flags=0x10000004
SIGPIPE: [libjvm.so+0x70fc60], sa_mask[0]=0x7ffbfeff, sa_flags=0x10000004
SIGXFSZ: [libjvm.so+0x70fc60], sa_mask[0]=0x7ffbfeff, sa_flags=0x10000004
SIGILL: [libjvm.so+0x70fc60], sa_mask[0]=0x7ffbfeff, sa_flags=0x10000004
SIGUSR1: SIG_DFL, sa_mask[0]=0x00000000, sa_flags=0x00000000
SIGUSR2: [libjvm.so+0x712a90], sa_mask[0]=0x00000004, sa_flags=0x10000004
SIGHUP: [libjvm.so+0x712690], sa_mask[0]=0x7ffbfeff, sa_flags=0x10000004
SIGINT: [libjvm.so+0x712690], sa_mask[0]=0x7ffbfeff, sa_flags=0x10000004
SIGTERM: [libjvm.so+0x712690], sa_mask[0]=0x7ffbfeff, sa_flags=0x10000004
SIGQUIT: [libjvm.so+0x712690], sa_mask[0]=0x7ffbfeff, sa_flags=0x10000004


---------------  S Y S T E M  ---------------

OS:Gentoo Base System release 2.1

uname:Linux 3.0.6-gentoo #1 SMP Wed Nov 30 12:29:57 CET 2011 x86_64
libc:glibc 2.15 NPTL 2.15 
rlimit: STACK 8192k, CORE 0k, NPROC 63949, NOFILE 4096, AS infinity
load average:0.21 0.34 0.37

/proc/meminfo:
MemTotal:        8185972 kB
MemFree:           51968 kB
Buffers:          659628 kB
Cached:          4499252 kB
SwapCached:            0 kB
Active:          3775232 kB
Inactive:        3928504 kB
Active(anon):    2546472 kB
Inactive(anon):    41628 kB
Active(file):    1228760 kB
Inactive(file):  3886876 kB
Unevictable:           4 kB
Mlocked:               4 kB
SwapTotal:             0 kB
SwapFree:              0 kB
Dirty:               252 kB
Writeback:             0 kB
AnonPages:       2545688 kB
Mapped:           329348 kB
Shmem:             43040 kB
Slab:             326140 kB
SReclaimable:     248072 kB
SUnreclaim:        78068 kB
KernelStack:        4688 kB
PageTables:        54780 kB
NFS_Unstable:          0 kB
Bounce:                0 kB
WritebackTmp:          0 kB
CommitLimit:     4092984 kB
Committed_AS:    8094108 kB
VmallocTotal:   34359738367 kB
VmallocUsed:       36920 kB
VmallocChunk:   34359619068 kB
DirectMap4k:      144896 kB
DirectMap2M:     8243200 kB


CPU:total 4 (4 cores per cpu, 1 threads per core) family 6 model 23 stepping 6, cmov, cx8, fxsr, mmx, sse, sse2, sse3, ssse3, sse4.1

/proc/cpuinfo:
processor	: 0
vendor_id	: GenuineIntel
cpu family	: 6
model		: 23
model name	: Intel(R) Core(TM)2 Extreme CPU X9650  @ 3.00GHz
stepping	: 6
cpu MHz		: 1998.000
cache size	: 6144 KB
physical id	: 0
siblings	: 4
core id		: 0
cpu cores	: 4
apicid		: 0
initial apicid	: 0
fpu		: yes
fpu_exception	: yes
cpuid level	: 10
wp		: yes
flags		: fpu vme de pse tsc msr pae mce cx8 apic sep mtrr pge mca cmov pat pse36 clflush dts acpi mmx fxsr sse sse2 ss ht tm pbe syscall nx lm constant_tsc arch_perfmon pebs bts rep_good nopl aperfmperf pni dtes64 monitor ds_cpl vmx est tm2 ssse3 cx16 xtpr pdcm sse4_1 lahf_lm dts tpr_shadow vnmi flexpriority
bogomips	: 6010.07
clflush size	: 64
cache_alignment	: 64
address sizes	: 36 bits physical, 48 bits virtual
power management:

processor	: 1
vendor_id	: GenuineIntel
cpu family	: 6
model		: 23
model name	: Intel(R) Core(TM)2 Extreme CPU X9650  @ 3.00GHz
stepping	: 6
cpu MHz		: 1998.000
cache size	: 6144 KB
physical id	: 0
siblings	: 4
core id		: 1
cpu cores	: 4
apicid		: 1
initial apicid	: 1
fpu		: yes
fpu_exception	: yes
cpuid level	: 10
wp		: yes
flags		: fpu vme de pse tsc msr pae mce cx8 apic sep mtrr pge mca cmov pat pse36 clflush dts acpi mmx fxsr sse sse2 ss ht tm pbe syscall nx lm constant_tsc arch_perfmon pebs bts rep_good nopl aperfmperf pni dtes64 monitor ds_cpl vmx est tm2 ssse3 cx16 xtpr pdcm sse4_1 lahf_lm dts tpr_shadow vnmi flexpriority
bogomips	: 6011.03
clflush size	: 64
cache_alignment	: 64
address sizes	: 36 bits physical, 48 bits virtual
power management:

processor	: 2
vendor_id	: GenuineIntel
cpu family	: 6
model		: 23
model name	: Intel(R) Core(TM)2 Extreme CPU X9650  @ 3.00GHz
stepping	: 6
cpu MHz		: 1998.000
cache size	: 6144 KB
physical id	: 0
siblings	: 4
core id		: 2
cpu cores	: 4
apicid		: 2
initial apicid	: 2
fpu		: yes
fpu_exception	: yes
cpuid level	: 10
wp		: yes
flags		: fpu vme de pse tsc msr pae mce cx8 apic sep mtrr pge mca cmov pat pse36 clflush dts acpi mmx fxsr sse sse2 ss ht tm pbe syscall nx lm constant_tsc arch_perfmon pebs bts rep_good nopl aperfmperf pni dtes64 monitor ds_cpl vmx est tm2 ssse3 cx16 xtpr pdcm sse4_1 lahf_lm dts tpr_shadow vnmi flexpriority
bogomips	: 6011.06
clflush size	: 64
cache_alignment	: 64
address sizes	: 36 bits physical, 48 bits virtual
power management:

processor	: 3
vendor_id	: GenuineIntel
cpu family	: 6
model		: 23
model name	: Intel(R) Core(TM)2 Extreme CPU X9650  @ 3.00GHz
stepping	: 6
cpu MHz		: 1998.000
cache size	: 6144 KB
physical id	: 0
siblings	: 4
core id		: 3
cpu cores	: 4
apicid		: 3
initial apicid	: 3
fpu		: yes
fpu_exception	: yes
cpuid level	: 10
wp		: yes
flags		: fpu vme de pse tsc msr pae mce cx8 apic sep mtrr pge mca cmov pat pse36 clflush dts acpi mmx fxsr sse sse2 ss ht tm pbe syscall nx lm constant_tsc arch_perfmon pebs bts rep_good nopl aperfmperf pni dtes64 monitor ds_cpl vmx est tm2 ssse3 cx16 xtpr pdcm sse4_1 lahf_lm dts tpr_shadow vnmi flexpriority
bogomips	: 6011.05
clflush size	: 64
cache_alignment	: 64
address sizes	: 36 bits physical, 48 bits virtual
power management:



Memory: 4k page, physical 8185972k(51968k free), swap 0k(0k free)

vm_info: Java HotSpot(TM) 64-Bit Server VM (20.12-b01) for linux-amd64 JRE (1.6.0_37-b06), built on Sep 24 2012 11:47:45 by "java_re" with gcc 3.2.2 (SuSE Linux)

time: Fri Jan 11 14:42:59 2013
elapsed time: 99 seconds

