#
# A fatal error has been detected by the Java Runtime Environment:
#
#  SIGSEGV (0xb) at pc=0x0000000000000000, pid=23416, tid=140584419645184
#
# JRE version: 6.0_37-b06
# Java VM: Java HotSpot(TM) 64-Bit Server VM (20.12-b01 mixed mode linux-amd64 compressed oops)
# Problematic frame:
# C  0x0000000000000000
#
# If you would like to submit a bug report, please visit:
#   http://java.sun.com/webapps/bugreport/crash.jsp
#

---------------  T H R E A D  ---------------

Current thread is native thread

siginfo:si_signo=SIGSEGV: si_errno=0, si_code=1 (SEGV_MAPERR), si_addr=0x0000000000000000

Registers:
RAX=0x0000000000000000, RBX=0x0000000000000150, RCX=0x0000000000000003, RDX=0x0000000000000000
RSP=0x00007fdc5c64ce38, RBP=0x00007fdc8027f4f0, RSI=0x0000000000000000, RDI=0x00007fdc8027f4f0
R8 =0x0000000000000000, R9 =0x0000000000000000, R10=0x0000000000000c00, R11=0x0000000000000246
R12=0x00007fdc80224af0, R13=0x00007fdc5c64ce90, R14=0x00007fdc5c64ce88, R15=0x00007fdc5c64ce98
RIP=0x0000000000000000, EFLAGS=0x0000000000010202, CSGSFS=0x0000000000000033, ERR=0x0000000000000014
  TRAPNO=0x000000000000000e

Top of Stack: (sp=0x00007fdc5c64ce38)
0x00007fdc5c64ce38:   00007fdc5c95bda7 00007fdc5c64ce88
0x00007fdc5c64ce48:   0000000000000150 00007fdc80216cb0
0x00007fdc5c64ce58:   00007fdc5c95e1d8 0000000000000000
0x00007fdc5c64ce68:   0000000000000003 0000000000001400
0x00007fdc5c64ce78:   0000000000000400 0000000000000000
0x00007fdc5c64ce88:   0000000000000400 0000000000000400
0x00007fdc5c64ce98:   00007fdc8027f060 0000000000000000
0x00007fdc5c64cea8:   00007fdc8027a980 0000000000000000
0x00007fdc5c64ceb8:   00007fdc864123b0 00007fdc5c64d9c0
0x00007fdc5c64cec8:   00007fdc87d05000 0000000000000007
0x00007fdc5c64ced8:   00007fdc5c954d2a 0000000000000000
0x00007fdc5c64cee8:   00007fdc878cdda6 0000000000000000
0x00007fdc5c64cef8:   00007fdc5c64d700 0000000000000000
0x00007fdc5c64cf08:   0000000000000000 0000000000000000
0x00007fdc5c64cf18:   0000000000000000 0000000000000000
0x00007fdc5c64cf28:   0000000000000000 0000000000000000
0x00007fdc5c64cf38:   0000000000000000 0000000000000000
0x00007fdc5c64cf48:   0000000000000000 0000000000000000
0x00007fdc5c64cf58:   0000000000000000 0000000000000000
0x00007fdc5c64cf68:   0000000000000000 0000000000000000
0x00007fdc5c64cf78:   0000000000000000 00007fdc5c64d700
0x00007fdc5c64cf88:   31f7edad6797db11 00007fdc864123b0
0x00007fdc5c64cf98:   00007fdc5c64d9c0 00007fdc87d05000
0x00007fdc5c64cfa8:   0000000000000007 ce4f5564fa77db11
0x00007fdc5c64cfb8:   ce4ee2b4dd4fdb11 0000000000000000
0x00007fdc5c64cfc8:   0000000000000000 0000000000000000
0x00007fdc5c64cfd8:   0000000000000000 0000000000000000
0x00007fdc5c64cfe8:   0000000000000000 00007fdc5c64d700
0x00007fdc5c64cff8:   00007fdc8740299d 0000000000000000
0x00007fdc5c64d008:   0000000000000000 0000000000000000
0x00007fdc5c64d018:   0000000000000000 0000000000000000
0x00007fdc5c64d028:   0000000000000000 0000000000000000 

Instructions: (pc=0x0000000000000000)
0xffffffffffffffe0:   

Register to memory mapping:

RAX=0x0000000000000000 is an unknown value
RBX=0x0000000000000150 is an unknown value
RCX=0x0000000000000003 is an unknown value
RDX=0x0000000000000000 is an unknown value
RSP=0x00007fdc5c64ce38 is an unknown value
RBP=0x00007fdc8027f4f0 is an unknown value
RSI=0x0000000000000000 is an unknown value
RDI=0x00007fdc8027f4f0 is an unknown value
R8 =0x0000000000000000 is an unknown value
R9 =0x0000000000000000 is an unknown value
R10=0x0000000000000c00 is an unknown value
R11=0x0000000000000246 is an unknown value
R12=0x00007fdc80224af0 is an unknown value
R13=0x00007fdc5c64ce90 is an unknown value
R14=0x00007fdc5c64ce88 is an unknown value
R15=0x00007fdc5c64ce98 is an unknown value


Stack: [0x00007fdc5c54d000,0x00007fdc5c64e000],  sp=0x00007fdc5c64ce38,  free space=1023k

---------------  P R O C E S S  ---------------

VM state:not at safepoint (normal execution)

VM Mutex/Monitor currently owned by a thread: None

Heap
 PSYoungGen      total 37312K, used 27530K [0x00000007d6560000, 0x00000007d8f00000, 0x0000000800000000)
  eden space 32000K, 86% used [0x00000007d6560000,0x00000007d80429b0,0x00000007d84a0000)
  from space 5312K, 0% used [0x00000007d89d0000,0x00000007d89d0000,0x00000007d8f00000)
  to   space 5312K, 0% used [0x00000007d84a0000,0x00000007d84a0000,0x00000007d89d0000)
 PSOldGen        total 85312K, used 0K [0x0000000783000000, 0x0000000788350000, 0x00000007d6560000)
  object space 85312K, 0% used [0x0000000783000000,0x0000000783000000,0x0000000788350000)
 PSPermGen       total 21248K, used 13233K [0x000000077de00000, 0x000000077f2c0000, 0x0000000783000000)
  object space 21248K, 62% used [0x000000077de00000,0x000000077eaec6e0,0x000000077f2c0000)

Code Cache  [0x00007fdc7d000000, 0x00007fdc7d270000, 0x00007fdc80000000)
 total_blobs=617 nmethods=132 adapters=447 free_code_cache=49507136 largest_free_block=9408

Dynamic libraries:
3ff00000-40009000 r-xp 00000000 08:22 814122                             /opt/sun-jdk-1.6.0.37/bin/java
40108000-4010a000 rwxp 00108000 08:22 814122                             /opt/sun-jdk-1.6.0.37/bin/java
4010a000-4012b000 rwxp 00000000 00:00 0                                  [heap]
4106e000-410ec000 rwxp 00000000 00:00 0 
415c5000-415c7000 r-xs 00000000 08:22 3276852                            /tmp/glITK6uN (deleted)
77de00000-77f2c0000 rwxp 00000000 00:00 0 
77f2c0000-783000000 rwxp 00000000 00:00 0 
783000000-788350000 rwxp 00000000 00:00 0 
788350000-7d6560000 rwxp 00000000 00:00 0 
7d6560000-7d8f00000 rwxp 00000000 00:00 0 
7d8f00000-800000000 rwxp 00000000 00:00 0 
7fdc24000000-7fdc24021000 rwxp 00000000 00:00 0 
7fdc24021000-7fdc28000000 ---p 00000000 00:00 0 
7fdc2927a000-7fdc2945f000 rwxp 00000000 00:00 0 
7fdc2945f000-7fdc29472000 r-xp 00000000 08:22 814228                     /opt/sun-jdk-1.6.0.37/jre/lib/amd64/libnet.so
7fdc29472000-7fdc29573000 ---p 00013000 08:22 814228                     /opt/sun-jdk-1.6.0.37/jre/lib/amd64/libnet.so
7fdc29573000-7fdc29576000 rwxp 00014000 08:22 814228                     /opt/sun-jdk-1.6.0.37/jre/lib/amd64/libnet.so
7fdc29576000-7fdc29776000 rwxs a6c9d000 00:0b 4207                       /dev/nvidia1
7fdc29776000-7fdc29876000 rwxs a3e15000 00:0b 4207                       /dev/nvidia1
7fdc29876000-7fdc29988000 rwxp 00000000 00:00 0 
7fdc299f6000-7fdc29a13000 rwxs 234665000 00:0b 4207                      /dev/nvidia1
7fdc29a13000-7fdc2b3e3000 r-xp 00000000 08:22 4327807                    /usr/lib64/libnvidia-glcore.so.304.64
7fdc2b3e3000-7fdc2b5e2000 ---p 019d0000 08:22 4327807                    /usr/lib64/libnvidia-glcore.so.304.64
7fdc2b5e2000-7fdc2bde3000 rwxp 019cf000 08:22 4327807                    /usr/lib64/libnvidia-glcore.so.304.64
7fdc2bde3000-7fdc2bdfd000 rwxp 00000000 00:00 0 
7fdc2bdfd000-7fdc2be00000 r-xp 00000000 08:22 4327810                    /usr/lib64/opengl/nvidia/lib/libnvidia-tls.so.304.64
7fdc2be00000-7fdc2bfff000 ---p 00003000 08:22 4327810                    /usr/lib64/opengl/nvidia/lib/libnvidia-tls.so.304.64
7fdc2bfff000-7fdc2c000000 rwxp 00002000 08:22 4327810                    /usr/lib64/opengl/nvidia/lib/libnvidia-tls.so.304.64
7fdc2c000000-7fdc2cc0b000 rwxp 00000000 00:00 0 
7fdc2cc0b000-7fdc30000000 ---p 00000000 00:00 0 
7fdc30000000-7fdc300c4000 rwxp 00000000 00:00 0 
7fdc300c4000-7fdc34000000 ---p 00000000 00:00 0 
7fdc34000000-7fdc34021000 rwxp 00000000 00:00 0 
7fdc34021000-7fdc38000000 ---p 00000000 00:00 0 
7fdc38000000-7fdc38021000 rwxp 00000000 00:00 0 
7fdc38021000-7fdc3c000000 ---p 00000000 00:00 0 
7fdc3c000000-7fdc3c021000 rwxp 00000000 00:00 0 
7fdc3c021000-7fdc40000000 ---p 00000000 00:00 0 
7fdc40000000-7fdc40021000 rwxp 00000000 00:00 0 
7fdc40021000-7fdc44000000 ---p 00000000 00:00 0 
7fdc44000000-7fdc44384000 rwxp 00000000 00:00 0 
7fdc44384000-7fdc48000000 ---p 00000000 00:00 0 
7fdc48000000-7fdc48354000 rwxp 00000000 00:00 0 
7fdc48354000-7fdc4c000000 ---p 00000000 00:00 0 
7fdc4c000000-7fdc4c021000 rwxp 00000000 00:00 0 
7fdc4c021000-7fdc50000000 ---p 00000000 00:00 0 
7fdc50000000-7fdc50021000 rwxp 00000000 00:00 0 
7fdc50021000-7fdc54000000 ---p 00000000 00:00 0 
7fdc54000000-7fdc54021000 rwxp 00000000 00:00 0 
7fdc54021000-7fdc58000000 ---p 00000000 00:00 0 
7fdc58000000-7fdc58021000 rwxp 00000000 00:00 0 
7fdc58021000-7fdc5c000000 ---p 00000000 00:00 0 
7fdc5c02e000-7fdc5c0f8000 r-xp 00000000 08:22 4327804                    /usr/lib64/opengl/nvidia/lib/libGL.so.304.64
7fdc5c0f8000-7fdc5c2f8000 ---p 000ca000 08:22 4327804                    /usr/lib64/opengl/nvidia/lib/libGL.so.304.64
7fdc5c2f8000-7fdc5c335000 rwxp 000ca000 08:22 4327804                    /usr/lib64/opengl/nvidia/lib/libGL.so.304.64
7fdc5c335000-7fdc5c34b000 rwxp 00000000 00:00 0 
7fdc5c34b000-7fdc5c34e000 ---p 00000000 00:00 0 
7fdc5c34e000-7fdc5c44c000 rwxp 00000000 00:00 0 
7fdc5c44c000-7fdc5c44f000 ---p 00000000 00:00 0 
7fdc5c44f000-7fdc5c54d000 rwxp 00000000 00:00 0 
7fdc5c54d000-7fdc5c54e000 ---p 00000000 00:00 0 
7fdc5c54e000-7fdc5c64e000 rwxp 00000000 00:00 0 
7fdc5c64e000-7fdc5c728000 r-xp 00000000 08:22 4743064                    /usr/lib64/libasound.so.2.0.0
7fdc5c728000-7fdc5c927000 ---p 000da000 08:22 4743064                    /usr/lib64/libasound.so.2.0.0
7fdc5c927000-7fdc5c92d000 r-xp 000d9000 08:22 4743064                    /usr/lib64/libasound.so.2.0.0
7fdc5c92d000-7fdc5c92f000 rwxp 000df000 08:22 4743064                    /usr/lib64/libasound.so.2.0.0
7fdc5c92f000-7fdc5c980000 r-xp 00000000 08:22 3279356                    /tmp/libgdxsenth/1236974564/libopenal64.so
7fdc5c980000-7fdc5cb80000 ---p 00051000 08:22 3279356                    /tmp/libgdxsenth/1236974564/libopenal64.so
7fdc5cb80000-7fdc5cb82000 r-xp 00051000 08:22 3279356                    /tmp/libgdxsenth/1236974564/libopenal64.so
7fdc5cb82000-7fdc5cb83000 rwxp 00053000 08:22 3279356                    /tmp/libgdxsenth/1236974564/libopenal64.so
7fdc5cb83000-7fdc5cb84000 rwxp 00000000 00:00 0 
7fdc5cb84000-7fdc5cb89000 r-xp 00000000 08:22 4375155                    /usr/lib64/libXxf86vm.so.1.0.0
7fdc5cb89000-7fdc5cd88000 ---p 00005000 08:22 4375155                    /usr/lib64/libXxf86vm.so.1.0.0
7fdc5cd88000-7fdc5cd89000 r-xp 00004000 08:22 4375155                    /usr/lib64/libXxf86vm.so.1.0.0
7fdc5cd89000-7fdc5cd8a000 rwxp 00005000 08:22 4375155                    /usr/lib64/libXxf86vm.so.1.0.0
7fdc5cd8a000-7fdc5cd93000 r-xp 00000000 08:22 4199067                    /usr/lib64/libXrandr.so.2.2.0
7fdc5cd93000-7fdc5cf92000 ---p 00009000 08:22 4199067                    /usr/lib64/libXrandr.so.2.2.0
7fdc5cf92000-7fdc5cf93000 r-xp 00008000 08:22 4199067                    /usr/lib64/libXrandr.so.2.2.0
7fdc5cf93000-7fdc5cf94000 rwxp 00009000 08:22 4199067                    /usr/lib64/libXrandr.so.2.2.0
7fdc5cf94000-7fdc5cffe000 r-xp 00000000 08:22 3280017                    /tmp/libgdxsenth/1236974564/liblwjgl64.so
7fdc5cffe000-7fdc5d1fe000 ---p 0006a000 08:22 3280017                    /tmp/libgdxsenth/1236974564/liblwjgl64.so
7fdc5d1fe000-7fdc5d200000 r-xp 0006a000 08:22 3280017                    /tmp/libgdxsenth/1236974564/liblwjgl64.so
7fdc5d200000-7fdc5d201000 rwxp 0006c000 08:22 3280017                    /tmp/libgdxsenth/1236974564/liblwjgl64.so
7fdc5d201000-7fdc5d202000 r-xp 00000000 08:22 814208                     /opt/sun-jdk-1.6.0.37/jre/lib/amd64/libjawt.so
7fdc5d202000-7fdc5d301000 ---p 00001000 08:22 814208                     /opt/sun-jdk-1.6.0.37/jre/lib/amd64/libjawt.so
7fdc5d301000-7fdc5d302000 rwxp 00000000 08:22 814208                     /opt/sun-jdk-1.6.0.37/jre/lib/amd64/libjawt.so
7fdc5d302000-7fdc5d305000 ---p 00000000 00:00 0 
7fdc5d305000-7fdc5d403000 rwxp 00000000 00:00 0 
7fdc5d403000-7fdc5d408000 r-xp 00000000 08:22 4599727                    /usr/lib64/libXfixes.so.3.1.0
7fdc5d408000-7fdc5d608000 ---p 00005000 08:22 4599727                    /usr/lib64/libXfixes.so.3.1.0
7fdc5d608000-7fdc5d609000 r-xp 00005000 08:22 4599727                    /usr/lib64/libXfixes.so.3.1.0
7fdc5d609000-7fdc5d60a000 rwxp 00006000 08:22 4599727                    /usr/lib64/libXfixes.so.3.1.0
7fdc5d60a000-7fdc5d613000 r-xp 00000000 08:22 4375106                    /usr/lib64/libXrender.so.1.3.0
7fdc5d613000-7fdc5d812000 ---p 00009000 08:22 4375106                    /usr/lib64/libXrender.so.1.3.0
7fdc5d812000-7fdc5d813000 r-xp 00008000 08:22 4375106                    /usr/lib64/libXrender.so.1.3.0
7fdc5d813000-7fdc5d814000 rwxp 00009000 08:22 4375106                    /usr/lib64/libXrender.so.1.3.0
7fdc5d814000-7fdc5d81e000 r-xp 00000000 08:22 4377835                    /usr/lib64/libXcursor.so.1.0.2
7fdc5d81e000-7fdc5da1d000 ---p 0000a000 08:22 4377835                    /usr/lib64/libXcursor.so.1.0.2
7fdc5da1d000-7fdc5da1e000 r-xp 00009000 08:22 4377835                    /usr/lib64/libXcursor.so.1.0.2
7fdc5da1e000-7fdc5da1f000 rwxp 0000a000 08:22 4377835                    /usr/lib64/libXcursor.so.1.0.2
7fdc5da1f000-7fdc5da22000 ---p 00000000 00:00 0 
7fdc5da22000-7fdc5db20000 rwxp 00000000 00:00 0 
7fdc5db20000-7fdc5db99000 r-xp 00000000 08:22 814182                     /opt/sun-jdk-1.6.0.37/jre/lib/amd64/libfontmanager.so
7fdc5db99000-7fdc5dc98000 ---p 00079000 08:22 814182                     /opt/sun-jdk-1.6.0.37/jre/lib/amd64/libfontmanager.so
7fdc5dc98000-7fdc5dcae000 rwxp 00078000 08:22 814182                     /opt/sun-jdk-1.6.0.37/jre/lib/amd64/libfontmanager.so
7fdc5dcae000-7fdc5dcbf000 rwxp 00000000 00:00 0 
7fdc5dcbf000-7fdc5dcc4000 r-xp 00000000 08:22 4473603                    /usr/lib64/libXdmcp.so.6.0.0
7fdc5dcc4000-7fdc5dec3000 ---p 00005000 08:22 4473603                    /usr/lib64/libXdmcp.so.6.0.0
7fdc5dec3000-7fdc5dec4000 r-xp 00004000 08:22 4473603                    /usr/lib64/libXdmcp.so.6.0.0
7fdc5dec4000-7fdc5dec5000 rwxp 00005000 08:22 4473603                    /usr/lib64/libXdmcp.so.6.0.0
7fdc5dec5000-7fdc5dec7000 r-xp 00000000 08:22 4473139                    /usr/lib64/libXau.so.6.0.0
7fdc5dec7000-7fdc5e0c7000 ---p 00002000 08:22 4473139                    /usr/lib64/libXau.so.6.0.0
7fdc5e0c7000-7fdc5e0c8000 r-xp 00002000 08:22 4473139                    /usr/lib64/libXau.so.6.0.0
7fdc5e0c8000-7fdc5e0c9000 rwxp 00003000 08:22 4473139                    /usr/lib64/libXau.so.6.0.0
7fdc5e0c9000-7fdc5e0e9000 r-xp 00000000 08:22 4204381                    /usr/lib64/libxcb.so.1.1.0
7fdc5e0e9000-7fdc5e2e8000 ---p 00020000 08:22 4204381                    /usr/lib64/libxcb.so.1.1.0
7fdc5e2e8000-7fdc5e2e9000 r-xp 0001f000 08:22 4204381                    /usr/lib64/libxcb.so.1.1.0
7fdc5e2e9000-7fdc5e2ea000 rwxp 00020000 08:22 4204381                    /usr/lib64/libxcb.so.1.1.0
7fdc5e2ea000-7fdc5e2f9000 r-xp 00000000 08:22 4470670                    /usr/lib64/libXi.so.6.1.0
7fdc5e2f9000-7fdc5e4f8000 ---p 0000f000 08:22 4470670                    /usr/lib64/libXi.so.6.1.0
7fdc5e4f8000-7fdc5e4f9000 r-xp 0000e000 08:22 4470670                    /usr/lib64/libXi.so.6.1.0
7fdc5e4f9000-7fdc5e4fa000 rwxp 0000f000 08:22 4470670                    /usr/lib64/libXi.so.6.1.0
7fdc5e4fa000-7fdc5e4ff000 r-xp 00000000 08:22 4377447                    /usr/lib64/libXtst.so.6.1.0
7fdc5e4ff000-7fdc5e6fe000 ---p 00005000 08:22 4377447                    /usr/lib64/libXtst.so.6.1.0
7fdc5e6fe000-7fdc5e6ff000 r-xp 00004000 08:22 4377447                    /usr/lib64/libXtst.so.6.1.0
7fdc5e6ff000-7fdc5e700000 rwxp 00005000 08:22 4377447                    /usr/lib64/libXtst.so.6.1.0
7fdc5e700000-7fdc5e839000 r-xp 00000000 08:22 4730848                    /usr/lib64/libX11.so.6.3.0
7fdc5e839000-7fdc5ea39000 ---p 00139000 08:22 4730848                    /usr/lib64/libX11.so.6.3.0
7fdc5ea39000-7fdc5ea3a000 r-xp 00139000 08:22 4730848                    /usr/lib64/libX11.so.6.3.0
7fdc5ea3a000-7fdc5ea3f000 rwxp 0013a000 08:22 4730848                    /usr/lib64/libX11.so.6.3.0
7fdc5ea3f000-7fdc5ea50000 r-xp 00000000 08:22 4377479                    /usr/lib64/libXext.so.6.4.0
7fdc5ea50000-7fdc5ec4f000 ---p 00011000 08:22 4377479                    /usr/lib64/libXext.so.6.4.0
7fdc5ec4f000-7fdc5ec50000 r-xp 00010000 08:22 4377479                    /usr/lib64/libXext.so.6.4.0
7fdc5ec50000-7fdc5ec51000 rwxp 00011000 08:22 4377479                    /usr/lib64/libXext.so.6.4.0
7fdc5ec51000-7fdc5ec93000 r-xp 00000000 08:22 814177                     /opt/sun-jdk-1.6.0.37/jre/lib/amd64/xawt/libmawt.so
7fdc5ec93000-7fdc5ed92000 ---p 00042000 08:22 814177                     /opt/sun-jdk-1.6.0.37/jre/lib/amd64/xawt/libmawt.so
7fdc5ed92000-7fdc5ed9e000 rwxp 00041000 08:22 814177                     /opt/sun-jdk-1.6.0.37/jre/lib/amd64/xawt/libmawt.so
7fdc5ed9e000-7fdc5ed9f000 rwxp 00000000 00:00 0 
7fdc5ed9f000-7fdc5ee31000 r-xp 00000000 08:22 814194                     /opt/sun-jdk-1.6.0.37/jre/lib/amd64/libawt.so
7fdc5ee31000-7fdc5ef30000 ---p 00092000 08:22 814194                     /opt/sun-jdk-1.6.0.37/jre/lib/amd64/libawt.so
7fdc5ef30000-7fdc5ef4a000 rwxp 00091000 08:22 814194                     /opt/sun-jdk-1.6.0.37/jre/lib/amd64/libawt.so
7fdc5ef4a000-7fdc5ef6e000 rwxp 00000000 00:00 0 
7fdc5ef6e000-7fdc5ef83000 r-xp 00000000 08:22 4449816                    /usr/lib64/gcc/x86_64-pc-linux-gnu/4.5.4/libgcc_s.so.1
7fdc5ef83000-7fdc5f182000 ---p 00015000 08:22 4449816                    /usr/lib64/gcc/x86_64-pc-linux-gnu/4.5.4/libgcc_s.so.1
7fdc5f182000-7fdc5f183000 r-xp 00014000 08:22 4449816                    /usr/lib64/gcc/x86_64-pc-linux-gnu/4.5.4/libgcc_s.so.1
7fdc5f183000-7fdc5f184000 rwxp 00015000 08:22 4449816                    /usr/lib64/gcc/x86_64-pc-linux-gnu/4.5.4/libgcc_s.so.1
7fdc5f184000-7fdc5f268000 r-xp 00000000 08:22 4449801                    /usr/lib64/gcc/x86_64-pc-linux-gnu/4.5.4/libstdc++.so.6.0.14
7fdc5f268000-7fdc5f467000 ---p 000e4000 08:22 4449801                    /usr/lib64/gcc/x86_64-pc-linux-gnu/4.5.4/libstdc++.so.6.0.14
7fdc5f467000-7fdc5f46f000 r-xp 000e3000 08:22 4449801                    /usr/lib64/gcc/x86_64-pc-linux-gnu/4.5.4/libstdc++.so.6.0.14
7fdc5f46f000-7fdc5f471000 rwxp 000eb000 08:22 4449801                    /usr/lib64/gcc/x86_64-pc-linux-gnu/4.5.4/libstdc++.so.6.0.14
7fdc5f471000-7fdc5f486000 rwxp 00000000 00:00 0 
7fdc5f486000-7fdc5f4ee000 r-xp 00000000 08:22 3276997                    /tmp/libgdxsenth/1236974564/libgdx64.so
7fdc5f4ee000-7fdc5f6ed000 ---p 00068000 08:22 3276997                    /tmp/libgdxsenth/1236974564/libgdx64.so
7fdc5f6ed000-7fdc5f6ef000 r-xp 00067000 08:22 3276997                    /tmp/libgdxsenth/1236974564/libgdx64.so
7fdc5f6ef000-7fdc5f6f0000 rwxp 00069000 08:22 3276997                    /tmp/libgdxsenth/1236974564/libgdx64.so
7fdc5f6f0000-7fdc5f6f1000 rwxp 00000000 00:00 0 
7fdc5f6f1000-7fdc5f6f2000 ---p 00000000 00:00 0 
7fdc5f6f2000-7fdc5f7f2000 rwxp 00000000 00:00 0 
7fdc5f7f2000-7fdc5f7f5000 ---p 00000000 00:00 0 
7fdc5f7f5000-7fdc5f8f3000 rwxp 00000000 00:00 0 
7fdc5f8f3000-7fdc5f8f6000 ---p 00000000 00:00 0 
7fdc5f8f6000-7fdc5f9f4000 rwxp 00000000 00:00 0 
7fdc5f9f4000-7fdc5f9f7000 ---p 00000000 00:00 0 
7fdc5f9f7000-7fdc5faf5000 rwxp 00000000 00:00 0 
7fdc5faf5000-7fdc5faf8000 ---p 00000000 00:00 0 
7fdc5faf8000-7fdc5fbf6000 rwxp 00000000 00:00 0 
7fdc5fbf6000-7fdc5fbf9000 ---p 00000000 00:00 0 
7fdc5fbf9000-7fdc5fcf7000 rwxp 00000000 00:00 0 
7fdc5fcf7000-7fdc5fcfa000 ---p 00000000 00:00 0 
7fdc5fcfa000-7fdc5fdf8000 rwxp 00000000 00:00 0 
7fdc5fdf8000-7fdc5fdff000 r-xp 00000000 08:22 792419                     /lib64/libnss_db-2.15.so
7fdc5fdff000-7fdc5fffe000 ---p 00007000 08:22 792419                     /lib64/libnss_db-2.15.so
7fdc5fffe000-7fdc5ffff000 r-xp 00006000 08:22 792419                     /lib64/libnss_db-2.15.so
7fdc5ffff000-7fdc60000000 rwxp 00007000 08:22 792419                     /lib64/libnss_db-2.15.so
7fdc60000000-7fdc60021000 rwxp 00000000 00:00 0 
7fdc60021000-7fdc64000000 ---p 00000000 00:00 0 
7fdc64000000-7fdc64021000 rwxp 00000000 00:00 0 
7fdc64021000-7fdc68000000 ---p 00000000 00:00 0 
7fdc68000000-7fdc68021000 rwxp 00000000 00:00 0 
7fdc68021000-7fdc6c000000 ---p 00000000 00:00 0 
7fdc6c000000-7fdc6c021000 rwxp 00000000 00:00 0 
7fdc6c021000-7fdc70000000 ---p 00000000 00:00 0 
7fdc70000000-7fdc70021000 rwxp 00000000 00:00 0 
7fdc70021000-7fdc74000000 ---p 00000000 00:00 0 
7fdc74000000-7fdc74021000 rwxp 00000000 00:00 0 
7fdc74021000-7fdc78000000 ---p 00000000 00:00 0 
7fdc78000000-7fdc78021000 rwxp 00000000 00:00 0 
7fdc78021000-7fdc7c000000 ---p 00000000 00:00 0 
7fdc7c018000-7fdc7c058000 rwxs 9f608000 00:0b 4207                       /dev/nvidia1
7fdc7c058000-7fdc7c05b000 r-xp 00000000 08:22 814201                     /opt/sun-jdk-1.6.0.37/jre/lib/amd64/libdt_socket.so
7fdc7c05b000-7fdc7c15a000 ---p 00003000 08:22 814201                     /opt/sun-jdk-1.6.0.37/jre/lib/amd64/libdt_socket.so
7fdc7c15a000-7fdc7c15c000 rwxp 00002000 08:22 814201                     /opt/sun-jdk-1.6.0.37/jre/lib/amd64/libdt_socket.so
7fdc7c15c000-7fdc7c15f000 ---p 00000000 00:00 0 
7fdc7c15f000-7fdc7c25d000 rwxp 00000000 00:00 0 
7fdc7c25d000-7fdc7c260000 ---p 00000000 00:00 0 
7fdc7c260000-7fdc7c35e000 rwxp 00000000 00:00 0 
7fdc7c35e000-7fdc7c361000 ---p 00000000 00:00 0 
7fdc7c361000-7fdc7c45f000 rwxp 00000000 00:00 0 
7fdc7c45f000-7fdc7c460000 ---p 00000000 00:00 0 
7fdc7c460000-7fdc7ca65000 rwxp 00000000 00:00 0 
7fdc7ca65000-7fdc7cbfc000 r-xs 03080000 08:22 814407                     /opt/sun-jdk-1.6.0.37/jre/lib/rt.jar
7fdc7cbfc000-7fdc7cbfd000 ---p 00000000 00:00 0 
7fdc7cbfd000-7fdc7ccfd000 rwxp 00000000 00:00 0 
7fdc7ccfd000-7fdc7ccfe000 ---p 00000000 00:00 0 
7fdc7ccfe000-7fdc7cdfe000 rwxp 00000000 00:00 0 
7fdc7cdfe000-7fdc7cdff000 ---p 00000000 00:00 0 
7fdc7cdff000-7fdc7ceff000 rwxp 00000000 00:00 0 
7fdc7ceff000-7fdc7cf00000 ---p 00000000 00:00 0 
7fdc7cf00000-7fdc7d270000 rwxp 00000000 00:00 0 
7fdc7d270000-7fdc802d3000 rwxp 00000000 00:00 0 
7fdc802d3000-7fdc84000000 ---p 00000000 00:00 0 
7fdc8400a000-7fdc84011000 r-xs 00000000 08:22 4618705                    /usr/lib64/gconv/gconv-modules.cache
7fdc84011000-7fdc84014000 r-xs 00027000 08:22 814888                     /opt/sun-jdk-1.6.0.37/jre/lib/ext/sunjce_provider.jar
7fdc84014000-7fdc8401b000 r-xs 00095000 08:22 814155                     /opt/sun-jdk-1.6.0.37/jre/lib/jsse.jar
7fdc8401b000-7fdc8401e000 r-xs 00013000 08:22 814898                     /opt/sun-jdk-1.6.0.37/jre/lib/jce.jar
7fdc8401e000-7fdc84020000 rwxp 00000000 00:00 0 
7fdc84020000-7fdc84022000 rwxs 00000000 08:22 3276852                    /tmp/glITK6uN (deleted)
7fdc84022000-7fdc84026000 rwxs ac520000 00:0b 4207                       /dev/nvidia1
7fdc84026000-7fdc84027000 rwxs d0005000 00:0b 4207                       /dev/nvidia1
7fdc84027000-7fdc84028000 rwxs 964ca000 00:0b 4207                       /dev/nvidia1
7fdc84028000-7fdc8402c000 rwxs ac6a5000 00:0b 4207                       /dev/nvidia1
7fdc8402c000-7fdc8402d000 rwxs fdc08000 00:0b 4207                       /dev/nvidia1
7fdc8404c000-7fdc8404d000 rwxp 00000000 00:00 0 
7fdc8404d000-7fdc8404e000 rwxs fd642000 00:0b 4207                       /dev/nvidia1
7fdc8404e000-7fdc8404f000 rwxs 22f0fb000 00:0b 4207                      /dev/nvidia1
7fdc8404f000-7fdc84050000 rwxs fd641000 00:0b 4207                       /dev/nvidia1
7fdc84050000-7fdc84051000 rwxs 22f0fa000 00:0b 4207                      /dev/nvidia1
7fdc84051000-7fdc84052000 rwxs 9f5c5000 00:0b 4207                       /dev/nvidia1
7fdc84052000-7fdc84053000 rwxs fd060000 00:0b 4207                       /dev/nvidia1
7fdc84053000-7fdc84063000 rwxs 00000000 00:04 32769                      /SYSV0056a4d6 (deleted)
7fdc84063000-7fdc84073000 rwxs 00000000 00:0b 2238                       /dev/snd/pcmC0D0p
7fdc84073000-7fdc84074000 rwxs 81000000 00:0b 2238                       /dev/snd/pcmC0D0p
7fdc84074000-7fdc84075000 r-xs 80000000 00:0b 2238                       /dev/snd/pcmC0D0p
7fdc84075000-7fdc8407e000 r-xs 00000000 08:22 4194760                    /var/cache/fontconfig/87f5e051180a7a75f16eb6fe7dbd3749-le64.cache-3
7fdc8407e000-7fdc84087000 r-xs 00000000 08:22 4194765                    /var/cache/fontconfig/acc285bc1956c3c4bc7afb41d537a85a-le64.cache-3
7fdc84087000-7fdc84090000 r-xs 00000000 08:22 4194764                    /var/cache/fontconfig/4460665c0f3e88acdd4c85aa2f409b99-le64.cache-3
7fdc84090000-7fdc84094000 r-xs 00000000 08:22 4194763                    /var/cache/fontconfig/88854163852d87a9a9866b7080197209-le64.cache-3
7fdc84094000-7fdc840a6000 r-xs 00000000 08:22 4194761                    /var/cache/fontconfig/8d4af663993b81a124ee82e610bb31f9-le64.cache-3
7fdc840a6000-7fdc840b1000 r-xs 00000000 08:22 4194759                    /var/cache/fontconfig/d722f191fc173fb8c13c8ea6f285de40-le64.cache-3
7fdc840b1000-7fdc840b5000 r-xs 00000000 08:22 4194757                    /var/cache/fontconfig/a595ca43be94766bbfe429f07fba82d0-le64.cache-3
7fdc840b5000-7fdc840b7000 r-xs 00000000 08:22 4194756                    /var/cache/fontconfig/452f1fac34b224105d7acfae3034bcd5-le64.cache-3
7fdc840b7000-7fdc840bb000 r-xs 00000000 08:22 4194755                    /var/cache/fontconfig/580bda594161061e6ef4cc8a4db09662-le64.cache-3
7fdc840bb000-7fdc840e5000 rwxp 00000000 00:00 0 
7fdc840e5000-7fdc84356000 rwxp 00000000 00:00 0 
7fdc84356000-7fdc84361000 rwxp 00000000 00:00 0 
7fdc84361000-7fdc8437f000 rwxp 00000000 00:00 0 
7fdc8437f000-7fdc843a9000 rwxp 00000000 00:00 0 
7fdc843a9000-7fdc84619000 rwxp 00000000 00:00 0 
7fdc84619000-7fdc8462f000 rwxp 00000000 00:00 0 
7fdc8462f000-7fdc84767000 rwxp 00000000 00:00 0 
7fdc84767000-7fdc84772000 rwxp 00000000 00:00 0 
7fdc84772000-7fdc84828000 rwxp 00000000 00:00 0 
7fdc84828000-7fdc84836000 r-xp 00000000 08:22 814183                     /opt/sun-jdk-1.6.0.37/jre/lib/amd64/libzip.so
7fdc84836000-7fdc84938000 ---p 0000e000 08:22 814183                     /opt/sun-jdk-1.6.0.37/jre/lib/amd64/libzip.so
7fdc84938000-7fdc8493b000 rwxp 00010000 08:22 814183                     /opt/sun-jdk-1.6.0.37/jre/lib/amd64/libzip.so
7fdc8493b000-7fdc8493c000 rwxp 00000000 00:00 0 
7fdc8493c000-7fdc84948000 r-xp 00000000 08:22 792418                     /lib64/libnss_files-2.15.so
7fdc84948000-7fdc84b48000 ---p 0000c000 08:22 792418                     /lib64/libnss_files-2.15.so
7fdc84b48000-7fdc84b49000 r-xp 0000c000 08:22 792418                     /lib64/libnss_files-2.15.so
7fdc84b49000-7fdc84b4a000 rwxp 0000d000 08:22 792418                     /lib64/libnss_files-2.15.so
7fdc84b4a000-7fdc84b54000 r-xp 00000000 08:22 792457                     /lib64/libnss_nis-2.15.so
7fdc84b54000-7fdc84d54000 ---p 0000a000 08:22 792457                     /lib64/libnss_nis-2.15.so
7fdc84d54000-7fdc84d55000 r-xp 0000a000 08:22 792457                     /lib64/libnss_nis-2.15.so
7fdc84d55000-7fdc84d56000 rwxp 0000b000 08:22 792457                     /lib64/libnss_nis-2.15.so
7fdc84d56000-7fdc84d5d000 r-xp 00000000 08:22 792459                     /lib64/libnss_compat-2.15.so
7fdc84d5d000-7fdc84f5d000 ---p 00007000 08:22 792459                     /lib64/libnss_compat-2.15.so
7fdc84f5d000-7fdc84f5e000 r-xp 00007000 08:22 792459                     /lib64/libnss_compat-2.15.so
7fdc84f5e000-7fdc84f5f000 rwxp 00008000 08:22 792459                     /lib64/libnss_compat-2.15.so
7fdc84f5f000-7fdc85a72000 r-xp 00000000 08:22 5251173                    /usr/lib64/locale/locale-archive
7fdc85a72000-7fdc85a75000 r-xp 00000000 08:22 814216                     /opt/sun-jdk-1.6.0.37/jre/lib/amd64/libnpt.so
7fdc85a75000-7fdc85b74000 ---p 00003000 08:22 814216                     /opt/sun-jdk-1.6.0.37/jre/lib/amd64/libnpt.so
7fdc85b74000-7fdc85b75000 rwxp 00002000 08:22 814216                     /opt/sun-jdk-1.6.0.37/jre/lib/amd64/libnpt.so
7fdc85b75000-7fdc85bab000 r-xp 00000000 08:22 814226                     /opt/sun-jdk-1.6.0.37/jre/lib/amd64/libjdwp.so
7fdc85bab000-7fdc85caa000 ---p 00036000 08:22 814226                     /opt/sun-jdk-1.6.0.37/jre/lib/amd64/libjdwp.so
7fdc85caa000-7fdc85cb4000 rwxp 00035000 08:22 814226                     /opt/sun-jdk-1.6.0.37/jre/lib/amd64/libjdwp.so
7fdc85cb4000-7fdc85cc9000 r-xp 00000000 08:22 792456                     /lib64/libnsl-2.15.so
7fdc85cc9000-7fdc85ec8000 ---p 00015000 08:22 792456                     /lib64/libnsl-2.15.so
7fdc85ec8000-7fdc85ec9000 r-xp 00014000 08:22 792456                     /lib64/libnsl-2.15.so
7fdc85ec9000-7fdc85eca000 rwxp 00015000 08:22 792456                     /lib64/libnsl-2.15.so
7fdc85eca000-7fdc85ecc000 rwxp 00000000 00:00 0 
7fdc85ecc000-7fdc85ef5000 r-xp 00000000 08:22 814205                     /opt/sun-jdk-1.6.0.37/jre/lib/amd64/libjava.so
7fdc85ef5000-7fdc85ff4000 ---p 00029000 08:22 814205                     /opt/sun-jdk-1.6.0.37/jre/lib/amd64/libjava.so
7fdc85ff4000-7fdc85ffb000 rwxp 00028000 08:22 814205                     /opt/sun-jdk-1.6.0.37/jre/lib/amd64/libjava.so
7fdc85ffb000-7fdc86008000 r-xp 00000000 08:22 814192                     /opt/sun-jdk-1.6.0.37/jre/lib/amd64/libverify.so
7fdc86008000-7fdc86107000 ---p 0000d000 08:22 814192                     /opt/sun-jdk-1.6.0.37/jre/lib/amd64/libverify.so
7fdc86107000-7fdc8610a000 rwxp 0000c000 08:22 814192                     /opt/sun-jdk-1.6.0.37/jre/lib/amd64/libverify.so
7fdc8610a000-7fdc86112000 r-xp 00000000 08:22 792422                     /lib64/librt-2.15.so
7fdc86112000-7fdc86311000 ---p 00008000 08:22 792422                     /lib64/librt-2.15.so
7fdc86311000-7fdc86312000 r-xp 00007000 08:22 792422                     /lib64/librt-2.15.so
7fdc86312000-7fdc86313000 rwxp 00008000 08:22 792422                     /lib64/librt-2.15.so
7fdc86313000-7fdc86316000 ---p 00000000 00:00 0 
7fdc86316000-7fdc86414000 rwxp 00000000 00:00 0 
7fdc86414000-7fdc8650a000 r-xp 00000000 08:22 792389                     /lib64/libm-2.15.so
7fdc8650a000-7fdc86709000 ---p 000f6000 08:22 792389                     /lib64/libm-2.15.so
7fdc86709000-7fdc8670a000 r-xp 000f5000 08:22 792389                     /lib64/libm-2.15.so
7fdc8670a000-7fdc8670b000 rwxp 000f6000 08:22 792389                     /lib64/libm-2.15.so
7fdc8670b000-7fdc87028000 r-xp 00000000 08:22 814214                     /opt/sun-jdk-1.6.0.37/jre/lib/amd64/server/libjvm.so
7fdc87028000-7fdc87127000 ---p 0091d000 08:22 814214                     /opt/sun-jdk-1.6.0.37/jre/lib/amd64/server/libjvm.so
7fdc87127000-7fdc872dd000 rwxp 0091c000 08:22 814214                     /opt/sun-jdk-1.6.0.37/jre/lib/amd64/server/libjvm.so
7fdc872dd000-7fdc87317000 rwxp 00000000 00:00 0 
7fdc87317000-7fdc874b8000 r-xp 00000000 08:22 792470                     /lib64/libc-2.15.so
7fdc874b8000-7fdc876b8000 ---p 001a1000 08:22 792470                     /lib64/libc-2.15.so
7fdc876b8000-7fdc876bc000 r-xp 001a1000 08:22 792470                     /lib64/libc-2.15.so
7fdc876bc000-7fdc876be000 rwxp 001a5000 08:22 792470                     /lib64/libc-2.15.so
7fdc876be000-7fdc876c2000 rwxp 00000000 00:00 0 
7fdc876c2000-7fdc876c4000 r-xp 00000000 08:22 792393                     /lib64/libdl-2.15.so
7fdc876c4000-7fdc878c4000 ---p 00002000 08:22 792393                     /lib64/libdl-2.15.so
7fdc878c4000-7fdc878c5000 r-xp 00002000 08:22 792393                     /lib64/libdl-2.15.so
7fdc878c5000-7fdc878c6000 rwxp 00003000 08:22 792393                     /lib64/libdl-2.15.so
7fdc878c6000-7fdc878de000 r-xp 00000000 08:22 792098                     /lib64/libpthread-2.15.so
7fdc878de000-7fdc87add000 ---p 00018000 08:22 792098                     /lib64/libpthread-2.15.so
7fdc87add000-7fdc87ade000 r-xp 00017000 08:22 792098                     /lib64/libpthread-2.15.so
7fdc87ade000-7fdc87adf000 rwxp 00018000 08:22 792098                     /lib64/libpthread-2.15.so
7fdc87adf000-7fdc87ae3000 rwxp 00000000 00:00 0 
7fdc87ae3000-7fdc87b05000 r-xp 00000000 08:22 792469                     /lib64/ld-2.15.so
7fdc87b05000-7fdc87b0a000 r-xs 00000000 08:22 4194754                    /var/cache/fontconfig/a336a40326b5f097d6a660e43ed65741-le64.cache-3
7fdc87b0a000-7fdc87b1c000 r-xs 00000000 08:22 4194753                    /var/cache/fontconfig/221fd1126b80b777db535aea535e87ba-le64.cache-3
7fdc87b1c000-7fdc87b35000 r-xs 00000000 08:22 4194770                    /var/cache/fontconfig/4b5cf4386f1cde02a336ba961b4ac82d-le64.cache-3
7fdc87b35000-7fdc87b49000 r-xs 0014b000 08:22 2634188                    /home/senth/repositories/voider-eclipse/voider/game/src/Voider-desktop/libs/gdx-backend-lwjgl.jar
7fdc87b49000-7fdc87b5a000 r-xs 000f4000 08:22 2634198                    /home/senth/repositories/voider-eclipse/voider/game/src/Voider/libs/gdx.jar
7fdc87b5a000-7fdc87bb9000 rwxp 00000000 00:00 0 
7fdc87bb9000-7fdc87bc0000 r-xp 00000000 08:22 814199                     /opt/sun-jdk-1.6.0.37/jre/lib/amd64/jli/libjli.so
7fdc87bc0000-7fdc87cc1000 ---p 00007000 08:22 814199                     /opt/sun-jdk-1.6.0.37/jre/lib/amd64/jli/libjli.so
7fdc87cc1000-7fdc87cc3000 rwxp 00008000 08:22 814199                     /opt/sun-jdk-1.6.0.37/jre/lib/amd64/jli/libjli.so
7fdc87cc3000-7fdc87cc4000 rwxp 00000000 00:00 0 
7fdc87cc4000-7fdc87cc5000 rwxs 00000000 00:04 0                          /SYSV0056a4d5 (deleted)
7fdc87cc5000-7fdc87cc6000 r-xs 00006000 08:22 2236701                    /usr/share/eclipse/plugins/org.hamcrest.core_1.1.0.v20090501071000.jar
7fdc87cc6000-7fdc87ccc000 r-xs 00034000 08:22 2236842                    /usr/share/eclipse/plugins/org.junit_4.10.0.v4_10_0_v20120426-0900/junit.jar
7fdc87ccc000-7fdc87ccd000 r-xs 0011a000 08:22 2634126                    /home/senth/repositories/voider-eclipse/voider/game/src/Voider-desktop/libs/gdx-natives.jar
7fdc87ccd000-7fdc87cce000 r-xs 0000b000 08:22 2634153                    /home/senth/repositories/voider-eclipse/voider/game/src/Voider-desktop/libs/gdx-backend-lwjgl-sources.jar
7fdc87cce000-7fdc87ccf000 r-xs 00162000 08:22 2634187                    /home/senth/repositories/voider-eclipse/voider/game/src/Voider-desktop/libs/gdx-backend-lwjgl-natives.jar
7fdc87ccf000-7fdc87cd0000 r-xs 00001000 08:22 2634178                    /home/senth/repositories/voider-eclipse/voider/game/src/Voider/libs/bodyeditor-loader.jar
7fdc87cd0000-7fdc87cdb000 rwxp 00000000 00:00 0 
7fdc87cdb000-7fdc87cf9000 rwxp 00000000 00:00 0 
7fdc87cf9000-7fdc87d01000 rwxs 00000000 08:22 3276846                    /tmp/hsperfdata_senth/23416
7fdc87d01000-7fdc87d02000 rwxp 00000000 00:00 0 
7fdc87d02000-7fdc87d03000 r-xp 00000000 00:00 0 
7fdc87d03000-7fdc87d04000 rwxp 00000000 00:00 0 
7fdc87d04000-7fdc87d05000 r-xp 00021000 08:22 792469                     /lib64/ld-2.15.so
7fdc87d05000-7fdc87d06000 rwxp 00022000 08:22 792469                     /lib64/ld-2.15.so
7fdc87d06000-7fdc87d07000 rwxp 00000000 00:00 0 
7fffb4baf000-7fffb4bd1000 rwxp 00000000 00:00 0                          [stack]
7fffb4bff000-7fffb4c00000 r-xp 00000000 00:00 0                          [vdso]
ffffffffff600000-ffffffffff601000 r-xp 00000000 00:00 0                  [vsyscall]

VM Arguments:
jvm_args: -agentlib:jdwp=transport=dt_socket,suspend=y,address=localhost:42961 -Dfile.encoding=UTF-8 
java_command: com.spiddekauga.voider.Main
Launcher Type: SUN_STANDARD

Environment Variables:
JAVA_HOME=/home/senth/.gentoo/java-config-2/current-user-vm
PATH=/usr/local/bin:/usr/bin:/bin:/opt/bin:/usr/x86_64-pc-linux-gnu/gcc-bin/4.5.4:/usr/lib64/subversion/bin:/usr/games/bin
LD_LIBRARY_PATH=/opt/sun-jdk-1.6.0.37/jre/lib/amd64/server:/opt/sun-jdk-1.6.0.37/jre/lib/amd64:/opt/sun-jdk-1.6.0.37/jre/../lib/amd64
SHELL=/bin/zsh
DISPLAY=:0

Signal Handlers:
SIGSEGV: [libjvm.so+0x861ea0], sa_mask[0]=0x7ffbfeff, sa_flags=0x10000004
SIGBUS: [libjvm.so+0x861ea0], sa_mask[0]=0x7ffbfeff, sa_flags=0x10000004
SIGFPE: [libjvm.so+0x70fc60], sa_mask[0]=0x7ffbfeff, sa_flags=0x10000004
SIGPIPE: [libjvm.so+0x70fc60], sa_mask[0]=0x7ffbfeff, sa_flags=0x10000004
SIGXFSZ: [libjvm.so+0x70fc60], sa_mask[0]=0x7ffbfeff, sa_flags=0x10000004
SIGILL: [libjvm.so+0x70fc60], sa_mask[0]=0x7ffbfeff, sa_flags=0x10000004
SIGUSR1: SIG_DFL, sa_mask[0]=0x00000000, sa_flags=0x00000000
SIGUSR2: [libjvm.so+0x712a90], sa_mask[0]=0x00000004, sa_flags=0x10000004
SIGHUP: [libjvm.so+0x712690], sa_mask[0]=0x7ffbfeff, sa_flags=0x10000004
SIGINT: [libjvm.so+0x712690], sa_mask[0]=0x7ffbfeff, sa_flags=0x10000004
SIGTERM: [libjvm.so+0x712690], sa_mask[0]=0x7ffbfeff, sa_flags=0x10000004
SIGQUIT: [libjvm.so+0x712690], sa_mask[0]=0x7ffbfeff, sa_flags=0x10000004


---------------  S Y S T E M  ---------------

OS:Gentoo Base System release 2.1

uname:Linux 3.0.6-gentoo #1 SMP Wed Nov 30 12:29:57 CET 2011 x86_64
libc:glibc 2.15 NPTL 2.15 
rlimit: STACK 8192k, CORE 0k, NPROC 63949, NOFILE 4096, AS infinity
load average:0.18 0.35 0.35

/proc/meminfo:
MemTotal:        8185972 kB
MemFree:           53712 kB
Buffers:          274536 kB
Cached:          4740112 kB
SwapCached:            0 kB
Active:          4259184 kB
Inactive:        3472344 kB
Active(anon):    2718324 kB
Inactive(anon):    41632 kB
Active(file):    1540860 kB
Inactive(file):  3430712 kB
Unevictable:           4 kB
Mlocked:               4 kB
SwapTotal:             0 kB
SwapFree:              0 kB
Dirty:               368 kB
Writeback:           256 kB
AnonPages:       2716884 kB
Mapped:           330676 kB
Shmem:             43044 kB
Slab:             293464 kB
SReclaimable:     227076 kB
SUnreclaim:        66388 kB
KernelStack:        4824 kB
PageTables:        56760 kB
NFS_Unstable:          0 kB
Bounce:                0 kB
WritebackTmp:          0 kB
CommitLimit:     4092984 kB
Committed_AS:    8509732 kB
VmallocTotal:   34359738367 kB
VmallocUsed:       36920 kB
VmallocChunk:   34359619068 kB
DirectMap4k:      486912 kB
DirectMap2M:     7901184 kB


CPU:total 4 (4 cores per cpu, 1 threads per core) family 6 model 23 stepping 6, cmov, cx8, fxsr, mmx, sse, sse2, sse3, ssse3, sse4.1

/proc/cpuinfo:
processor	: 0
vendor_id	: GenuineIntel
cpu family	: 6
model		: 23
model name	: Intel(R) Core(TM)2 Extreme CPU X9650  @ 3.00GHz
stepping	: 6
cpu MHz		: 1998.000
cache size	: 6144 KB
physical id	: 0
siblings	: 4
core id		: 0
cpu cores	: 4
apicid		: 0
initial apicid	: 0
fpu		: yes
fpu_exception	: yes
cpuid level	: 10
wp		: yes
flags		: fpu vme de pse tsc msr pae mce cx8 apic sep mtrr pge mca cmov pat pse36 clflush dts acpi mmx fxsr sse sse2 ss ht tm pbe syscall nx lm constant_tsc arch_perfmon pebs bts rep_good nopl aperfmperf pni dtes64 monitor ds_cpl vmx est tm2 ssse3 cx16 xtpr pdcm sse4_1 lahf_lm dts tpr_shadow vnmi flexpriority
bogomips	: 6010.07
clflush size	: 64
cache_alignment	: 64
address sizes	: 36 bits physical, 48 bits virtual
power management:

processor	: 1
vendor_id	: GenuineIntel
cpu family	: 6
model		: 23
model name	: Intel(R) Core(TM)2 Extreme CPU X9650  @ 3.00GHz
stepping	: 6
cpu MHz		: 2997.000
cache size	: 6144 KB
physical id	: 0
siblings	: 4
core id		: 1
cpu cores	: 4
apicid		: 1
initial apicid	: 1
fpu		: yes
fpu_exception	: yes
cpuid level	: 10
wp		: yes
flags		: fpu vme de pse tsc msr pae mce cx8 apic sep mtrr pge mca cmov pat pse36 clflush dts acpi mmx fxsr sse sse2 ss ht tm pbe syscall nx lm constant_tsc arch_perfmon pebs bts rep_good nopl aperfmperf pni dtes64 monitor ds_cpl vmx est tm2 ssse3 cx16 xtpr pdcm sse4_1 lahf_lm dts tpr_shadow vnmi flexpriority
bogomips	: 6011.03
clflush size	: 64
cache_alignment	: 64
address sizes	: 36 bits physical, 48 bits virtual
power management:

processor	: 2
vendor_id	: GenuineIntel
cpu family	: 6
model		: 23
model name	: Intel(R) Core(TM)2 Extreme CPU X9650  @ 3.00GHz
stepping	: 6
cpu MHz		: 1998.000
cache size	: 6144 KB
physical id	: 0
siblings	: 4
core id		: 2
cpu cores	: 4
apicid		: 2
initial apicid	: 2
fpu		: yes
fpu_exception	: yes
cpuid level	: 10
wp		: yes
flags		: fpu vme de pse tsc msr pae mce cx8 apic sep mtrr pge mca cmov pat pse36 clflush dts acpi mmx fxsr sse sse2 ss ht tm pbe syscall nx lm constant_tsc arch_perfmon pebs bts rep_good nopl aperfmperf pni dtes64 monitor ds_cpl vmx est tm2 ssse3 cx16 xtpr pdcm sse4_1 lahf_lm dts tpr_shadow vnmi flexpriority
bogomips	: 6011.06
clflush size	: 64
cache_alignment	: 64
address sizes	: 36 bits physical, 48 bits virtual
power management:

processor	: 3
vendor_id	: GenuineIntel
cpu family	: 6
model		: 23
model name	: Intel(R) Core(TM)2 Extreme CPU X9650  @ 3.00GHz
stepping	: 6
cpu MHz		: 1998.000
cache size	: 6144 KB
physical id	: 0
siblings	: 4
core id		: 3
cpu cores	: 4
apicid		: 3
initial apicid	: 3
fpu		: yes
fpu_exception	: yes
cpuid level	: 10
wp		: yes
flags		: fpu vme de pse tsc msr pae mce cx8 apic sep mtrr pge mca cmov pat pse36 clflush dts acpi mmx fxsr sse sse2 ss ht tm pbe syscall nx lm constant_tsc arch_perfmon pebs bts rep_good nopl aperfmperf pni dtes64 monitor ds_cpl vmx est tm2 ssse3 cx16 xtpr pdcm sse4_1 lahf_lm dts tpr_shadow vnmi flexpriority
bogomips	: 6011.05
clflush size	: 64
cache_alignment	: 64
address sizes	: 36 bits physical, 48 bits virtual
power management:



Memory: 4k page, physical 8185972k(53712k free), swap 0k(0k free)

vm_info: Java HotSpot(TM) 64-Bit Server VM (20.12-b01) for linux-amd64 JRE (1.6.0_37-b06), built on Sep 24 2012 11:47:45 by "java_re" with gcc 3.2.2 (SuSE Linux)

time: Fri Jan 11 16:02:15 2013
elapsed time: 166 seconds

