#
# A fatal error has been detected by the Java Runtime Environment:
#
#  SIGBUS (0x7) at pc=0x00007f5019c25a10, pid=15020, tid=139981083567872
#
# JRE version: 6.0_37-b06
# Java VM: Java HotSpot(TM) 64-Bit Server VM (20.12-b01 mixed mode linux-amd64 compressed oops)
# Problematic frame:
# 
[error occurred during error reporting (printing problematic frame), id 0x7]

# If you would like to submit a bug report, please visit:
#   http://java.sun.com/webapps/bugreport/crash.jsp
# The crash happened outside the Java Virtual Machine in native code.
# See problematic frame for where to report the bug.
#

---------------  T H R E A D  ---------------

Current thread (0x00007f502028b000):  JavaThread "LWJGL Application" [_thread_in_native, id=15042, stack(0x00007f4fe2b2e000,0x00007f4fe2c2f000)]

siginfo:si_signo=SIGBUS: si_errno=0, si_code=2 (BUS_ADRERR), si_addr=0x00007f5019c25a10

Registers:
RAX=0x00007f5019c25a10, RBX=0x000000077e9a4458, RCX=0x0000000000000006, RDX=0x00007f4fd4afa7f0
RSP=0x00007f4fe2c2d6a8, RBP=0x00007f4fe2c2d720, RSI=0x00007f4fe2c2d768, RDI=0x00007f502028b1d0
R8 =0x0000000000000002, R9 =0x00000000000001e0, R10=0x00007f501c389ec1, R11=0x00007f5024cdd280
R12=0x0000000000000000, R13=0x000000077e9a4458, R14=0x00007f4fe2c2d768, R15=0x00007f502028b000
RIP=0x00007f5019c25a10, EFLAGS=0x0000000000010287, CSGSFS=0x0000000000000033, ERR=0x0000000000000014
  TRAPNO=0x000000000000000e

Top of Stack: (sp=0x00007f4fe2c2d6a8)
0x00007f4fe2c2d6a8:   00007f501c389eee 0000000000004000
0x00007f4fe2c2d6b8:   00000000410202d8 0000000041020380
0x00007f4fe2c2d6c8:   00007f4fe11eff7f 00007f502028b000
0x00007f4fe2c2d6d8:   0101000700000000 00007f4fe2c2d6e0
0x00007f4fe2c2d6e8:   0000000000000000 00007f4fe2c2d768
0x00007f4fe2c2d6f8:   000000077e9b77b0 0000000000000000
0x00007f4fe2c2d708:   000000077e9a4458 0000000000000000
0x00007f4fe2c2d718:   00007f4fe2c2d740 00007f4fe2c2d7b0
0x00007f4fe2c2d728:   00007f501c37ea82 0000000000000000
0x00007f4fe2c2d738:   00007f501c386f58 0000000000000002
0x00007f4fe2c2d748:   0000000000000006 00007f4f3c888889
0x00007f4fe2c2d758:   00007f4fd4afa7f0 00007f4fe2c2d7c0
0x00007f4fe2c2d768:   00000007d7b0ab80 00007f4fe2c2d770
0x00007f4fe2c2d778:   000000077e9a4348 00007f4fe2c2d7d8
0x00007f4fe2c2d788:   000000077e9b77b0 000000077eacbdf0
0x00007f4fe2c2d798:   000000077e9a4388 00007f4fe2c2d740
0x00007f4fe2c2d7a8:   00007f4fe2c2d7c0 00007f4fe2c2d820
0x00007f4fe2c2d7b8:   00007f501c37ea82 0000000000000002
0x00007f4fe2c2d7c8:   0000000000000006 00007f503c888889
0x00007f4fe2c2d7d8:   00000007d7b0ab80 00007f4fe2c2d7e0
0x00007f4fe2c2d7e8:   000000077e0ef601 00007f4fe2c2d830
0x00007f4fe2c2d7f8:   000000077e8fd068 000000077eacbd18
0x00007f4fe2c2d808:   000000077e0ef628 00007f4fe2c2d7c0
0x00007f4fe2c2d818:   00007f4fe2c2d830 00007f4fe2c2d878
0x00007f4fe2c2d828:   00007f501c37ea82 00000007d78e5a60
0x00007f4fe2c2d838:   00007f4fe2c2d838 000000077ea9be60
0x00007f4fe2c2d848:   00007f4fe2c2d890 000000077ea9d120
0x00007f4fe2c2d858:   000000077eacb040 000000077ea9beb8
0x00007f4fe2c2d868:   00007f4fe2c2d830 00007f4fe2c2d898
0x00007f4fe2c2d878:   00007f4fe2c2d8d8 00007f501c37ea82
0x00007f4fe2c2d888:   0000000000000000 00000007d78e5a60
0x00007f4fe2c2d898:   00007f4fe2c2d898 000000077e0e7972 

Instructions: (pc=0x00007f5019c25a10)
0x00007f5019c259f0:   
[error occurred during error reporting (printing registers, top of stack, instructions near pc), id 0x7]

Register to memory mapping:

RAX=
[error occurred during error reporting (printing register info), id 0x7]

Stack: [0x00007f4fe2b2e000,0x00007f4fe2c2f000],  sp=0x00007f4fe2c2d6a8,  free space=1021k
Native frames: (J=compiled Java code, j=interpreted, Vv=VM code, C=native code)

[error occurred during error reporting (printing native stack), id 0x7]

Java frames: (J=compiled Java code, j=interpreted, Vv=VM code)
j  com.badlogic.gdx.physics.box2d.World.jniStep(JFII)V+0
j  com.badlogic.gdx.physics.box2d.World.step(FII)V+8
j  com.spiddekauga.voider.editor.LevelEditor.update()V+9
j  com.spiddekauga.voider.scene.SceneSwitcher.update()V+176
j  com.spiddekauga.voider.VoiderGame.render()V+34
j  com.badlogic.gdx.backends.lwjgl.LwjglApplication.mainLoop()V+501
j  com.badlogic.gdx.backends.lwjgl.LwjglApplication$1.run()V+27
v  ~StubRoutines::call_stub

---------------  P R O C E S S  ---------------

Java Threads: ( => current thread )
  0x00007f4fd4ad5800 JavaThread "AssetManager-Loader-Thread" daemon [_thread_blocked, id=15048, stack(0x00007f4fe2a2d000,0x00007f4fe2b2e000)]
  0x00007f5020008000 JavaThread "DestroyJavaVM" [_thread_blocked, id=15025, stack(0x00007f502415a000,0x00007f502425b000)]
=>0x00007f502028b000 JavaThread "LWJGL Application" [_thread_in_native, id=15042, stack(0x00007f4fe2b2e000,0x00007f4fe2c2f000)]
  0x00007f50201da800 JavaThread "AWT-XAWT" daemon [_thread_in_native, id=15040, stack(0x00007f501807e000,0x00007f501817f000)]
  0x00007f5020183800 JavaThread "Java2D Disposer" daemon [_thread_blocked, id=15038, stack(0x00007f501817f000,0x00007f5018280000)]
  0x00007f5020091800 JavaThread "Low Memory Detector" daemon [_thread_blocked, id=15036, stack(0x00007f5019f52000,0x00007f501a053000)]
  0x00007f502008f800 JavaThread "C2 CompilerThread1" daemon [_thread_blocked, id=15035, stack(0x00007f501a053000,0x00007f501a154000)]
  0x00007f502008c800 JavaThread "C2 CompilerThread0" daemon [_thread_blocked, id=15034, stack(0x00007f501a154000,0x00007f501a255000)]
  0x00007f502008a800 JavaThread "Signal Dispatcher" daemon [_thread_blocked, id=15033, stack(0x00007f501a255000,0x00007f501a356000)]
  0x00007f502006e000 JavaThread "Finalizer" daemon [_thread_blocked, id=15032, stack(0x00007f501ae69000,0x00007f501af6a000)]
  0x00007f502006c000 JavaThread "Reference Handler" daemon [_thread_blocked, id=15031, stack(0x00007f501af6a000,0x00007f501b06b000)]

Other Threads:
  0x00007f5020065800 VMThread [stack: 0x00007f501b06b000,0x00007f501b16c000] [id=15030]
  0x00007f502009c800 WatcherThread [stack: 0x00007f5019e51000,0x00007f5019f52000] [id=15037]

VM state:not at safepoint (normal execution)

VM Mutex/Monitor currently owned by a thread: None

Heap
 PSYoungGen      total 37312K, used 30643K [0x00000007d6560000, 0x00000007d8f00000, 0x0000000800000000)
  eden space 32000K, 95% used [0x00000007d6560000,0x00000007d834cf90,0x00000007d84a0000)
  from space 5312K, 0% used [0x00000007d89d0000,0x00000007d89d0000,0x00000007d8f00000)
  to   space 5312K, 0% used [0x00000007d84a0000,0x00000007d84a0000,0x00000007d89d0000)
 PSOldGen        total 85312K, used 0K [0x0000000783000000, 0x0000000788350000, 0x00000007d6560000)
  object space 85312K, 0% used [0x0000000783000000,0x0000000783000000,0x0000000788350000)
 PSPermGen       total 21248K, used 13117K [0x000000077de00000, 0x000000077f2c0000, 0x0000000783000000)
  object space 21248K, 61% used [0x000000077de00000,0x000000077eacf738,0x000000077f2c0000)

Code Cache  [0x00007f501c379000, 0x00007f501c5e9000, 0x00007f501f379000)
 total_blobs=762 nmethods=269 adapters=447 free_code_cache=49275392 largest_free_block=6144

Dynamic libraries:
3ff00000-40009000 r-xp 00000000 08:22 814122                             /opt/sun-jdk-1.6.0.37/bin/java
40108000-4010a000 rwxp 00108000 08:22 814122                             /opt/sun-jdk-1.6.0.37/bin/java
4010a000-4012b000 rwxp 00000000 00:00 0                                  [heap]
4019b000-4019d000 r-xs 00000000 08:22 3276858                            /tmp/glwxUsPd (deleted)
40fa9000-41027000 rwxp 00000000 00:00 0 
77de00000-77f2c0000 rwxp 00000000 00:00 0 
77f2c0000-783000000 rwxp 00000000 00:00 0 
783000000-788350000 rwxp 00000000 00:00 0 
788350000-7d6560000 rwxp 00000000 00:00 0 
7d6560000-7d8f00000 rwxp 00000000 00:00 0 
7d8f00000-800000000 rwxp 00000000 00:00 0 
7f4fd3b75000-7f4fd3b88000 r-xp 00000000 08:22 814228                     /opt/sun-jdk-1.6.0.37/jre/lib/amd64/libnet.so
7f4fd3b88000-7f4fd3c89000 ---p 00013000 08:22 814228                     /opt/sun-jdk-1.6.0.37/jre/lib/amd64/libnet.so
7f4fd3c89000-7f4fd3c8c000 rwxp 00014000 08:22 814228                     /opt/sun-jdk-1.6.0.37/jre/lib/amd64/libnet.so
7f4fd3c8c000-7f4fd3e8c000 rwxs 19ea9000 00:0b 4207                       /dev/nvidia1
7f4fd3e8c000-7f4fd3f8c000 rwxs 855ea000 00:0b 4207                       /dev/nvidia1
7f4fd3f8c000-7f4fd4000000 rwxp 00000000 00:00 0 
7f4fd4000000-7f4fd4bc2000 rwxp 00000000 00:00 0 
7f4fd4bc2000-7f4fd8000000 ---p 00000000 00:00 0 
7f4fd8000000-7f4fd80c5000 rwxp 00000000 00:00 0 
7f4fd80c5000-7f4fdc000000 ---p 00000000 00:00 0 
7f4fdc000000-7f4fdc021000 rwxp 00000000 00:00 0 
7f4fdc021000-7f4fe0000000 ---p 00000000 00:00 0 
7f4fe0003000-7f4fe000a000 r-xs 00000000 08:22 4618705                    /usr/lib64/gconv/gconv-modules.cache
7f4fe000a000-7f4fe000d000 r-xs 00027000 08:22 814888                     /opt/sun-jdk-1.6.0.37/jre/lib/ext/sunjce_provider.jar
7f4fe000d000-7f4fe0014000 r-xs 00095000 08:22 814155                     /opt/sun-jdk-1.6.0.37/jre/lib/jsse.jar
7f4fe0014000-7f4fe0017000 r-xs 00013000 08:22 814898                     /opt/sun-jdk-1.6.0.37/jre/lib/jce.jar
7f4fe0017000-7f4fe0019000 rwxp 00000000 00:00 0 
7f4fe0019000-7f4fe001b000 rwxs 00000000 08:22 3276858                    /tmp/glwxUsPd (deleted)
7f4fe001b000-7f4fe001f000 rwxs 19cd2000 00:0b 4207                       /dev/nvidia1
7f4fe001f000-7f4fe0020000 rwxs d0005000 00:0b 4207                       /dev/nvidia1
7f4fe0020000-7f4fe0024000 rwxs 19c94000 00:0b 4207                       /dev/nvidia1
7f4fe0024000-7f4fe0025000 rwxs fdc08000 00:0b 4207                       /dev/nvidia1
7f4fe0025000-7f4fe0065000 rwxs 9644e000 00:0b 4207                       /dev/nvidia1
7f4fe0085000-7f4fe0123000 rwxp 00000000 00:00 0 
7f4fe0123000-7f4fe1af3000 r-xp 00000000 08:22 4327807                    /usr/lib64/libnvidia-glcore.so.304.64
7f4fe1af3000-7f4fe1cf2000 ---p 019d0000 08:22 4327807                    /usr/lib64/libnvidia-glcore.so.304.64
7f4fe1cf2000-7f4fe24f3000 rwxp 019cf000 08:22 4327807                    /usr/lib64/libnvidia-glcore.so.304.64
7f4fe24f3000-7f4fe250d000 rwxp 00000000 00:00 0 
7f4fe250d000-7f4fe2510000 r-xp 00000000 08:22 4327810                    /usr/lib64/opengl/nvidia/lib/libnvidia-tls.so.304.64
7f4fe2510000-7f4fe270f000 ---p 00003000 08:22 4327810                    /usr/lib64/opengl/nvidia/lib/libnvidia-tls.so.304.64
7f4fe270f000-7f4fe2710000 rwxp 00002000 08:22 4327810                    /usr/lib64/opengl/nvidia/lib/libnvidia-tls.so.304.64
7f4fe2710000-7f4fe27da000 r-xp 00000000 08:22 4327804                    /usr/lib64/opengl/nvidia/lib/libGL.so.304.64
7f4fe27da000-7f4fe29da000 ---p 000ca000 08:22 4327804                    /usr/lib64/opengl/nvidia/lib/libGL.so.304.64
7f4fe29da000-7f4fe2a17000 rwxp 000ca000 08:22 4327804                    /usr/lib64/opengl/nvidia/lib/libGL.so.304.64
7f4fe2a17000-7f4fe2a2d000 rwxp 00000000 00:00 0 
7f4fe2a2d000-7f4fe2a30000 ---p 00000000 00:00 0 
7f4fe2a30000-7f4fe2b2e000 rwxp 00000000 00:00 0 
7f4fe2b2e000-7f4fe2b31000 ---p 00000000 00:00 0 
7f4fe2b31000-7f4fe2c2f000 rwxp 00000000 00:00 0 
7f4fe2c2f000-7f4fe2c30000 ---p 00000000 00:00 0 
7f4fe2c30000-7f4fe2d30000 rwxp 00000000 00:00 0 
7f4fe2d30000-7f4fe2e0a000 r-xp 00000000 08:22 4743064                    /usr/lib64/libasound.so.2.0.0
7f4fe2e0a000-7f4fe3009000 ---p 000da000 08:22 4743064                    /usr/lib64/libasound.so.2.0.0
7f4fe3009000-7f4fe300f000 r-xp 000d9000 08:22 4743064                    /usr/lib64/libasound.so.2.0.0
7f4fe300f000-7f4fe3011000 rwxp 000df000 08:22 4743064                    /usr/lib64/libasound.so.2.0.0
7f4fe3011000-7f4fe3062000 r-xp 00000000 08:22 3279356                    /tmp/libgdxsenth/1236974564/libopenal64.so
7f4fe3062000-7f4fe3262000 ---p 00051000 08:22 3279356                    /tmp/libgdxsenth/1236974564/libopenal64.so
7f4fe3262000-7f4fe3264000 r-xp 00051000 08:22 3279356                    /tmp/libgdxsenth/1236974564/libopenal64.so
7f4fe3264000-7f4fe3265000 rwxp 00053000 08:22 3279356                    /tmp/libgdxsenth/1236974564/libopenal64.so
7f4fe3265000-7f4fe3266000 rwxp 00000000 00:00 0 
7f4fe3266000-7f4fe326b000 r-xp 00000000 08:22 4375155                    /usr/lib64/libXxf86vm.so.1.0.0
7f4fe326b000-7f4fe346a000 ---p 00005000 08:22 4375155                    /usr/lib64/libXxf86vm.so.1.0.0
7f4fe346a000-7f4fe346b000 r-xp 00004000 08:22 4375155                    /usr/lib64/libXxf86vm.so.1.0.0
7f4fe346b000-7f4fe346c000 rwxp 00005000 08:22 4375155                    /usr/lib64/libXxf86vm.so.1.0.0
7f4fe346c000-7f4fe3475000 r-xp 00000000 08:22 4199067                    /usr/lib64/libXrandr.so.2.2.0
7f4fe3475000-7f4fe3674000 ---p 00009000 08:22 4199067                    /usr/lib64/libXrandr.so.2.2.0
7f4fe3674000-7f4fe3675000 r-xp 00008000 08:22 4199067                    /usr/lib64/libXrandr.so.2.2.0
7f4fe3675000-7f4fe3676000 rwxp 00009000 08:22 4199067                    /usr/lib64/libXrandr.so.2.2.0
7f4fe3676000-7f4fe36e0000 r-xp 00000000 08:22 3280017                    /tmp/libgdxsenth/1236974564/liblwjgl64.so
7f4fe36e0000-7f4fe38e0000 ---p 0006a000 08:22 3280017                    /tmp/libgdxsenth/1236974564/liblwjgl64.so
7f4fe38e0000-7f4fe38e2000 r-xp 0006a000 08:22 3280017                    /tmp/libgdxsenth/1236974564/liblwjgl64.so
7f4fe38e2000-7f4fe38e3000 rwxp 0006c000 08:22 3280017                    /tmp/libgdxsenth/1236974564/liblwjgl64.so
7f4fe38e3000-7f4fe38e4000 r-xp 00000000 08:22 814208                     /opt/sun-jdk-1.6.0.37/jre/lib/amd64/libjawt.so
7f4fe38e4000-7f4fe39e3000 ---p 00001000 08:22 814208                     /opt/sun-jdk-1.6.0.37/jre/lib/amd64/libjawt.so
7f4fe39e3000-7f4fe39e4000 rwxp 00000000 08:22 814208                     /opt/sun-jdk-1.6.0.37/jre/lib/amd64/libjawt.so
7f4fe39e4000-7f4fe39e9000 r-xp 00000000 08:22 4599727                    /usr/lib64/libXfixes.so.3.1.0
7f4fe39e9000-7f4fe3be9000 ---p 00005000 08:22 4599727                    /usr/lib64/libXfixes.so.3.1.0
7f4fe3be9000-7f4fe3bea000 r-xp 00005000 08:22 4599727                    /usr/lib64/libXfixes.so.3.1.0
7f4fe3bea000-7f4fe3beb000 rwxp 00006000 08:22 4599727                    /usr/lib64/libXfixes.so.3.1.0
7f4fe3beb000-7f4fe3bf4000 r-xp 00000000 08:22 4375106                    /usr/lib64/libXrender.so.1.3.0
7f4fe3bf4000-7f4fe3df3000 ---p 00009000 08:22 4375106                    /usr/lib64/libXrender.so.1.3.0
7f4fe3df3000-7f4fe3df4000 r-xp 00008000 08:22 4375106                    /usr/lib64/libXrender.so.1.3.0
7f4fe3df4000-7f4fe3df5000 rwxp 00009000 08:22 4375106                    /usr/lib64/libXrender.so.1.3.0
7f4fe3df5000-7f4fe3dff000 r-xp 00000000 08:22 4377835                    /usr/lib64/libXcursor.so.1.0.2
7f4fe3dff000-7f4fe3ffe000 ---p 0000a000 08:22 4377835                    /usr/lib64/libXcursor.so.1.0.2
7f4fe3ffe000-7f4fe3fff000 r-xp 00009000 08:22 4377835                    /usr/lib64/libXcursor.so.1.0.2
7f4fe3fff000-7f4fe4000000 rwxp 0000a000 08:22 4377835                    /usr/lib64/libXcursor.so.1.0.2
7f4fe4000000-7f4fe4021000 rwxp 00000000 00:00 0 
7f4fe4021000-7f4fe8000000 ---p 00000000 00:00 0 
7f4fe8000000-7f4fe8021000 rwxp 00000000 00:00 0 
7f4fe8021000-7f4fec000000 ---p 00000000 00:00 0 
7f4fec000000-7f4fec502000 rwxp 00000000 00:00 0 
7f4fec502000-7f4ff0000000 ---p 00000000 00:00 0 
7f4ff0000000-7f4ff0021000 rwxp 00000000 00:00 0 
7f4ff0021000-7f4ff4000000 ---p 00000000 00:00 0 
7f4ff4000000-7f4ff4021000 rwxp 00000000 00:00 0 
7f4ff4021000-7f4ff8000000 ---p 00000000 00:00 0 
7f4ff8000000-7f4ff8717000 rwxp 00000000 00:00 0 
7f4ff8717000-7f4ffc000000 ---p 00000000 00:00 0 
7f4ffc000000-7f4ffc021000 rwxp 00000000 00:00 0 
7f4ffc021000-7f5000000000 ---p 00000000 00:00 0 
7f5000000000-7f5000021000 rwxp 00000000 00:00 0 
7f5000021000-7f5004000000 ---p 00000000 00:00 0 
7f5004000000-7f5004021000 rwxp 00000000 00:00 0 
7f5004021000-7f5008000000 ---p 00000000 00:00 0 
7f5008000000-7f5008021000 rwxp 00000000 00:00 0 
7f5008021000-7f500c000000 ---p 00000000 00:00 0 
7f500c000000-7f500c021000 rwxp 00000000 00:00 0 
7f500c021000-7f5010000000 ---p 00000000 00:00 0 
7f5010000000-7f5010021000 rwxp 00000000 00:00 0 
7f5010021000-7f5014000000 ---p 00000000 00:00 0 
7f5014000000-7f5014021000 rwxp 00000000 00:00 0 
7f5014021000-7f5018000000 ---p 00000000 00:00 0 
7f5018000000-7f5018001000 rwxs fd641000 00:0b 4207                       /dev/nvidia1
7f5018001000-7f5018002000 rwxs 22f0fa000 00:0b 4207                      /dev/nvidia1
7f5018002000-7f5018003000 rwxs 7a3ce000 00:0b 4207                       /dev/nvidia1
7f5018003000-7f5018004000 rwxs fd060000 00:0b 4207                       /dev/nvidia1
7f5018004000-7f5018021000 rwxs 234665000 00:0b 4207                      /dev/nvidia1
7f5018021000-7f501805e000 rwxp 00000000 00:00 0 
7f501805e000-7f501806e000 rwxs 00000000 00:04 32769                      /SYSV0056a4d6 (deleted)
7f501806e000-7f501807e000 rwxs 00000000 00:0b 2238                       /dev/snd/pcmC0D0p
7f501807e000-7f5018081000 ---p 00000000 00:00 0 
7f5018081000-7f501817f000 rwxp 00000000 00:00 0 
7f501817f000-7f5018182000 ---p 00000000 00:00 0 
7f5018182000-7f5018280000 rwxp 00000000 00:00 0 
7f5018280000-7f50182f9000 r-xp 00000000 08:22 814182                     /opt/sun-jdk-1.6.0.37/jre/lib/amd64/libfontmanager.so
7f50182f9000-7f50183f8000 ---p 00079000 08:22 814182                     /opt/sun-jdk-1.6.0.37/jre/lib/amd64/libfontmanager.so
7f50183f8000-7f501840e000 rwxp 00078000 08:22 814182                     /opt/sun-jdk-1.6.0.37/jre/lib/amd64/libfontmanager.so
7f501840e000-7f501841f000 rwxp 00000000 00:00 0 
7f501841f000-7f5018424000 r-xp 00000000 08:22 4473603                    /usr/lib64/libXdmcp.so.6.0.0
7f5018424000-7f5018623000 ---p 00005000 08:22 4473603                    /usr/lib64/libXdmcp.so.6.0.0
7f5018623000-7f5018624000 r-xp 00004000 08:22 4473603                    /usr/lib64/libXdmcp.so.6.0.0
7f5018624000-7f5018625000 rwxp 00005000 08:22 4473603                    /usr/lib64/libXdmcp.so.6.0.0
7f5018625000-7f5018627000 r-xp 00000000 08:22 4473139                    /usr/lib64/libXau.so.6.0.0
7f5018627000-7f5018827000 ---p 00002000 08:22 4473139                    /usr/lib64/libXau.so.6.0.0
7f5018827000-7f5018828000 r-xp 00002000 08:22 4473139                    /usr/lib64/libXau.so.6.0.0
7f5018828000-7f5018829000 rwxp 00003000 08:22 4473139                    /usr/lib64/libXau.so.6.0.0
7f5018829000-7f5018849000 r-xp 00000000 08:22 4204381                    /usr/lib64/libxcb.so.1.1.0
7f5018849000-7f5018a48000 ---p 00020000 08:22 4204381                    /usr/lib64/libxcb.so.1.1.0
7f5018a48000-7f5018a49000 r-xp 0001f000 08:22 4204381                    /usr/lib64/libxcb.so.1.1.0
7f5018a49000-7f5018a4a000 rwxp 00020000 08:22 4204381                    /usr/lib64/libxcb.so.1.1.0
7f5018a4a000-7f5018a59000 r-xp 00000000 08:22 4470670                    /usr/lib64/libXi.so.6.1.0
7f5018a59000-7f5018c58000 ---p 0000f000 08:22 4470670                    /usr/lib64/libXi.so.6.1.0
7f5018c58000-7f5018c59000 r-xp 0000e000 08:22 4470670                    /usr/lib64/libXi.so.6.1.0
7f5018c59000-7f5018c5a000 rwxp 0000f000 08:22 4470670                    /usr/lib64/libXi.so.6.1.0
7f5018c5a000-7f5018c5f000 r-xp 00000000 08:22 4377447                    /usr/lib64/libXtst.so.6.1.0
7f5018c5f000-7f5018e5e000 ---p 00005000 08:22 4377447                    /usr/lib64/libXtst.so.6.1.0
7f5018e5e000-7f5018e5f000 r-xp 00004000 08:22 4377447                    /usr/lib64/libXtst.so.6.1.0
7f5018e5f000-7f5018e60000 rwxp 00005000 08:22 4377447                    /usr/lib64/libXtst.so.6.1.0
7f5018e60000-7f5018f99000 r-xp 00000000 08:22 4730848                    /usr/lib64/libX11.so.6.3.0
7f5018f99000-7f5019199000 ---p 00139000 08:22 4730848                    /usr/lib64/libX11.so.6.3.0
7f5019199000-7f501919a000 r-xp 00139000 08:22 4730848                    /usr/lib64/libX11.so.6.3.0
7f501919a000-7f501919f000 rwxp 0013a000 08:22 4730848                    /usr/lib64/libX11.so.6.3.0
7f501919f000-7f50191b0000 r-xp 00000000 08:22 4377479                    /usr/lib64/libXext.so.6.4.0
7f50191b0000-7f50193af000 ---p 00011000 08:22 4377479                    /usr/lib64/libXext.so.6.4.0
7f50193af000-7f50193b0000 r-xp 00010000 08:22 4377479                    /usr/lib64/libXext.so.6.4.0
7f50193b0000-7f50193b1000 rwxp 00011000 08:22 4377479                    /usr/lib64/libXext.so.6.4.0
7f50193b1000-7f50193f3000 r-xp 00000000 08:22 814177                     /opt/sun-jdk-1.6.0.37/jre/lib/amd64/xawt/libmawt.so
7f50193f3000-7f50194f2000 ---p 00042000 08:22 814177                     /opt/sun-jdk-1.6.0.37/jre/lib/amd64/xawt/libmawt.so
7f50194f2000-7f50194fe000 rwxp 00041000 08:22 814177                     /opt/sun-jdk-1.6.0.37/jre/lib/amd64/xawt/libmawt.so
7f50194fe000-7f50194ff000 rwxp 00000000 00:00 0 
7f50194ff000-7f5019591000 r-xp 00000000 08:22 814194                     /opt/sun-jdk-1.6.0.37/jre/lib/amd64/libawt.so
7f5019591000-7f5019690000 ---p 00092000 08:22 814194                     /opt/sun-jdk-1.6.0.37/jre/lib/amd64/libawt.so
7f5019690000-7f50196aa000 rwxp 00091000 08:22 814194                     /opt/sun-jdk-1.6.0.37/jre/lib/amd64/libawt.so
7f50196aa000-7f50196ce000 rwxp 00000000 00:00 0 
7f50196ce000-7f50196e3000 r-xp 00000000 08:22 4449816                    /usr/lib64/gcc/x86_64-pc-linux-gnu/4.5.4/libgcc_s.so.1
7f50196e3000-7f50198e2000 ---p 00015000 08:22 4449816                    /usr/lib64/gcc/x86_64-pc-linux-gnu/4.5.4/libgcc_s.so.1
7f50198e2000-7f50198e3000 r-xp 00014000 08:22 4449816                    /usr/lib64/gcc/x86_64-pc-linux-gnu/4.5.4/libgcc_s.so.1
7f50198e3000-7f50198e4000 rwxp 00015000 08:22 4449816                    /usr/lib64/gcc/x86_64-pc-linux-gnu/4.5.4/libgcc_s.so.1
7f50198e4000-7f50199c8000 r-xp 00000000 08:22 4449801                    /usr/lib64/gcc/x86_64-pc-linux-gnu/4.5.4/libstdc++.so.6.0.14
7f50199c8000-7f5019bc7000 ---p 000e4000 08:22 4449801                    /usr/lib64/gcc/x86_64-pc-linux-gnu/4.5.4/libstdc++.so.6.0.14
7f5019bc7000-7f5019bcf000 r-xp 000e3000 08:22 4449801                    /usr/lib64/gcc/x86_64-pc-linux-gnu/4.5.4/libstdc++.so.6.0.14
7f5019bcf000-7f5019bd1000 rwxp 000eb000 08:22 4449801                    /usr/lib64/gcc/x86_64-pc-linux-gnu/4.5.4/libstdc++.so.6.0.14
7f5019bd1000-7f5019be6000 rwxp 00000000 00:00 0 
7f5019be6000-7f5019c4e000 r-xp 00000000 08:22 3276997                    /tmp/libgdxsenth/1236974564/libgdx64.so
7f5019c4e000-7f5019e4d000 ---p 00068000 08:22 3276997                    /tmp/libgdxsenth/1236974564/libgdx64.so
7f5019e4d000-7f5019e4f000 r-xp 00067000 08:22 3276997                    /tmp/libgdxsenth/1236974564/libgdx64.so
7f5019e4f000-7f5019e50000 rwxp 00069000 08:22 3276997                    /tmp/libgdxsenth/1236974564/libgdx64.so
7f5019e50000-7f5019e51000 rwxp 00000000 00:00 0 
7f5019e51000-7f5019e52000 ---p 00000000 00:00 0 
7f5019e52000-7f5019f52000 rwxp 00000000 00:00 0 
7f5019f52000-7f5019f55000 ---p 00000000 00:00 0 
7f5019f55000-7f501a053000 rwxp 00000000 00:00 0 
7f501a053000-7f501a056000 ---p 00000000 00:00 0 
7f501a056000-7f501a154000 rwxp 00000000 00:00 0 
7f501a154000-7f501a157000 ---p 00000000 00:00 0 
7f501a157000-7f501a255000 rwxp 00000000 00:00 0 
7f501a255000-7f501a258000 ---p 00000000 00:00 0 
7f501a258000-7f501a356000 rwxp 00000000 00:00 0 
7f501a356000-7f501ae69000 r-xp 00000000 08:22 5251173                    /usr/lib64/locale/locale-archive
7f501ae69000-7f501ae6c000 ---p 00000000 00:00 0 
7f501ae6c000-7f501af6a000 rwxp 00000000 00:00 0 
7f501af6a000-7f501af6d000 ---p 00000000 00:00 0 
7f501af6d000-7f501b06b000 rwxp 00000000 00:00 0 
7f501b06b000-7f501b06c000 ---p 00000000 00:00 0 
7f501b06c000-7f501b671000 rwxp 00000000 00:00 0 
7f501b671000-7f501b808000 r-xs 03080000 08:22 814407                     /opt/sun-jdk-1.6.0.37/jre/lib/rt.jar
7f501b808000-7f501b809000 ---p 00000000 00:00 0 
7f501b809000-7f501b909000 rwxp 00000000 00:00 0 
7f501b909000-7f501b90a000 ---p 00000000 00:00 0 
7f501b90a000-7f501ba0a000 rwxp 00000000 00:00 0 
7f501ba0a000-7f501ba0b000 ---p 00000000 00:00 0 
7f501ba0b000-7f501bb0b000 rwxp 00000000 00:00 0 
7f501bb0b000-7f501bb0c000 ---p 00000000 00:00 0 
7f501bb0c000-7f501bc36000 rwxp 00000000 00:00 0 
7f501bc36000-7f501bea7000 rwxp 00000000 00:00 0 
7f501bea7000-7f501beb2000 rwxp 00000000 00:00 0 
7f501beb2000-7f501bed0000 rwxp 00000000 00:00 0 
7f501bed0000-7f501befa000 rwxp 00000000 00:00 0 
7f501befa000-7f501c16a000 rwxp 00000000 00:00 0 
7f501c16a000-7f501c180000 rwxp 00000000 00:00 0 
7f501c180000-7f501c2b8000 rwxp 00000000 00:00 0 
7f501c2b8000-7f501c2c3000 rwxp 00000000 00:00 0 
7f501c2c3000-7f501c379000 rwxp 00000000 00:00 0 
7f501c379000-7f501c5e9000 rwxp 00000000 00:00 0 
7f501c5e9000-7f501f379000 rwxp 00000000 00:00 0 
7f501f379000-7f501f387000 r-xp 00000000 08:22 814183                     /opt/sun-jdk-1.6.0.37/jre/lib/amd64/libzip.so
7f501f387000-7f501f489000 ---p 0000e000 08:22 814183                     /opt/sun-jdk-1.6.0.37/jre/lib/amd64/libzip.so
7f501f489000-7f501f48c000 rwxp 00010000 08:22 814183                     /opt/sun-jdk-1.6.0.37/jre/lib/amd64/libzip.so
7f501f48c000-7f501f48d000 rwxp 00000000 00:00 0 
7f501f48d000-7f501f499000 r-xp 00000000 08:22 792418                     /lib64/libnss_files-2.15.so
7f501f499000-7f501f699000 ---p 0000c000 08:22 792418                     /lib64/libnss_files-2.15.so
7f501f699000-7f501f69a000 r-xp 0000c000 08:22 792418                     /lib64/libnss_files-2.15.so
7f501f69a000-7f501f69b000 rwxp 0000d000 08:22 792418                     /lib64/libnss_files-2.15.so
7f501f69b000-7f501f6a5000 r-xp 00000000 08:22 792457                     /lib64/libnss_nis-2.15.so
7f501f6a5000-7f501f8a5000 ---p 0000a000 08:22 792457                     /lib64/libnss_nis-2.15.so
7f501f8a5000-7f501f8a6000 r-xp 0000a000 08:22 792457                     /lib64/libnss_nis-2.15.so
7f501f8a6000-7f501f8a7000 rwxp 0000b000 08:22 792457                     /lib64/libnss_nis-2.15.so
7f501f8a7000-7f501f8ae000 r-xp 00000000 08:22 792459                     /lib64/libnss_compat-2.15.so
7f501f8ae000-7f501faae000 ---p 00007000 08:22 792459                     /lib64/libnss_compat-2.15.so
7f501faae000-7f501faaf000 r-xp 00007000 08:22 792459                     /lib64/libnss_compat-2.15.so
7f501faaf000-7f501fab0000 rwxp 00008000 08:22 792459                     /lib64/libnss_compat-2.15.so
7f501fab0000-7f501fac5000 r-xp 00000000 08:22 792456                     /lib64/libnsl-2.15.so
7f501fac5000-7f501fcc4000 ---p 00015000 08:22 792456                     /lib64/libnsl-2.15.so
7f501fcc4000-7f501fcc5000 r-xp 00014000 08:22 792456                     /lib64/libnsl-2.15.so
7f501fcc5000-7f501fcc6000 rwxp 00015000 08:22 792456                     /lib64/libnsl-2.15.so
7f501fcc6000-7f501fcc8000 rwxp 00000000 00:00 0 
7f501fcc8000-7f501fcf1000 r-xp 00000000 08:22 814205                     /opt/sun-jdk-1.6.0.37/jre/lib/amd64/libjava.so
7f501fcf1000-7f501fdf0000 ---p 00029000 08:22 814205                     /opt/sun-jdk-1.6.0.37/jre/lib/amd64/libjava.so
7f501fdf0000-7f501fdf7000 rwxp 00028000 08:22 814205                     /opt/sun-jdk-1.6.0.37/jre/lib/amd64/libjava.so
7f501fdf7000-7f501fdff000 r-xp 00000000 08:22 792422                     /lib64/librt-2.15.so
7f501fdff000-7f501fffe000 ---p 00008000 08:22 792422                     /lib64/librt-2.15.so
7f501fffe000-7f501ffff000 r-xp 00007000 08:22 792422                     /lib64/librt-2.15.so
7f501ffff000-7f5020000000 rwxp 00008000 08:22 792422                     /lib64/librt-2.15.so
7f5020000000-7f502029e000 rwxp 00000000 00:00 0 
7f502029e000-7f5024000000 ---p 00000000 00:00 0 
7f5024000000-7f5024001000 rwxs 854a1000 00:0b 4207                       /dev/nvidia1
7f5024001000-7f5024002000 rwxs fd642000 00:0b 4207                       /dev/nvidia1
7f5024002000-7f5024003000 rwxs 22f0fb000 00:0b 4207                      /dev/nvidia1
7f5024003000-7f5024004000 rwxs 81000000 00:0b 2238                       /dev/snd/pcmC0D0p
7f5024004000-7f5024005000 r-xs 80000000 00:0b 2238                       /dev/snd/pcmC0D0p
7f5024005000-7f502400e000 r-xs 00000000 08:22 4194760                    /var/cache/fontconfig/87f5e051180a7a75f16eb6fe7dbd3749-le64.cache-3
7f502400e000-7f5024017000 r-xs 00000000 08:22 4194765                    /var/cache/fontconfig/acc285bc1956c3c4bc7afb41d537a85a-le64.cache-3
7f5024017000-7f5024020000 r-xs 00000000 08:22 4194764                    /var/cache/fontconfig/4460665c0f3e88acdd4c85aa2f409b99-le64.cache-3
7f5024020000-7f5024024000 r-xs 00000000 08:22 4194763                    /var/cache/fontconfig/88854163852d87a9a9866b7080197209-le64.cache-3
7f5024024000-7f5024036000 r-xs 00000000 08:22 4194761                    /var/cache/fontconfig/8d4af663993b81a124ee82e610bb31f9-le64.cache-3
7f5024036000-7f5024041000 r-xs 00000000 08:22 4194759                    /var/cache/fontconfig/d722f191fc173fb8c13c8ea6f285de40-le64.cache-3
7f5024041000-7f5024045000 r-xs 00000000 08:22 4194757                    /var/cache/fontconfig/a595ca43be94766bbfe429f07fba82d0-le64.cache-3
7f5024045000-7f5024047000 r-xs 00000000 08:22 4194756                    /var/cache/fontconfig/452f1fac34b224105d7acfae3034bcd5-le64.cache-3
7f5024047000-7f502404b000 r-xs 00000000 08:22 4194755                    /var/cache/fontconfig/580bda594161061e6ef4cc8a4db09662-le64.cache-3
7f502404b000-7f5024058000 r-xp 00000000 08:22 814192                     /opt/sun-jdk-1.6.0.37/jre/lib/amd64/libverify.so
7f5024058000-7f5024157000 ---p 0000d000 08:22 814192                     /opt/sun-jdk-1.6.0.37/jre/lib/amd64/libverify.so
7f5024157000-7f502415a000 rwxp 0000c000 08:22 814192                     /opt/sun-jdk-1.6.0.37/jre/lib/amd64/libverify.so
7f502415a000-7f502415d000 ---p 00000000 00:00 0 
7f502415d000-7f502425b000 rwxp 00000000 00:00 0 
7f502425b000-7f5024351000 r-xp 00000000 08:22 792389                     /lib64/libm-2.15.so
7f5024351000-7f5024550000 ---p 000f6000 08:22 792389                     /lib64/libm-2.15.so
7f5024550000-7f5024551000 r-xp 000f5000 08:22 792389                     /lib64/libm-2.15.so
7f5024551000-7f5024552000 rwxp 000f6000 08:22 792389                     /lib64/libm-2.15.so
7f5024552000-7f5024e6f000 r-xp 00000000 08:22 814214                     /opt/sun-jdk-1.6.0.37/jre/lib/amd64/server/libjvm.so
7f5024e6f000-7f5024f6e000 ---p 0091d000 08:22 814214                     /opt/sun-jdk-1.6.0.37/jre/lib/amd64/server/libjvm.so
7f5024f6e000-7f5025124000 rwxp 0091c000 08:22 814214                     /opt/sun-jdk-1.6.0.37/jre/lib/amd64/server/libjvm.so
7f5025124000-7f502515e000 rwxp 00000000 00:00 0 
7f502515e000-7f50252ff000 r-xp 00000000 08:22 792470                     /lib64/libc-2.15.so
7f50252ff000-7f50254ff000 ---p 001a1000 08:22 792470                     /lib64/libc-2.15.so
7f50254ff000-7f5025503000 r-xp 001a1000 08:22 792470                     /lib64/libc-2.15.so
7f5025503000-7f5025505000 rwxp 001a5000 08:22 792470                     /lib64/libc-2.15.so
7f5025505000-7f5025509000 rwxp 00000000 00:00 0 
7f5025509000-7f502550b000 r-xp 00000000 08:22 792393                     /lib64/libdl-2.15.so
7f502550b000-7f502570b000 ---p 00002000 08:22 792393                     /lib64/libdl-2.15.so
7f502570b000-7f502570c000 r-xp 00002000 08:22 792393                     /lib64/libdl-2.15.so
7f502570c000-7f502570d000 rwxp 00003000 08:22 792393                     /lib64/libdl-2.15.so
7f502570d000-7f5025725000 r-xp 00000000 08:22 792098                     /lib64/libpthread-2.15.so
7f5025725000-7f5025924000 ---p 00018000 08:22 792098                     /lib64/libpthread-2.15.so
7f5025924000-7f5025925000 r-xp 00017000 08:22 792098                     /lib64/libpthread-2.15.so
7f5025925000-7f5025926000 rwxp 00018000 08:22 792098                     /lib64/libpthread-2.15.so
7f5025926000-7f502592a000 rwxp 00000000 00:00 0 
7f502592a000-7f502594c000 r-xp 00000000 08:22 792469                     /lib64/ld-2.15.so
7f502594c000-7f5025951000 r-xs 00000000 08:22 4194754                    /var/cache/fontconfig/a336a40326b5f097d6a660e43ed65741-le64.cache-3
7f5025951000-7f5025963000 r-xs 00000000 08:22 4194753                    /var/cache/fontconfig/221fd1126b80b777db535aea535e87ba-le64.cache-3
7f5025963000-7f502597c000 r-xs 00000000 08:22 4194770                    /var/cache/fontconfig/4b5cf4386f1cde02a336ba961b4ac82d-le64.cache-3
7f502597c000-7f5025990000 r-xs 0014b000 08:22 2634188                    /home/senth/repositories/voider-eclipse/voider/game/src/Voider-desktop/libs/gdx-backend-lwjgl.jar
7f5025990000-7f50259a1000 r-xs 000f4000 08:22 2634198                    /home/senth/repositories/voider-eclipse/voider/game/src/Voider/libs/gdx.jar
7f50259a1000-7f5025a00000 rwxp 00000000 00:00 0 
7f5025a00000-7f5025a07000 r-xp 00000000 08:22 814199                     /opt/sun-jdk-1.6.0.37/jre/lib/amd64/jli/libjli.so
7f5025a07000-7f5025b08000 ---p 00007000 08:22 814199                     /opt/sun-jdk-1.6.0.37/jre/lib/amd64/jli/libjli.so
7f5025b08000-7f5025b0a000 rwxp 00008000 08:22 814199                     /opt/sun-jdk-1.6.0.37/jre/lib/amd64/jli/libjli.so
7f5025b0a000-7f5025b0b000 rwxp 00000000 00:00 0 
7f5025b0b000-7f5025b0c000 rwxs 00000000 00:04 0                          /SYSV0056a4d5 (deleted)
7f5025b0c000-7f5025b0d000 r-xs 00006000 08:22 2236701                    /usr/share/eclipse/plugins/org.hamcrest.core_1.1.0.v20090501071000.jar
7f5025b0d000-7f5025b13000 r-xs 00034000 08:22 2236842                    /usr/share/eclipse/plugins/org.junit_4.10.0.v4_10_0_v20120426-0900/junit.jar
7f5025b13000-7f5025b14000 r-xs 0011a000 08:22 2634126                    /home/senth/repositories/voider-eclipse/voider/game/src/Voider-desktop/libs/gdx-natives.jar
7f5025b14000-7f5025b15000 r-xs 0000b000 08:22 2634153                    /home/senth/repositories/voider-eclipse/voider/game/src/Voider-desktop/libs/gdx-backend-lwjgl-sources.jar
7f5025b15000-7f5025b16000 r-xs 00162000 08:22 2634187                    /home/senth/repositories/voider-eclipse/voider/game/src/Voider-desktop/libs/gdx-backend-lwjgl-natives.jar
7f5025b16000-7f5025b17000 r-xs 00001000 08:22 2634178                    /home/senth/repositories/voider-eclipse/voider/game/src/Voider/libs/bodyeditor-loader.jar
7f5025b17000-7f5025b22000 rwxp 00000000 00:00 0 
7f5025b22000-7f5025b40000 rwxp 00000000 00:00 0 
7f5025b40000-7f5025b48000 rwxs 00000000 08:22 3276824                    /tmp/hsperfdata_senth/15020
7f5025b48000-7f5025b49000 rwxp 00000000 00:00 0 
7f5025b49000-7f5025b4a000 r-xp 00000000 00:00 0 
7f5025b4a000-7f5025b4b000 rwxp 00000000 00:00 0 
7f5025b4b000-7f5025b4c000 r-xp 00021000 08:22 792469                     /lib64/ld-2.15.so
7f5025b4c000-7f5025b4d000 rwxp 00022000 08:22 792469                     /lib64/ld-2.15.so
7f5025b4d000-7f5025b4e000 rwxp 00000000 00:00 0 
7fff84805000-7fff84827000 rwxp 00000000 00:00 0                          [stack]
7fff84902000-7fff84903000 r-xp 00000000 00:00 0                          [vdso]
ffffffffff600000-ffffffffff601000 r-xp 00000000 00:00 0                  [vsyscall]

VM Arguments:
jvm_args: -Dfile.encoding=UTF-8 
java_command: com.spiddekauga.voider.Main
Launcher Type: SUN_STANDARD

Environment Variables:
JAVA_HOME=/home/senth/.gentoo/java-config-2/current-user-vm
PATH=/usr/local/bin:/usr/bin:/bin:/opt/bin:/usr/x86_64-pc-linux-gnu/gcc-bin/4.5.4:/usr/lib64/subversion/bin:/usr/games/bin
LD_LIBRARY_PATH=/opt/sun-jdk-1.6.0.37/jre/lib/amd64/server:/opt/sun-jdk-1.6.0.37/jre/lib/amd64:/opt/sun-jdk-1.6.0.37/jre/../lib/amd64
SHELL=/bin/zsh
DISPLAY=:0

Signal Handlers:
SIGSEGV: [libjvm.so+0x861ea0], sa_mask[0]=0x7ffbfeff, sa_flags=0x10000004
SIGBUS: [libjvm.so+0x861ea0], sa_mask[0]=0x7ffbfeff, sa_flags=0x10000004
SIGFPE: [libjvm.so+0x70fc60], sa_mask[0]=0x7ffbfeff, sa_flags=0x10000004
SIGPIPE: [libjvm.so+0x70fc60], sa_mask[0]=0x7ffbfeff, sa_flags=0x10000004
SIGXFSZ: [libjvm.so+0x70fc60], sa_mask[0]=0x7ffbfeff, sa_flags=0x10000004
SIGILL: [libjvm.so+0x70fc60], sa_mask[0]=0x7ffbfeff, sa_flags=0x10000004
SIGUSR1: SIG_DFL, sa_mask[0]=0x00000000, sa_flags=0x00000000
SIGUSR2: [libjvm.so+0x712a90], sa_mask[0]=0x00000004, sa_flags=0x10000004
SIGHUP: [libjvm.so+0x712690], sa_mask[0]=0x7ffbfeff, sa_flags=0x10000004
SIGINT: [libjvm.so+0x712690], sa_mask[0]=0x7ffbfeff, sa_flags=0x10000004
SIGTERM: [libjvm.so+0x712690], sa_mask[0]=0x7ffbfeff, sa_flags=0x10000004
SIGQUIT: [libjvm.so+0x712690], sa_mask[0]=0x7ffbfeff, sa_flags=0x10000004


---------------  S Y S T E M  ---------------

OS:Gentoo Base System release 2.1

uname:Linux 3.0.6-gentoo #1 SMP Wed Nov 30 12:29:57 CET 2011 x86_64
libc:glibc 2.15 NPTL 2.15 
rlimit: STACK 8192k, CORE 0k, NPROC 63949, NOFILE 4096, AS infinity
load average:0.32 0.27 0.32

/proc/meminfo:
MemTotal:        8185972 kB
MemFree:           51084 kB
Buffers:          647372 kB
Cached:          4505436 kB
SwapCached:            0 kB
Active:          3797036 kB
Inactive:        3909108 kB
Active(anon):    2555140 kB
Inactive(anon):    41628 kB
Active(file):    1241896 kB
Inactive(file):  3867480 kB
Unevictable:           4 kB
Mlocked:               4 kB
SwapTotal:             0 kB
SwapFree:              0 kB
Dirty:               612 kB
Writeback:             0 kB
AnonPages:       2553908 kB
Mapped:           329320 kB
Shmem:             43040 kB
Slab:             325284 kB
SReclaimable:     247584 kB
SUnreclaim:        77700 kB
KernelStack:        4648 kB
PageTables:        54508 kB
NFS_Unstable:          0 kB
Bounce:                0 kB
WritebackTmp:          0 kB
CommitLimit:     4092984 kB
Committed_AS:    8001440 kB
VmallocTotal:   34359738367 kB
VmallocUsed:       36920 kB
VmallocChunk:   34359619068 kB
DirectMap4k:      146944 kB
DirectMap2M:     8241152 kB


CPU:total 4 (4 cores per cpu, 1 threads per core) family 6 model 23 stepping 6, cmov, cx8, fxsr, mmx, sse, sse2, sse3, ssse3, sse4.1

/proc/cpuinfo:
processor	: 0
vendor_id	: GenuineIntel
cpu family	: 6
model		: 23
model name	: Intel(R) Core(TM)2 Extreme CPU X9650  @ 3.00GHz
stepping	: 6
cpu MHz		: 1998.000
cache size	: 6144 KB
physical id	: 0
siblings	: 4
core id		: 0
cpu cores	: 4
apicid		: 0
initial apicid	: 0
fpu		: yes
fpu_exception	: yes
cpuid level	: 10
wp		: yes
flags		: fpu vme de pse tsc msr pae mce cx8 apic sep mtrr pge mca cmov pat pse36 clflush dts acpi mmx fxsr sse sse2 ss ht tm pbe syscall nx lm constant_tsc arch_perfmon pebs bts rep_good nopl aperfmperf pni dtes64 monitor ds_cpl vmx est tm2 ssse3 cx16 xtpr pdcm sse4_1 lahf_lm dts tpr_shadow vnmi flexpriority
bogomips	: 6010.07
clflush size	: 64
cache_alignment	: 64
address sizes	: 36 bits physical, 48 bits virtual
power management:

processor	: 1
vendor_id	: GenuineIntel
cpu family	: 6
model		: 23
model name	: Intel(R) Core(TM)2 Extreme CPU X9650  @ 3.00GHz
stepping	: 6
cpu MHz		: 1998.000
cache size	: 6144 KB
physical id	: 0
siblings	: 4
core id		: 1
cpu cores	: 4
apicid		: 1
initial apicid	: 1
fpu		: yes
fpu_exception	: yes
cpuid level	: 10
wp		: yes
flags		: fpu vme de pse tsc msr pae mce cx8 apic sep mtrr pge mca cmov pat pse36 clflush dts acpi mmx fxsr sse sse2 ss ht tm pbe syscall nx lm constant_tsc arch_perfmon pebs bts rep_good nopl aperfmperf pni dtes64 monitor ds_cpl vmx est tm2 ssse3 cx16 xtpr pdcm sse4_1 lahf_lm dts tpr_shadow vnmi flexpriority
bogomips	: 6011.03
clflush size	: 64
cache_alignment	: 64
address sizes	: 36 bits physical, 48 bits virtual
power management:

processor	: 2
vendor_id	: GenuineIntel
cpu family	: 6
model		: 23
model name	: Intel(R) Core(TM)2 Extreme CPU X9650  @ 3.00GHz
stepping	: 6
cpu MHz		: 1998.000
cache size	: 6144 KB
physical id	: 0
siblings	: 4
core id		: 2
cpu cores	: 4
apicid		: 2
initial apicid	: 2
fpu		: yes
fpu_exception	: yes
cpuid level	: 10
wp		: yes
flags		: fpu vme de pse tsc msr pae mce cx8 apic sep mtrr pge mca cmov pat pse36 clflush dts acpi mmx fxsr sse sse2 ss ht tm pbe syscall nx lm constant_tsc arch_perfmon pebs bts rep_good nopl aperfmperf pni dtes64 monitor ds_cpl vmx est tm2 ssse3 cx16 xtpr pdcm sse4_1 lahf_lm dts tpr_shadow vnmi flexpriority
bogomips	: 6011.06
clflush size	: 64
cache_alignment	: 64
address sizes	: 36 bits physical, 48 bits virtual
power management:

processor	: 3
vendor_id	: GenuineIntel
cpu family	: 6
model		: 23
model name	: Intel(R) Core(TM)2 Extreme CPU X9650  @ 3.00GHz
stepping	: 6
cpu MHz		: 1998.000
cache size	: 6144 KB
physical id	: 0
siblings	: 4
core id		: 3
cpu cores	: 4
apicid		: 3
initial apicid	: 3
fpu		: yes
fpu_exception	: yes
cpuid level	: 10
wp		: yes
flags		: fpu vme de pse tsc msr pae mce cx8 apic sep mtrr pge mca cmov pat pse36 clflush dts acpi mmx fxsr sse sse2 ss ht tm pbe syscall nx lm constant_tsc arch_perfmon pebs bts rep_good nopl aperfmperf pni dtes64 monitor ds_cpl vmx est tm2 ssse3 cx16 xtpr pdcm sse4_1 lahf_lm dts tpr_shadow vnmi flexpriority
bogomips	: 6011.05
clflush size	: 64
cache_alignment	: 64
address sizes	: 36 bits physical, 48 bits virtual
power management:



Memory: 4k page, physical 8185972k(51084k free), swap 0k(0k free)

vm_info: Java HotSpot(TM) 64-Bit Server VM (20.12-b01) for linux-amd64 JRE (1.6.0_37-b06), built on Sep 24 2012 11:47:45 by "java_re" with gcc 3.2.2 (SuSE Linux)

time: Fri Jan 11 14:47:35 2013
elapsed time: 89 seconds

