#
# A fatal error has been detected by the Java Runtime Environment:
#
#  SIGSEGV (0xb) at pc=0x0000000000000000, pid=26135, tid=139741224425216
#
# JRE version: 6.0_37-b06
# Java VM: Java HotSpot(TM) 64-Bit Server VM (20.12-b01 mixed mode linux-amd64 compressed oops)
# Problematic frame:
# C  0x0000000000000000
#
# If you would like to submit a bug report, please visit:
#   http://java.sun.com/webapps/bugreport/crash.jsp
#

---------------  T H R E A D  ---------------

Current thread is native thread

siginfo:si_signo=SIGSEGV: si_errno=0, si_code=1 (SEGV_MAPERR), si_addr=0x0000000000000000

Registers:
RAX=0x0000000000000000, RBX=0x0000000000000341, RCX=0x0000000000000003, RDX=0x0000000000000000
RSP=0x00007f180a0ace38, RBP=0x00007f183c25a2f0, RSI=0x0000000000000000, RDI=0x00007f183c25a2f0
R8 =0x0000000000000000, R9 =0x0000000000000000, R10=0x0000000000000c00, R11=0x0000000000000246
R12=0x00007f183c203ef0, R13=0x00007f180a0ace90, R14=0x00007f180a0ace88, R15=0x00007f180a0ace98
RIP=0x0000000000000000, EFLAGS=0x0000000000010202, CSGSFS=0x0000000000000033, ERR=0x0000000000000014
  TRAPNO=0x000000000000000e

Top of Stack: (sp=0x00007f180a0ace38)
0x00007f180a0ace38:   00007f180a3bbda7 00007f180a0ace88
0x00007f180a0ace48:   0000000000000341 00007f183c1f1210
0x00007f180a0ace58:   00007f180a3be1d8 0000000000000000
0x00007f180a0ace68:   0000000000000003 0000000000001400
0x00007f180a0ace78:   0000000000000400 0000000000000000
0x00007f180a0ace88:   0000000000000400 0000000000000400
0x00007f180a0ace98:   00007f183c255a40 0000000000000000
0x00007f180a0acea8:   00007f183c234670 0000000000000000
0x00007f180a0aceb8:   00007f184359a3b0 00007f180a0ad9c0
0x00007f180a0acec8:   00007f1844e8d000 0000000000000007
0x00007f180a0aced8:   00007f180a3b4d2a 0000000000000000
0x00007f180a0acee8:   00007f1844a55da6 0000000000000000
0x00007f180a0acef8:   00007f180a0ad700 0000000000000000
0x00007f180a0acf08:   0000000000000000 0000000000000000
0x00007f180a0acf18:   0000000000000000 0000000000000000
0x00007f180a0acf28:   0000000000000000 0000000000000000
0x00007f180a0acf38:   0000000000000000 0000000000000000
0x00007f180a0acf48:   0000000000000000 0000000000000000
0x00007f180a0acf58:   0000000000000000 0000000000000000
0x00007f180a0acf68:   0000000000000000 0000000000000000
0x00007f180a0acf78:   0000000000000000 00007f180a0ad700
0x00007f180a0acf88:   21d5ca7020ca31bd 00007f184359a3b0
0x00007f180a0acf98:   00007f180a0ad9c0 00007f1844e8d000
0x00007f180a0acfa8:   0000000000000007 dfe5de65bd2a31bd
0x00007f180a0acfb8:   dfe5433a9a1231bd 0000000000000000
0x00007f180a0acfc8:   0000000000000000 0000000000000000
0x00007f180a0acfd8:   0000000000000000 0000000000000000
0x00007f180a0acfe8:   0000000000000000 00007f180a0ad700
0x00007f180a0acff8:   00007f184458a99d 0000000000000000
0x00007f180a0ad008:   0000000000000000 0000000000000000
0x00007f180a0ad018:   0000000000000000 0000000000000000
0x00007f180a0ad028:   0000000000000000 0000000000000000 

Instructions: (pc=0x0000000000000000)
0xffffffffffffffe0:   

Register to memory mapping:

RAX=0x0000000000000000 is an unknown value
RBX=0x0000000000000341 is an unknown value
RCX=0x0000000000000003 is an unknown value
RDX=0x0000000000000000 is an unknown value
RSP=0x00007f180a0ace38 is an unknown value
RBP=0x00007f183c25a2f0 is an unknown value
RSI=0x0000000000000000 is an unknown value
RDI=0x00007f183c25a2f0 is an unknown value
R8 =0x0000000000000000 is an unknown value
R9 =0x0000000000000000 is an unknown value
R10=0x0000000000000c00 is an unknown value
R11=0x0000000000000246 is an unknown value
R12=0x00007f183c203ef0 is an unknown value
R13=0x00007f180a0ace90 is an unknown value
R14=0x00007f180a0ace88 is an unknown value
R15=0x00007f180a0ace98 is an unknown value


Stack: [0x00007f1809fad000,0x00007f180a0ae000],  sp=0x00007f180a0ace38,  free space=1023k

---------------  P R O C E S S  ---------------

VM state:not at safepoint (normal execution)

VM Mutex/Monitor currently owned by a thread: None

Heap
 PSYoungGen      total 37312K, used 5826K [0x00000007d6560000, 0x00000007d8f00000, 0x0000000800000000)
  eden space 32000K, 10% used [0x00000007d6560000,0x00000007d688a1b0,0x00000007d84a0000)
  from space 5312K, 48% used [0x00000007d84a0000,0x00000007d87269c0,0x00000007d89d0000)
  to   space 5312K, 0% used [0x00000007d89d0000,0x00000007d89d0000,0x00000007d8f00000)
 PSOldGen        total 85312K, used 0K [0x0000000783000000, 0x0000000788350000, 0x00000007d6560000)
  object space 85312K, 0% used [0x0000000783000000,0x0000000783000000,0x0000000788350000)
 PSPermGen       total 21248K, used 13200K [0x000000077de00000, 0x000000077f2c0000, 0x0000000783000000)
  object space 21248K, 62% used [0x000000077de00000,0x000000077eae41a0,0x000000077f2c0000)

Code Cache  [0x00007f1839000000, 0x00007f1839270000, 0x00007f183c000000)
 total_blobs=867 nmethods=374 adapters=447 free_code_cache=48760384 largest_free_block=16704

Dynamic libraries:
3ff00000-40009000 r-xp 00000000 08:22 814122                             /opt/sun-jdk-1.6.0.37/bin/java
40108000-4010a000 rwxp 00108000 08:22 814122                             /opt/sun-jdk-1.6.0.37/bin/java
4010a000-4012b000 rwxp 00000000 00:00 0                                  [heap]
40233000-402b1000 rwxp 00000000 00:00 0 
40790000-40792000 r-xs 00000000 08:22 3280023                            /tmp/glp9fmHh (deleted)
77de00000-77f2c0000 rwxp 00000000 00:00 0 
77f2c0000-783000000 rwxp 00000000 00:00 0 
783000000-788350000 rwxp 00000000 00:00 0 
788350000-7d6560000 rwxp 00000000 00:00 0 
7d6560000-7d8f00000 rwxp 00000000 00:00 0 
7d8f00000-800000000 rwxp 00000000 00:00 0 
7f17ec000000-7f17ec0d7000 rwxp 00000000 00:00 0 
7f17ec0d7000-7f17f0000000 ---p 00000000 00:00 0 
7f17f0000000-7f17f00ca000 rwxp 00000000 00:00 0 
7f17f00ca000-7f17f4000000 ---p 00000000 00:00 0 
7f17f5c16000-7f17f75e6000 r-xp 00000000 08:22 4327807                    /usr/lib64/libnvidia-glcore.so.304.64
7f17f75e6000-7f17f77e5000 ---p 019d0000 08:22 4327807                    /usr/lib64/libnvidia-glcore.so.304.64
7f17f77e5000-7f17f7fe6000 rwxp 019cf000 08:22 4327807                    /usr/lib64/libnvidia-glcore.so.304.64
7f17f7fe6000-7f17f8000000 rwxp 00000000 00:00 0 
7f17f8000000-7f17f8021000 rwxp 00000000 00:00 0 
7f17f8021000-7f17fc000000 ---p 00000000 00:00 0 
7f17fc000000-7f17fcbc2000 rwxp 00000000 00:00 0 
7f17fcbc2000-7f1800000000 ---p 00000000 00:00 0 
7f1800000000-7f1800021000 rwxp 00000000 00:00 0 
7f1800021000-7f1804000000 ---p 00000000 00:00 0 
7f1804000000-7f1804021000 rwxp 00000000 00:00 0 
7f1804021000-7f1808000000 ---p 00000000 00:00 0 
7f1809178000-7f18092a2000 rwxp 00000000 00:00 0 
7f18092a2000-7f18092a9000 r-xs 00000000 08:22 4618705                    /usr/lib64/gconv/gconv-modules.cache
7f18092a9000-7f18092bc000 r-xp 00000000 08:22 814228                     /opt/sun-jdk-1.6.0.37/jre/lib/amd64/libnet.so
7f18092bc000-7f18093bd000 ---p 00013000 08:22 814228                     /opt/sun-jdk-1.6.0.37/jre/lib/amd64/libnet.so
7f18093bd000-7f18093c0000 rwxp 00014000 08:22 814228                     /opt/sun-jdk-1.6.0.37/jre/lib/amd64/libnet.so
7f18093c0000-7f18095c0000 rwxs a6f5b000 00:0b 4207                       /dev/nvidia1
7f18095c0000-7f18096c0000 rwxs a0b08000 00:0b 4207                       /dev/nvidia1
7f18096c0000-7f18096c1000 rwxs fdc08000 00:0b 4207                       /dev/nvidia1
7f18096c1000-7f1809701000 rwxs a6f0d000 00:0b 4207                       /dev/nvidia1
7f1809701000-7f1809775000 rwxp 00000000 00:00 0 
7f1809776000-7f1809779000 r-xs 00027000 08:22 814888                     /opt/sun-jdk-1.6.0.37/jre/lib/ext/sunjce_provider.jar
7f1809779000-7f1809780000 r-xs 00095000 08:22 814155                     /opt/sun-jdk-1.6.0.37/jre/lib/jsse.jar
7f1809780000-7f1809783000 r-xs 00013000 08:22 814898                     /opt/sun-jdk-1.6.0.37/jre/lib/jce.jar
7f1809783000-7f1809784000 rwxp 00000000 00:00 0 
7f1809784000-7f1809788000 rwxs a1399000 00:0b 4207                       /dev/nvidia1
7f1809788000-7f1809789000 rwxs d0005000 00:0b 4207                       /dev/nvidia1
7f1809789000-7f180978a000 rwxs a6de5000 00:0b 4207                       /dev/nvidia1
7f180978a000-7f180978e000 rwxs a1b1b000 00:0b 4207                       /dev/nvidia1
7f18097ad000-7f180984c000 rwxp 00000000 00:00 0 
7f180984c000-7f180984f000 r-xp 00000000 08:22 4327810                    /usr/lib64/opengl/nvidia/lib/libnvidia-tls.so.304.64
7f180984f000-7f1809a4e000 ---p 00003000 08:22 4327810                    /usr/lib64/opengl/nvidia/lib/libnvidia-tls.so.304.64
7f1809a4e000-7f1809a4f000 rwxp 00002000 08:22 4327810                    /usr/lib64/opengl/nvidia/lib/libnvidia-tls.so.304.64
7f1809a4f000-7f1809b19000 r-xp 00000000 08:22 4327804                    /usr/lib64/opengl/nvidia/lib/libGL.so.304.64
7f1809b19000-7f1809d19000 ---p 000ca000 08:22 4327804                    /usr/lib64/opengl/nvidia/lib/libGL.so.304.64
7f1809d19000-7f1809d56000 rwxp 000ca000 08:22 4327804                    /usr/lib64/opengl/nvidia/lib/libGL.so.304.64
7f1809d56000-7f1809d6c000 rwxp 00000000 00:00 0 
7f1809d6c000-7f1809d6e000 rwxs 00000000 08:22 3280023                    /tmp/glp9fmHh (deleted)
7f1809d6e000-7f1809dab000 rwxp 00000000 00:00 0 
7f1809dab000-7f1809dae000 ---p 00000000 00:00 0 
7f1809dae000-7f1809eac000 rwxp 00000000 00:00 0 
7f1809eac000-7f1809eaf000 ---p 00000000 00:00 0 
7f1809eaf000-7f1809fad000 rwxp 00000000 00:00 0 
7f1809fad000-7f1809fae000 ---p 00000000 00:00 0 
7f1809fae000-7f180a0ae000 rwxp 00000000 00:00 0 
7f180a0ae000-7f180a188000 r-xp 00000000 08:22 4743064                    /usr/lib64/libasound.so.2.0.0
7f180a188000-7f180a387000 ---p 000da000 08:22 4743064                    /usr/lib64/libasound.so.2.0.0
7f180a387000-7f180a38d000 r-xp 000d9000 08:22 4743064                    /usr/lib64/libasound.so.2.0.0
7f180a38d000-7f180a38f000 rwxp 000df000 08:22 4743064                    /usr/lib64/libasound.so.2.0.0
7f180a38f000-7f180a3e0000 r-xp 00000000 08:22 3279356                    /tmp/libgdxsenth/1236974564/libopenal64.so
7f180a3e0000-7f180a5e0000 ---p 00051000 08:22 3279356                    /tmp/libgdxsenth/1236974564/libopenal64.so
7f180a5e0000-7f180a5e2000 r-xp 00051000 08:22 3279356                    /tmp/libgdxsenth/1236974564/libopenal64.so
7f180a5e2000-7f180a5e3000 rwxp 00053000 08:22 3279356                    /tmp/libgdxsenth/1236974564/libopenal64.so
7f180a5e3000-7f180a5e4000 rwxp 00000000 00:00 0 
7f180a5e4000-7f180a5e9000 r-xp 00000000 08:22 4375155                    /usr/lib64/libXxf86vm.so.1.0.0
7f180a5e9000-7f180a7e8000 ---p 00005000 08:22 4375155                    /usr/lib64/libXxf86vm.so.1.0.0
7f180a7e8000-7f180a7e9000 r-xp 00004000 08:22 4375155                    /usr/lib64/libXxf86vm.so.1.0.0
7f180a7e9000-7f180a7ea000 rwxp 00005000 08:22 4375155                    /usr/lib64/libXxf86vm.so.1.0.0
7f180a7ea000-7f180a7f3000 r-xp 00000000 08:22 4199067                    /usr/lib64/libXrandr.so.2.2.0
7f180a7f3000-7f180a9f2000 ---p 00009000 08:22 4199067                    /usr/lib64/libXrandr.so.2.2.0
7f180a9f2000-7f180a9f3000 r-xp 00008000 08:22 4199067                    /usr/lib64/libXrandr.so.2.2.0
7f180a9f3000-7f180a9f4000 rwxp 00009000 08:22 4199067                    /usr/lib64/libXrandr.so.2.2.0
7f180a9f4000-7f180aa5e000 r-xp 00000000 08:22 3280017                    /tmp/libgdxsenth/1236974564/liblwjgl64.so
7f180aa5e000-7f180ac5e000 ---p 0006a000 08:22 3280017                    /tmp/libgdxsenth/1236974564/liblwjgl64.so
7f180ac5e000-7f180ac60000 r-xp 0006a000 08:22 3280017                    /tmp/libgdxsenth/1236974564/liblwjgl64.so
7f180ac60000-7f180ac61000 rwxp 0006c000 08:22 3280017                    /tmp/libgdxsenth/1236974564/liblwjgl64.so
7f180ac61000-7f180ac62000 r-xp 00000000 08:22 814208                     /opt/sun-jdk-1.6.0.37/jre/lib/amd64/libjawt.so
7f180ac62000-7f180ad61000 ---p 00001000 08:22 814208                     /opt/sun-jdk-1.6.0.37/jre/lib/amd64/libjawt.so
7f180ad61000-7f180ad62000 rwxp 00000000 08:22 814208                     /opt/sun-jdk-1.6.0.37/jre/lib/amd64/libjawt.so
7f180ad62000-7f180ad65000 ---p 00000000 00:00 0 
7f180ad65000-7f180ae63000 rwxp 00000000 00:00 0 
7f180ae63000-7f180ae68000 r-xp 00000000 08:22 4599727                    /usr/lib64/libXfixes.so.3.1.0
7f180ae68000-7f180b068000 ---p 00005000 08:22 4599727                    /usr/lib64/libXfixes.so.3.1.0
7f180b068000-7f180b069000 r-xp 00005000 08:22 4599727                    /usr/lib64/libXfixes.so.3.1.0
7f180b069000-7f180b06a000 rwxp 00006000 08:22 4599727                    /usr/lib64/libXfixes.so.3.1.0
7f180b06a000-7f180b073000 r-xp 00000000 08:22 4375106                    /usr/lib64/libXrender.so.1.3.0
7f180b073000-7f180b272000 ---p 00009000 08:22 4375106                    /usr/lib64/libXrender.so.1.3.0
7f180b272000-7f180b273000 r-xp 00008000 08:22 4375106                    /usr/lib64/libXrender.so.1.3.0
7f180b273000-7f180b274000 rwxp 00009000 08:22 4375106                    /usr/lib64/libXrender.so.1.3.0
7f180b274000-7f180b27e000 r-xp 00000000 08:22 4377835                    /usr/lib64/libXcursor.so.1.0.2
7f180b27e000-7f180b47d000 ---p 0000a000 08:22 4377835                    /usr/lib64/libXcursor.so.1.0.2
7f180b47d000-7f180b47e000 r-xp 00009000 08:22 4377835                    /usr/lib64/libXcursor.so.1.0.2
7f180b47e000-7f180b47f000 rwxp 0000a000 08:22 4377835                    /usr/lib64/libXcursor.so.1.0.2
7f180b47f000-7f180b480000 rwxp 00000000 00:00 0 
7f180b480000-7f180b481000 rwxs fd642000 00:0b 4207                       /dev/nvidia1
7f180b481000-7f180b49e000 rwxs 234665000 00:0b 4207                      /dev/nvidia1
7f180b49e000-7f180b4ae000 rwxs 00000000 00:04 32769                      /SYSV0056a4d6 (deleted)
7f180b4ae000-7f180b4be000 rwxs 00000000 00:0b 2238                       /dev/snd/pcmC0D0p
7f180b4be000-7f180b4c1000 ---p 00000000 00:00 0 
7f180b4c1000-7f180b5bf000 rwxp 00000000 00:00 0 
7f180b5bf000-7f180b5c4000 r-xp 00000000 08:22 4473603                    /usr/lib64/libXdmcp.so.6.0.0
7f180b5c4000-7f180b7c3000 ---p 00005000 08:22 4473603                    /usr/lib64/libXdmcp.so.6.0.0
7f180b7c3000-7f180b7c4000 r-xp 00004000 08:22 4473603                    /usr/lib64/libXdmcp.so.6.0.0
7f180b7c4000-7f180b7c5000 rwxp 00005000 08:22 4473603                    /usr/lib64/libXdmcp.so.6.0.0
7f180b7c5000-7f180b7c7000 r-xp 00000000 08:22 4473139                    /usr/lib64/libXau.so.6.0.0
7f180b7c7000-7f180b9c7000 ---p 00002000 08:22 4473139                    /usr/lib64/libXau.so.6.0.0
7f180b9c7000-7f180b9c8000 r-xp 00002000 08:22 4473139                    /usr/lib64/libXau.so.6.0.0
7f180b9c8000-7f180b9c9000 rwxp 00003000 08:22 4473139                    /usr/lib64/libXau.so.6.0.0
7f180b9c9000-7f180b9e9000 r-xp 00000000 08:22 4204381                    /usr/lib64/libxcb.so.1.1.0
7f180b9e9000-7f180bbe8000 ---p 00020000 08:22 4204381                    /usr/lib64/libxcb.so.1.1.0
7f180bbe8000-7f180bbe9000 r-xp 0001f000 08:22 4204381                    /usr/lib64/libxcb.so.1.1.0
7f180bbe9000-7f180bbea000 rwxp 00020000 08:22 4204381                    /usr/lib64/libxcb.so.1.1.0
7f180bbea000-7f180bbf9000 r-xp 00000000 08:22 4470670                    /usr/lib64/libXi.so.6.1.0
7f180bbf9000-7f180bdf8000 ---p 0000f000 08:22 4470670                    /usr/lib64/libXi.so.6.1.0
7f180bdf8000-7f180bdf9000 r-xp 0000e000 08:22 4470670                    /usr/lib64/libXi.so.6.1.0
7f180bdf9000-7f180bdfa000 rwxp 0000f000 08:22 4470670                    /usr/lib64/libXi.so.6.1.0
7f180bdfa000-7f180bdff000 r-xp 00000000 08:22 4377447                    /usr/lib64/libXtst.so.6.1.0
7f180bdff000-7f180bffe000 ---p 00005000 08:22 4377447                    /usr/lib64/libXtst.so.6.1.0
7f180bffe000-7f180bfff000 r-xp 00004000 08:22 4377447                    /usr/lib64/libXtst.so.6.1.0
7f180bfff000-7f180c000000 rwxp 00005000 08:22 4377447                    /usr/lib64/libXtst.so.6.1.0
7f180c000000-7f180d206000 rwxp 00000000 00:00 0 
7f180d206000-7f1810000000 ---p 00000000 00:00 0 
7f1810000000-7f1810021000 rwxp 00000000 00:00 0 
7f1810021000-7f1814000000 ---p 00000000 00:00 0 
7f1814000000-7f1814021000 rwxp 00000000 00:00 0 
7f1814021000-7f1818000000 ---p 00000000 00:00 0 
7f1818000000-7f181932f000 rwxp 00000000 00:00 0 
7f181932f000-7f181c000000 ---p 00000000 00:00 0 
7f181c000000-7f181c021000 rwxp 00000000 00:00 0 
7f181c021000-7f1820000000 ---p 00000000 00:00 0 
7f1820000000-7f1820021000 rwxp 00000000 00:00 0 
7f1820021000-7f1824000000 ---p 00000000 00:00 0 
7f1824000000-7f1824021000 rwxp 00000000 00:00 0 
7f1824021000-7f1828000000 ---p 00000000 00:00 0 
7f1828000000-7f1828021000 rwxp 00000000 00:00 0 
7f1828021000-7f182c000000 ---p 00000000 00:00 0 
7f182c000000-7f182c021000 rwxp 00000000 00:00 0 
7f182c021000-7f1830000000 ---p 00000000 00:00 0 
7f1830000000-7f1830021000 rwxp 00000000 00:00 0 
7f1830021000-7f1834000000 ---p 00000000 00:00 0 
7f1834000000-7f1834021000 rwxp 00000000 00:00 0 
7f1834021000-7f1838000000 ---p 00000000 00:00 0 
7f1838000000-7f1838079000 r-xp 00000000 08:22 814182                     /opt/sun-jdk-1.6.0.37/jre/lib/amd64/libfontmanager.so
7f1838079000-7f1838178000 ---p 00079000 08:22 814182                     /opt/sun-jdk-1.6.0.37/jre/lib/amd64/libfontmanager.so
7f1838178000-7f183818e000 rwxp 00078000 08:22 814182                     /opt/sun-jdk-1.6.0.37/jre/lib/amd64/libfontmanager.so
7f183818e000-7f183819f000 rwxp 00000000 00:00 0 
7f183819f000-7f18382d8000 r-xp 00000000 08:22 4730848                    /usr/lib64/libX11.so.6.3.0
7f18382d8000-7f18384d8000 ---p 00139000 08:22 4730848                    /usr/lib64/libX11.so.6.3.0
7f18384d8000-7f18384d9000 r-xp 00139000 08:22 4730848                    /usr/lib64/libX11.so.6.3.0
7f18384d9000-7f18384de000 rwxp 0013a000 08:22 4730848                    /usr/lib64/libX11.so.6.3.0
7f18384de000-7f18384ef000 r-xp 00000000 08:22 4377479                    /usr/lib64/libXext.so.6.4.0
7f18384ef000-7f18386ee000 ---p 00011000 08:22 4377479                    /usr/lib64/libXext.so.6.4.0
7f18386ee000-7f18386ef000 r-xp 00010000 08:22 4377479                    /usr/lib64/libXext.so.6.4.0
7f18386ef000-7f18386f0000 rwxp 00011000 08:22 4377479                    /usr/lib64/libXext.so.6.4.0
7f18386f0000-7f18386f1000 rwxs 22f0fb000 00:0b 4207                      /dev/nvidia1
7f18386f1000-7f18386f2000 rwxs fd641000 00:0b 4207                       /dev/nvidia1
7f18386f2000-7f18386f3000 rwxs 22f0fa000 00:0b 4207                      /dev/nvidia1
7f18386f3000-7f18386fc000 r-xs 00000000 08:22 4194760                    /var/cache/fontconfig/87f5e051180a7a75f16eb6fe7dbd3749-le64.cache-3
7f18386fc000-7f1838705000 r-xs 00000000 08:22 4194765                    /var/cache/fontconfig/acc285bc1956c3c4bc7afb41d537a85a-le64.cache-3
7f1838705000-7f183870e000 r-xs 00000000 08:22 4194764                    /var/cache/fontconfig/4460665c0f3e88acdd4c85aa2f409b99-le64.cache-3
7f183870e000-7f1838712000 r-xs 00000000 08:22 4194763                    /var/cache/fontconfig/88854163852d87a9a9866b7080197209-le64.cache-3
7f1838712000-7f1838724000 r-xs 00000000 08:22 4194761                    /var/cache/fontconfig/8d4af663993b81a124ee82e610bb31f9-le64.cache-3
7f1838724000-7f183872f000 r-xs 00000000 08:22 4194759                    /var/cache/fontconfig/d722f191fc173fb8c13c8ea6f285de40-le64.cache-3
7f183872f000-7f1838771000 r-xp 00000000 08:22 814177                     /opt/sun-jdk-1.6.0.37/jre/lib/amd64/xawt/libmawt.so
7f1838771000-7f1838870000 ---p 00042000 08:22 814177                     /opt/sun-jdk-1.6.0.37/jre/lib/amd64/xawt/libmawt.so
7f1838870000-7f183887c000 rwxp 00041000 08:22 814177                     /opt/sun-jdk-1.6.0.37/jre/lib/amd64/xawt/libmawt.so
7f183887c000-7f183887d000 rwxp 00000000 00:00 0 
7f183887d000-7f1838892000 r-xp 00000000 08:22 4449816                    /usr/lib64/gcc/x86_64-pc-linux-gnu/4.5.4/libgcc_s.so.1
7f1838892000-7f1838a91000 ---p 00015000 08:22 4449816                    /usr/lib64/gcc/x86_64-pc-linux-gnu/4.5.4/libgcc_s.so.1
7f1838a91000-7f1838a92000 r-xp 00014000 08:22 4449816                    /usr/lib64/gcc/x86_64-pc-linux-gnu/4.5.4/libgcc_s.so.1
7f1838a92000-7f1838a93000 rwxp 00015000 08:22 4449816                    /usr/lib64/gcc/x86_64-pc-linux-gnu/4.5.4/libgcc_s.so.1
7f1838a93000-7f1838b77000 r-xp 00000000 08:22 4449801                    /usr/lib64/gcc/x86_64-pc-linux-gnu/4.5.4/libstdc++.so.6.0.14
7f1838b77000-7f1838d76000 ---p 000e4000 08:22 4449801                    /usr/lib64/gcc/x86_64-pc-linux-gnu/4.5.4/libstdc++.so.6.0.14
7f1838d76000-7f1838d7e000 r-xp 000e3000 08:22 4449801                    /usr/lib64/gcc/x86_64-pc-linux-gnu/4.5.4/libstdc++.so.6.0.14
7f1838d7e000-7f1838d80000 rwxp 000eb000 08:22 4449801                    /usr/lib64/gcc/x86_64-pc-linux-gnu/4.5.4/libstdc++.so.6.0.14
7f1838d80000-7f1838d95000 rwxp 00000000 00:00 0 
7f1838d95000-7f1838dfd000 r-xp 00000000 08:22 3276997                    /tmp/libgdxsenth/1236974564/libgdx64.so
7f1838dfd000-7f1838ffc000 ---p 00068000 08:22 3276997                    /tmp/libgdxsenth/1236974564/libgdx64.so
7f1838ffc000-7f1838ffe000 r-xp 00067000 08:22 3276997                    /tmp/libgdxsenth/1236974564/libgdx64.so
7f1838ffe000-7f1838fff000 rwxp 00069000 08:22 3276997                    /tmp/libgdxsenth/1236974564/libgdx64.so
7f1838fff000-7f1839270000 rwxp 00000000 00:00 0 
7f1839270000-7f183c2ae000 rwxp 00000000 00:00 0 
7f183c2ae000-7f1840000000 ---p 00000000 00:00 0 
7f1840000000-7f1840001000 rwxs 9f574000 00:0b 4207                       /dev/nvidia1
7f1840001000-7f1840002000 rwxs fd060000 00:0b 4207                       /dev/nvidia1
7f1840002000-7f1840003000 rwxs 81000000 00:0b 2238                       /dev/snd/pcmC0D0p
7f1840003000-7f1840004000 r-xs 80000000 00:0b 2238                       /dev/snd/pcmC0D0p
7f1840004000-7f1840008000 r-xs 00000000 08:22 4194757                    /var/cache/fontconfig/a595ca43be94766bbfe429f07fba82d0-le64.cache-3
7f1840008000-7f184000a000 r-xs 00000000 08:22 4194756                    /var/cache/fontconfig/452f1fac34b224105d7acfae3034bcd5-le64.cache-3
7f184000a000-7f184000e000 r-xs 00000000 08:22 4194755                    /var/cache/fontconfig/580bda594161061e6ef4cc8a4db09662-le64.cache-3
7f184000e000-7f18400a0000 r-xp 00000000 08:22 814194                     /opt/sun-jdk-1.6.0.37/jre/lib/amd64/libawt.so
7f18400a0000-7f184019f000 ---p 00092000 08:22 814194                     /opt/sun-jdk-1.6.0.37/jre/lib/amd64/libawt.so
7f184019f000-7f18401b9000 rwxp 00091000 08:22 814194                     /opt/sun-jdk-1.6.0.37/jre/lib/amd64/libawt.so
7f18401b9000-7f18401dd000 rwxp 00000000 00:00 0 
7f18401dd000-7f18401de000 ---p 00000000 00:00 0 
7f18401de000-7f18402de000 rwxp 00000000 00:00 0 
7f18402de000-7f18402e1000 ---p 00000000 00:00 0 
7f18402e1000-7f18403df000 rwxp 00000000 00:00 0 
7f18403df000-7f18403e2000 ---p 00000000 00:00 0 
7f18403e2000-7f18404e0000 rwxp 00000000 00:00 0 
7f18404e0000-7f18404e3000 ---p 00000000 00:00 0 
7f18404e3000-7f18405e1000 rwxp 00000000 00:00 0 
7f18405e1000-7f18405e4000 ---p 00000000 00:00 0 
7f18405e4000-7f18406e2000 rwxp 00000000 00:00 0 
7f18406e2000-7f18411f5000 r-xp 00000000 08:22 5251173                    /usr/lib64/locale/locale-archive
7f18411f5000-7f18411f8000 ---p 00000000 00:00 0 
7f18411f8000-7f18412f6000 rwxp 00000000 00:00 0 
7f18412f6000-7f18412f9000 ---p 00000000 00:00 0 
7f18412f9000-7f18413f7000 rwxp 00000000 00:00 0 
7f18413f7000-7f18413f8000 ---p 00000000 00:00 0 
7f18413f8000-7f18419fd000 rwxp 00000000 00:00 0 
7f18419fd000-7f1841b94000 r-xs 03080000 08:22 814407                     /opt/sun-jdk-1.6.0.37/jre/lib/rt.jar
7f1841b94000-7f1841b95000 ---p 00000000 00:00 0 
7f1841b95000-7f1841c95000 rwxp 00000000 00:00 0 
7f1841c95000-7f1841c96000 ---p 00000000 00:00 0 
7f1841c96000-7f1841d96000 rwxp 00000000 00:00 0 
7f1841d96000-7f1841d97000 ---p 00000000 00:00 0 
7f1841d97000-7f1841e97000 rwxp 00000000 00:00 0 
7f1841e97000-7f1841e98000 ---p 00000000 00:00 0 
7f1841e98000-7f1841fc2000 rwxp 00000000 00:00 0 
7f1841fc2000-7f1842233000 rwxp 00000000 00:00 0 
7f1842233000-7f184223e000 rwxp 00000000 00:00 0 
7f184223e000-7f184225c000 rwxp 00000000 00:00 0 
7f184225c000-7f1842286000 rwxp 00000000 00:00 0 
7f1842286000-7f18424f6000 rwxp 00000000 00:00 0 
7f18424f6000-7f184250c000 rwxp 00000000 00:00 0 
7f184250c000-7f1842644000 rwxp 00000000 00:00 0 
7f1842644000-7f184264f000 rwxp 00000000 00:00 0 
7f184264f000-7f1842705000 rwxp 00000000 00:00 0 
7f1842705000-7f1842713000 r-xp 00000000 08:22 814183                     /opt/sun-jdk-1.6.0.37/jre/lib/amd64/libzip.so
7f1842713000-7f1842815000 ---p 0000e000 08:22 814183                     /opt/sun-jdk-1.6.0.37/jre/lib/amd64/libzip.so
7f1842815000-7f1842818000 rwxp 00010000 08:22 814183                     /opt/sun-jdk-1.6.0.37/jre/lib/amd64/libzip.so
7f1842818000-7f1842819000 rwxp 00000000 00:00 0 
7f1842819000-7f1842825000 r-xp 00000000 08:22 792418                     /lib64/libnss_files-2.15.so
7f1842825000-7f1842a25000 ---p 0000c000 08:22 792418                     /lib64/libnss_files-2.15.so
7f1842a25000-7f1842a26000 r-xp 0000c000 08:22 792418                     /lib64/libnss_files-2.15.so
7f1842a26000-7f1842a27000 rwxp 0000d000 08:22 792418                     /lib64/libnss_files-2.15.so
7f1842a27000-7f1842a31000 r-xp 00000000 08:22 792457                     /lib64/libnss_nis-2.15.so
7f1842a31000-7f1842c31000 ---p 0000a000 08:22 792457                     /lib64/libnss_nis-2.15.so
7f1842c31000-7f1842c32000 r-xp 0000a000 08:22 792457                     /lib64/libnss_nis-2.15.so
7f1842c32000-7f1842c33000 rwxp 0000b000 08:22 792457                     /lib64/libnss_nis-2.15.so
7f1842c33000-7f1842c3a000 r-xp 00000000 08:22 792459                     /lib64/libnss_compat-2.15.so
7f1842c3a000-7f1842e3a000 ---p 00007000 08:22 792459                     /lib64/libnss_compat-2.15.so
7f1842e3a000-7f1842e3b000 r-xp 00007000 08:22 792459                     /lib64/libnss_compat-2.15.so
7f1842e3b000-7f1842e3c000 rwxp 00008000 08:22 792459                     /lib64/libnss_compat-2.15.so
7f1842e3c000-7f1842e51000 r-xp 00000000 08:22 792456                     /lib64/libnsl-2.15.so
7f1842e51000-7f1843050000 ---p 00015000 08:22 792456                     /lib64/libnsl-2.15.so
7f1843050000-7f1843051000 r-xp 00014000 08:22 792456                     /lib64/libnsl-2.15.so
7f1843051000-7f1843052000 rwxp 00015000 08:22 792456                     /lib64/libnsl-2.15.so
7f1843052000-7f1843054000 rwxp 00000000 00:00 0 
7f1843054000-7f184307d000 r-xp 00000000 08:22 814205                     /opt/sun-jdk-1.6.0.37/jre/lib/amd64/libjava.so
7f184307d000-7f184317c000 ---p 00029000 08:22 814205                     /opt/sun-jdk-1.6.0.37/jre/lib/amd64/libjava.so
7f184317c000-7f1843183000 rwxp 00028000 08:22 814205                     /opt/sun-jdk-1.6.0.37/jre/lib/amd64/libjava.so
7f1843183000-7f1843190000 r-xp 00000000 08:22 814192                     /opt/sun-jdk-1.6.0.37/jre/lib/amd64/libverify.so
7f1843190000-7f184328f000 ---p 0000d000 08:22 814192                     /opt/sun-jdk-1.6.0.37/jre/lib/amd64/libverify.so
7f184328f000-7f1843292000 rwxp 0000c000 08:22 814192                     /opt/sun-jdk-1.6.0.37/jre/lib/amd64/libverify.so
7f1843292000-7f184329a000 r-xp 00000000 08:22 792422                     /lib64/librt-2.15.so
7f184329a000-7f1843499000 ---p 00008000 08:22 792422                     /lib64/librt-2.15.so
7f1843499000-7f184349a000 r-xp 00007000 08:22 792422                     /lib64/librt-2.15.so
7f184349a000-7f184349b000 rwxp 00008000 08:22 792422                     /lib64/librt-2.15.so
7f184349b000-7f184349e000 ---p 00000000 00:00 0 
7f184349e000-7f184359c000 rwxp 00000000 00:00 0 
7f184359c000-7f1843692000 r-xp 00000000 08:22 792389                     /lib64/libm-2.15.so
7f1843692000-7f1843891000 ---p 000f6000 08:22 792389                     /lib64/libm-2.15.so
7f1843891000-7f1843892000 r-xp 000f5000 08:22 792389                     /lib64/libm-2.15.so
7f1843892000-7f1843893000 rwxp 000f6000 08:22 792389                     /lib64/libm-2.15.so
7f1843893000-7f18441b0000 r-xp 00000000 08:22 814214                     /opt/sun-jdk-1.6.0.37/jre/lib/amd64/server/libjvm.so
7f18441b0000-7f18442af000 ---p 0091d000 08:22 814214                     /opt/sun-jdk-1.6.0.37/jre/lib/amd64/server/libjvm.so
7f18442af000-7f1844465000 rwxp 0091c000 08:22 814214                     /opt/sun-jdk-1.6.0.37/jre/lib/amd64/server/libjvm.so
7f1844465000-7f184449f000 rwxp 00000000 00:00 0 
7f184449f000-7f1844640000 r-xp 00000000 08:22 792470                     /lib64/libc-2.15.so
7f1844640000-7f1844840000 ---p 001a1000 08:22 792470                     /lib64/libc-2.15.so
7f1844840000-7f1844844000 r-xp 001a1000 08:22 792470                     /lib64/libc-2.15.so
7f1844844000-7f1844846000 rwxp 001a5000 08:22 792470                     /lib64/libc-2.15.so
7f1844846000-7f184484a000 rwxp 00000000 00:00 0 
7f184484a000-7f184484c000 r-xp 00000000 08:22 792393                     /lib64/libdl-2.15.so
7f184484c000-7f1844a4c000 ---p 00002000 08:22 792393                     /lib64/libdl-2.15.so
7f1844a4c000-7f1844a4d000 r-xp 00002000 08:22 792393                     /lib64/libdl-2.15.so
7f1844a4d000-7f1844a4e000 rwxp 00003000 08:22 792393                     /lib64/libdl-2.15.so
7f1844a4e000-7f1844a66000 r-xp 00000000 08:22 792098                     /lib64/libpthread-2.15.so
7f1844a66000-7f1844c65000 ---p 00018000 08:22 792098                     /lib64/libpthread-2.15.so
7f1844c65000-7f1844c66000 r-xp 00017000 08:22 792098                     /lib64/libpthread-2.15.so
7f1844c66000-7f1844c67000 rwxp 00018000 08:22 792098                     /lib64/libpthread-2.15.so
7f1844c67000-7f1844c6b000 rwxp 00000000 00:00 0 
7f1844c6b000-7f1844c8d000 r-xp 00000000 08:22 792469                     /lib64/ld-2.15.so
7f1844c8d000-7f1844c92000 r-xs 00000000 08:22 4194754                    /var/cache/fontconfig/a336a40326b5f097d6a660e43ed65741-le64.cache-3
7f1844c92000-7f1844ca4000 r-xs 00000000 08:22 4194753                    /var/cache/fontconfig/221fd1126b80b777db535aea535e87ba-le64.cache-3
7f1844ca4000-7f1844cbd000 r-xs 00000000 08:22 4194770                    /var/cache/fontconfig/4b5cf4386f1cde02a336ba961b4ac82d-le64.cache-3
7f1844cbd000-7f1844cd1000 r-xs 0014b000 08:22 2634188                    /home/senth/repositories/voider-eclipse/voider/game/src/Voider-desktop/libs/gdx-backend-lwjgl.jar
7f1844cd1000-7f1844ce2000 r-xs 000f4000 08:22 2634198                    /home/senth/repositories/voider-eclipse/voider/game/src/Voider/libs/gdx.jar
7f1844ce2000-7f1844d41000 rwxp 00000000 00:00 0 
7f1844d41000-7f1844d48000 r-xp 00000000 08:22 814199                     /opt/sun-jdk-1.6.0.37/jre/lib/amd64/jli/libjli.so
7f1844d48000-7f1844e49000 ---p 00007000 08:22 814199                     /opt/sun-jdk-1.6.0.37/jre/lib/amd64/jli/libjli.so
7f1844e49000-7f1844e4b000 rwxp 00008000 08:22 814199                     /opt/sun-jdk-1.6.0.37/jre/lib/amd64/jli/libjli.so
7f1844e4b000-7f1844e4c000 rwxp 00000000 00:00 0 
7f1844e4c000-7f1844e4d000 rwxs 00000000 00:04 0                          /SYSV0056a4d5 (deleted)
7f1844e4d000-7f1844e4e000 r-xs 00006000 08:22 2236701                    /usr/share/eclipse/plugins/org.hamcrest.core_1.1.0.v20090501071000.jar
7f1844e4e000-7f1844e54000 r-xs 00034000 08:22 2236842                    /usr/share/eclipse/plugins/org.junit_4.10.0.v4_10_0_v20120426-0900/junit.jar
7f1844e54000-7f1844e55000 r-xs 0011a000 08:22 2634126                    /home/senth/repositories/voider-eclipse/voider/game/src/Voider-desktop/libs/gdx-natives.jar
7f1844e55000-7f1844e56000 r-xs 0000b000 08:22 2634153                    /home/senth/repositories/voider-eclipse/voider/game/src/Voider-desktop/libs/gdx-backend-lwjgl-sources.jar
7f1844e56000-7f1844e57000 r-xs 00162000 08:22 2634187                    /home/senth/repositories/voider-eclipse/voider/game/src/Voider-desktop/libs/gdx-backend-lwjgl-natives.jar
7f1844e57000-7f1844e58000 r-xs 00001000 08:22 2634178                    /home/senth/repositories/voider-eclipse/voider/game/src/Voider/libs/bodyeditor-loader.jar
7f1844e58000-7f1844e63000 rwxp 00000000 00:00 0 
7f1844e63000-7f1844e81000 rwxp 00000000 00:00 0 
7f1844e81000-7f1844e89000 rwxs 00000000 08:22 3276860                    /tmp/hsperfdata_senth/26135
7f1844e89000-7f1844e8a000 rwxp 00000000 00:00 0 
7f1844e8a000-7f1844e8b000 r-xp 00000000 00:00 0 
7f1844e8b000-7f1844e8c000 rwxp 00000000 00:00 0 
7f1844e8c000-7f1844e8d000 r-xp 00021000 08:22 792469                     /lib64/ld-2.15.so
7f1844e8d000-7f1844e8e000 rwxp 00022000 08:22 792469                     /lib64/ld-2.15.so
7f1844e8e000-7f1844e8f000 rwxp 00000000 00:00 0 
7fffe838e000-7fffe83b0000 rwxp 00000000 00:00 0                          [stack]
7fffe83ff000-7fffe8400000 r-xp 00000000 00:00 0                          [vdso]
ffffffffff600000-ffffffffff601000 r-xp 00000000 00:00 0                  [vsyscall]

VM Arguments:
jvm_args: -Dfile.encoding=UTF-8 
java_command: com.spiddekauga.voider.Main
Launcher Type: SUN_STANDARD

Environment Variables:
JAVA_HOME=/home/senth/.gentoo/java-config-2/current-user-vm
PATH=/usr/local/bin:/usr/bin:/bin:/opt/bin:/usr/x86_64-pc-linux-gnu/gcc-bin/4.5.4:/usr/lib64/subversion/bin:/usr/games/bin
LD_LIBRARY_PATH=/opt/sun-jdk-1.6.0.37/jre/lib/amd64/server:/opt/sun-jdk-1.6.0.37/jre/lib/amd64:/opt/sun-jdk-1.6.0.37/jre/../lib/amd64
SHELL=/bin/zsh
DISPLAY=:0

Signal Handlers:
SIGSEGV: [libjvm.so+0x861ea0], sa_mask[0]=0x7ffbfeff, sa_flags=0x10000004
SIGBUS: [libjvm.so+0x861ea0], sa_mask[0]=0x7ffbfeff, sa_flags=0x10000004
SIGFPE: [libjvm.so+0x70fc60], sa_mask[0]=0x7ffbfeff, sa_flags=0x10000004
SIGPIPE: [libjvm.so+0x70fc60], sa_mask[0]=0x7ffbfeff, sa_flags=0x10000004
SIGXFSZ: [libjvm.so+0x70fc60], sa_mask[0]=0x7ffbfeff, sa_flags=0x10000004
SIGILL: [libjvm.so+0x70fc60], sa_mask[0]=0x7ffbfeff, sa_flags=0x10000004
SIGUSR1: SIG_DFL, sa_mask[0]=0x00000000, sa_flags=0x00000000
SIGUSR2: [libjvm.so+0x712a90], sa_mask[0]=0x00000004, sa_flags=0x10000004
SIGHUP: [libjvm.so+0x712690], sa_mask[0]=0x7ffbfeff, sa_flags=0x10000004
SIGINT: [libjvm.so+0x712690], sa_mask[0]=0x7ffbfeff, sa_flags=0x10000004
SIGTERM: [libjvm.so+0x712690], sa_mask[0]=0x7ffbfeff, sa_flags=0x10000004
SIGQUIT: [libjvm.so+0x712690], sa_mask[0]=0x7ffbfeff, sa_flags=0x10000004


---------------  S Y S T E M  ---------------

OS:Gentoo Base System release 2.1

uname:Linux 3.0.6-gentoo #1 SMP Wed Nov 30 12:29:57 CET 2011 x86_64
libc:glibc 2.15 NPTL 2.15 
rlimit: STACK 8192k, CORE 0k, NPROC 63949, NOFILE 4096, AS infinity
load average:0.28 0.37 0.35

/proc/meminfo:
MemTotal:        8185972 kB
MemFree:           55476 kB
Buffers:          274656 kB
Cached:          4673316 kB
SwapCached:            0 kB
Active:          4432416 kB
Inactive:        3301516 kB
Active(anon):    2787452 kB
Inactive(anon):    47216 kB
Active(file):    1644964 kB
Inactive(file):  3254300 kB
Unevictable:           4 kB
Mlocked:               4 kB
SwapTotal:             0 kB
SwapFree:              0 kB
Dirty:               300 kB
Writeback:           732 kB
AnonPages:       2786464 kB
Mapped:           336628 kB
Shmem:             48628 kB
Slab:             286260 kB
SReclaimable:     222100 kB
SUnreclaim:        64160 kB
KernelStack:        4800 kB
PageTables:        59548 kB
NFS_Unstable:          0 kB
Bounce:                0 kB
WritebackTmp:          0 kB
CommitLimit:     4092984 kB
Committed_AS:    9033032 kB
VmallocTotal:   34359738367 kB
VmallocUsed:       36920 kB
VmallocChunk:   34359619068 kB
DirectMap4k:      493056 kB
DirectMap2M:     7895040 kB


CPU:total 4 (4 cores per cpu, 1 threads per core) family 6 model 23 stepping 6, cmov, cx8, fxsr, mmx, sse, sse2, sse3, ssse3, sse4.1

/proc/cpuinfo:
processor	: 0
vendor_id	: GenuineIntel
cpu family	: 6
model		: 23
model name	: Intel(R) Core(TM)2 Extreme CPU X9650  @ 3.00GHz
stepping	: 6
cpu MHz		: 1998.000
cache size	: 6144 KB
physical id	: 0
siblings	: 4
core id		: 0
cpu cores	: 4
apicid		: 0
initial apicid	: 0
fpu		: yes
fpu_exception	: yes
cpuid level	: 10
wp		: yes
flags		: fpu vme de pse tsc msr pae mce cx8 apic sep mtrr pge mca cmov pat pse36 clflush dts acpi mmx fxsr sse sse2 ss ht tm pbe syscall nx lm constant_tsc arch_perfmon pebs bts rep_good nopl aperfmperf pni dtes64 monitor ds_cpl vmx est tm2 ssse3 cx16 xtpr pdcm sse4_1 lahf_lm dts tpr_shadow vnmi flexpriority
bogomips	: 6010.07
clflush size	: 64
cache_alignment	: 64
address sizes	: 36 bits physical, 48 bits virtual
power management:

processor	: 1
vendor_id	: GenuineIntel
cpu family	: 6
model		: 23
model name	: Intel(R) Core(TM)2 Extreme CPU X9650  @ 3.00GHz
stepping	: 6
cpu MHz		: 2997.000
cache size	: 6144 KB
physical id	: 0
siblings	: 4
core id		: 1
cpu cores	: 4
apicid		: 1
initial apicid	: 1
fpu		: yes
fpu_exception	: yes
cpuid level	: 10
wp		: yes
flags		: fpu vme de pse tsc msr pae mce cx8 apic sep mtrr pge mca cmov pat pse36 clflush dts acpi mmx fxsr sse sse2 ss ht tm pbe syscall nx lm constant_tsc arch_perfmon pebs bts rep_good nopl aperfmperf pni dtes64 monitor ds_cpl vmx est tm2 ssse3 cx16 xtpr pdcm sse4_1 lahf_lm dts tpr_shadow vnmi flexpriority
bogomips	: 6011.03
clflush size	: 64
cache_alignment	: 64
address sizes	: 36 bits physical, 48 bits virtual
power management:

processor	: 2
vendor_id	: GenuineIntel
cpu family	: 6
model		: 23
model name	: Intel(R) Core(TM)2 Extreme CPU X9650  @ 3.00GHz
stepping	: 6
cpu MHz		: 2997.000
cache size	: 6144 KB
physical id	: 0
siblings	: 4
core id		: 2
cpu cores	: 4
apicid		: 2
initial apicid	: 2
fpu		: yes
fpu_exception	: yes
cpuid level	: 10
wp		: yes
flags		: fpu vme de pse tsc msr pae mce cx8 apic sep mtrr pge mca cmov pat pse36 clflush dts acpi mmx fxsr sse sse2 ss ht tm pbe syscall nx lm constant_tsc arch_perfmon pebs bts rep_good nopl aperfmperf pni dtes64 monitor ds_cpl vmx est tm2 ssse3 cx16 xtpr pdcm sse4_1 lahf_lm dts tpr_shadow vnmi flexpriority
bogomips	: 6011.06
clflush size	: 64
cache_alignment	: 64
address sizes	: 36 bits physical, 48 bits virtual
power management:

processor	: 3
vendor_id	: GenuineIntel
cpu family	: 6
model		: 23
model name	: Intel(R) Core(TM)2 Extreme CPU X9650  @ 3.00GHz
stepping	: 6
cpu MHz		: 1998.000
cache size	: 6144 KB
physical id	: 0
siblings	: 4
core id		: 3
cpu cores	: 4
apicid		: 3
initial apicid	: 3
fpu		: yes
fpu_exception	: yes
cpuid level	: 10
wp		: yes
flags		: fpu vme de pse tsc msr pae mce cx8 apic sep mtrr pge mca cmov pat pse36 clflush dts acpi mmx fxsr sse sse2 ss ht tm pbe syscall nx lm constant_tsc arch_perfmon pebs bts rep_good nopl aperfmperf pni dtes64 monitor ds_cpl vmx est tm2 ssse3 cx16 xtpr pdcm sse4_1 lahf_lm dts tpr_shadow vnmi flexpriority
bogomips	: 6011.05
clflush size	: 64
cache_alignment	: 64
address sizes	: 36 bits physical, 48 bits virtual
power management:



Memory: 4k page, physical 8185972k(55476k free), swap 0k(0k free)

vm_info: Java HotSpot(TM) 64-Bit Server VM (20.12-b01) for linux-amd64 JRE (1.6.0_37-b06), built on Sep 24 2012 11:47:45 by "java_re" with gcc 3.2.2 (SuSE Linux)

time: Fri Jan 11 16:22:29 2013
elapsed time: 181 seconds

